2005 Hilbert basis elements
292 extreme rays
171 support hyperplanes

embedding dimension = 10
rank = 10 (maximal)
external index = 1

size of partial triangulation   = 2981
resulting sum of |det|s = 58529

No implicit grading found

rank of class group = 161
class group is free

***********************************************************************

2005 Hilbert basis elements:
  1  1  1  1  1  0  0  0  0  0
  1  1  1  1  1  1  1  1  0  0
  1  1  1  1  1  1  1  1  1  0
  1  1  1  1  1  1  1  1  1  1
  2  1  1  1  1  1  1  1  1  0
  2  1  1  1  1  1  1  1  1  1
  2  2  1  1  1  1  1  1  0  0
  2  2  1  1  1  1  1  1  1  0
  2  2  1  1  1  1  1  1  1  1
  2  2  2  1  1  1  1  0  0  0
  2  2  2  1  1  1  1  1  1  0
  2  2  2  1  1  1  1  1  1  1
  2  2  2  2  1  1  1  1  1  0
  2  2  2  2  1  1  1  1  1  1
  2  2  2  2  2  2  1  1  1  0
  2  2  2  2  2  2  1  1  1  1
  2  2  2  2  2  2  2  1  0  0
  2  2  2  2  2  2  2  1  1  0
  2  2  2  2  2  2  2  1  1  1
  3  2  2  2  1  1  1  1  1  1
  3  2  2  2  2  2  1  1  0  0
  3  2  2  2  2  2  1  1  1  0
  3  2  2  2  2  2  1  1  1  1
  3  2  2  2  2  2  2  0  0  0
  3  2  2  2  2  2  2  1  0  0
  3  2  2  2  2  2  2  1  1  0
  3  2  2  2  2  2  2  1  1  1
  3  2  2  2  2  2  2  2  0  0
  3  3  2  1  1  1  1  1  1  1
  3  3  2  2  1  1  1  1  1  0
  3  3  2  2  1  1  1  1  1  1
  3  3  2  2  2  2  1  1  1  0
  3  3  2  2  2  2  1  1  1  1
  3  3  2  2  2  2  2  1  1  0
  3  3  2  2  2  2  2  1  1  1
  3  3  3  1  1  1  1  1  1  0
  3  3  3  2  1  1  1  1  1  1
  3  3  3  2  2  2  1  1  1  0
  3  3  3  2  2  2  1  1  1  1
  3  3  3  2  2  2  2  2  0  0
  3  3  3  3  2  2  1  1  1  0
  3  3  3  3  2  2  1  1  1  1
  3  3  3  3  2  2  2  1  1  0
  3  3  3  3  2  2  2  1  1  1
  3  3  3  3  2  2  2  2  0  0
  3  3  3  3  3  3  1  1  1  0
  3  3  3  3  3  3  1  1  1  1
  3  3  3  3  3  3  2  1  1  0
  3  3  3  3  3  3  2  1  1  1
  3  3  3  3  3  3  2  2  0  0
  3  3  3  3  3  3  3  1  1  0
  3  3  3  3  3  3  3  1  1  1
  4  2  2  2  2  2  2  2  1  1
  4  3  2  2  2  2  2  1  1  1
  4  3  3  2  2  2  1  1  1  1
  4  3  3  2  2  2  2  2  0  0
  4  3  3  2  2  2  2  2  1  0
  4  3  3  2  2  2  2  2  1  1
  4  3  3  3  2  2  1  1  1  0
  4  3  3  3  2  2  1  1  1  1
  4  3  3  3  2  2  2  1  0  0
  4  3  3  3  2  2  2  1  1  0
  4  3  3  3  2  2  2  1  1  1
  4  3  3  3  2  2  2  2  0  0
  4  3  3  3  2  2  2  2  1  0
  4  3  3  3  3  3  1  1  1  0
  4  3  3  3  3  3  1  1  1  1
  4  3  3  3  3  3  2  1  1  0
  4  3  3  3  3  3  2  1  1  1
  4  4  2  2  2  2  1  1  1  1
  4  4  2  2  2  2  2  1  1  0
  4  4  2  2  2  2  2  1  1  1
  4  4  3  2  2  2  1  1  1  0
  4  4  3  2  2  2  1  1  1  1
  4  4  3  3  2  2  1  1  0  0
  4  4  3  3  2  2  1  1  1  0
  4  4  3  3  2  2  1  1  1  1
  4  4  3  3  2  2  2  1  1  0
  4  4  3  3  2  2  2  1  1  1
  4  4  3  3  2  2  2  2  0  0
  4  4  3  3  3  2  2  1  0  0
  4  4  3  3  3  3  1  1  1  0
  4  4  3  3  3  3  1  1  1  1
  4  4  3  3  3  3  2  1  1  0
  4  4  3  3  3  3  2  1  1  1
  4  4  3  3  3  3  2  2  0  0
  4  4  3  3  3  3  3  1  1  0
  4  4  3  3  3  3  3  1  1  1
  4  4  4  2  2  2  1  1  1  1
  4  4  4  2  2  2  2  2  1  1
  4  4  4  3  2  2  1  1  1  0
  4  4  4  3  2  2  1  1  1  1
  4  4  4  3  2  2  2  2  1  0
  4  4  4  3  3  3  1  1  1  0
  4  4  4  3  3  3  1  1  1  1
  4  4  4  3  3  3  2  2  0  0
  4  4  4  4  2  2  1  1  1  1
  4  4  4  4  2  2  2  1  1  0
  4  4  4  4  2  2  2  1  1  1
  4  4  4  4  2  2  2  2  1  0
  4  4  4  4  2  2  2  2  1  1
  4  4  4  4  3  3  1  1  1  0
  4  4  4  4  3  3  1  1  1  1
  4  4  4  4  3  3  2  1  0  0
  4  4  4  4  3  3  2  1  1  0
  4  4  4  4  3  3  2  1  1  1
  4  4  4  4  3  3  2  2  0  0
  4  4  4  4  3  3  3  1  1  0
  4  4  4  4  3  3  3  1  1  1
  4  4  4  4  3  3  3  2  0  0
  4  4  4  4  4  4  1  1  1  1
  4  4  4  4  4  4  2  1  1  0
  4  4  4  4  4  4  2  1  1  1
  4  4  4  4  4  4  3  1  1  0
  4  4  4  4  4  4  3  1  1  1
  4  4  4  4  4  4  4  1  1  0
  4  4  4  4  4  4  4  1  1  1
  5  3  3  2  2  2  2  2  2  2
  5  3  3  3  3  3  2  1  1  1
  5  3  3  3  3  3  3  2  0  0
  5  3  3  3  3  3  3  3  0  0
  5  4  2  2  2  2  2  2  2  2
  5  4  3  3  3  3  1  1  1  1
  5  4  3  3  3  3  2  1  1  0
  5  4  3  3  3  3  2  1  1  1
  5  4  4  2  2  2  2  2  1  1
  5  4  4  2  2  2  2  2  2  2
  5  4  4  3  2  2  2  2  1  0
  5  4  4  3  2  2  2  2  1  1
  5  4  4  3  2  2  2  2  2  0
  5  4  4  3  3  3  1  1  1  0
  5  4  4  3  3  3  1  1  1  1
  5  4  4  3  3  3  2  2  0  0
  5  4  4  4  2  2  1  1  1  1
  5  4  4  4  2  2  2  1  1  0
  5  4  4  4  2  2  2  1  1  1
  5  4  4  4  2  2  2  2  0  0
  5  4  4  4  2  2  2  2  1  0
  5  4  4  4  2  2  2  2  1  1
  5  4  4  4  2  2  2  2  2  0
  5  4  4  4  3  3  1  1  1  0
  5  4  4  4  3  3  1  1  1  1
  5  4  4  4  3  3  2  1  1  0
  5  4  4  4  3  3  2  1  1  1
  5  4  4  4  3  3  2  2  0  0
  5  4  4  4  3  3  3  1  0  0
  5  4  4  4  4  4  1  1  1  1
  5  4  4  4  4  4  2  1  1  0
  5  4  4  4  4  4  2  1  1  1
  5  5  2  2  2  2  2  2  2  1
  5  5  2  2  2  2  2  2  2  2
  5  5  3  2  2  2  2  2  2  0
  5  5  3  3  2  2  2  1  1  1
  5  5  3  3  3  3  1  1  1  0
  5  5  3  3  3  3  1  1  1  1
  5  5  3  3  3  3  2  1  1  0
  5  5  3  3  3  3  2  1  1  1
  5  5  3  3  3  3  3  1  1  0
  5  5  3  3  3  3  3  1  1  1
  5  5  4  2  2  2  2  2  1  1
  5  5  4  3  2  2  1  1  1  1
  5  5  4  3  2  2  2  2  1  0
  5  5  4  3  3  3  1  1  1  1
  5  5  4  3  3  3  2  2  0  0
  5  5  4  4  2  2  2  1  1  1
  5  5  4  4  2  2  2  2  1  0
  5  5  4  4  2  2  2  2  1  1
  5  5  4  4  3  3  1  1  1  1
  5  5  4  4  3  3  2  1  1  0
  5  5  4  4  3  3  2  1  1  1
  5  5  4  4  3  3  3  1  1  0
  5  5  4  4  3  3  3  1  1  1
  5  5  4  4  3  3  3  2  0  0
  5  5  4  4  4  4  1  1  1  1
  5  5  4  4  4  4  2  1  1  0
  5  5  4  4  4  4  2  1  1  1
  5  5  4  4  4  4  2  2  0  0
  5  5  4  4  4  4  3  1  0  0
  5  5  4  4  4  4  3  1  1  0
  5  5  4  4  4  4  3  1  1  1
  5  5  4  4  4  4  3  2  0  0
  5  5  4  4  4  4  4  1  1  0
  5  5  4  4  4  4  4  1  1  1
  5  5  4  4  4  4  4  2  0  0
  5  5  5  2  2  2  2  2  1  1
  5  5  5  2  2  2  2  2  2  2
  5  5  5  3  2  2  2  2  1  0
  5  5  5  3  2  2  2  2  1  1
  5  5  5  3  3  3  2  2  1  0
  5  5  5  3  3  3  3  3  0  0
  5  5  5  4  2  2  2  2  1  1
  5  5  5  4  2  2  2  2  2  0
  5  5  5  4  3  3  1  1  1  1
  5  5  5  4  3  3  2  2  0  0
  5  5  5  4  3  3  3  3  0  0
  5  5  5  4  4  4  1  1  1  1
  5  5  5  5  2  2  2  2  1  1
  5  5  5  5  2  2  2  2  2  0
  5  5  5  5  2  2  2  2  2  1
  5  5  5  5  2  2  2  2  2  2
  5  5  5  5  3  3  1  1  1  1
  5  5  5  5  3  3  2  1  1  0
  5  5  5  5  3  3  2  1  1  1
  5  5  5  5  3  3  2  2  0  0
  5  5  5  5  3  3  2  2  1  0
  5  5  5  5  3  3  3  1  1  0
  5  5  5  5  3  3  3  1  1  1
  5  5  5  5  3  3  3  3  0  0
  5  5  5  5  4  4  1  1  1  1
  5  5  5  5  4  4  2  1  1  0
  5  5  5  5  4  4  2  1  1  1
  5  5  5  5  4  4  3  1  1  0
  5  5  5  5  4  4  3  1  1  1
  5  5  5  5  4  4  4  1  1  0
  5  5  5  5  4  4  4  1  1  1
  5  5  5  5  4  4  4  2  0  0
  5  5  5  5  5  5  2  1  1  1
  5  5  5  5  5  5  2  2  1  0
  5  5  5  5  5  5  3  1  1  0
  5  5  5  5  5  5  3  1  1  1
  5  5  5  5  5  5  3  3  0  0
  5  5  5  5  5  5  4  1  1  1
  5  5  5  5  5  5  5  1  1  1
  6  3  3  3  3  3  3  2  2  2
  6  4  3  3  3  3  2  2  2  2
  6  4  4  4  3  3  3  3  0  0
  6  4  4  4  4  4  1  1  1  1
  6  4  4  4  4  4  2  1  1  0
  6  4  4  4  4  4  2  1  1  1
  6  5  4  4  3  3  2  1  1  1
  6  5  4  4  4  4  2  1  1  0
  6  5  4  4  4  4  2  1  1  1
  6  5  4  4  4  4  3  2  0  0
  6  5  5  2  2  2  2  2  2  2
  6  5  5  3  2  2  2  2  2  2
  6  5  5  3  3  3  2  2  1  1
  6  5  5  4  2  2  2  2  1  1
  6  5  5  4  2  2  2  2  2  0
  6  5  5  4  2  2  2  2  2  1
  6  5  5  4  3  3  1  1  1  1
  6  5  5  4  3  3  2  2  0  0
  6  5  5  4  3  3  2  2  1  0
  6  5  5  4  3  3  3  3  0  0
  6  5  5  4  4  4  1  1  1  1
  6  5  5  4  4  4  2  2  0  0
  6  5  5  4  4  4  3  1  0  0
  6  5  5  5  2  2  2  2  2  1
  6  5  5  5  2  2  2  2  2  2
  6  5  5  5  3  3  1  1  1  0
  6  5  5  5  3  3  1  1  1  1
  6  5  5  5  3  3  2  1  1  0
  6  5  5  5  3  3  2  1  1  1
  6  5  5  5  3  3  2  2  1  0
  6  5  5  5  3  3  3  1  1  0
  6  5  5  5  3  3  3  1  1  1
  6  5  5  5  3  3  3  2  0  0
  6  5  5  5  4  4  1  1  1  1
  6  5  5  5  4  4  2  1  1  0
  6  5  5  5  4  4  2  1  1  1
  6  5  5  5  4  4  3  2  0  0
  6  5  5  5  5  5  2  1  1  1
  6  6  3  3  2  2  2  2  2  2
  6  6  3  3  3  3  2  2  2  0
  6  6  3  3  3  3  3  1  1  1
  6  6  4  4  2  2  2  2  1  1
  6  6  4  4  3  3  1  1  1  1
  6  6  4  4  3  3  2  1  1  0
  6  6  4  4  3  3  2  1  1  1
  6  6  4  4  3  3  3  1  1  0
  6  6  4  4  3  3  3  1  1  1
  6  6  4  4  4  4  2  1  1  1
  6  6  4  4  4  4  3  1  1  0
  6  6  4  4  4  4  3  1  1  1
  6  6  4  4  4  4  4  1  1  0
  6  6  4  4  4  4  4  1  1  1
  6  6  5  3  2  2  2  2  1  1
  6  6  5  3  3  3  2  2  1  0
  6  6  5  5  2  2  2  2  2  2
  6  6  5  5  3  3  2  1  1  0
  6  6  5  5  3  3  2  1  1  1
  6  6  5  5  3  3  3  1  1  0
  6  6  5  5  3  3  3  1  1  1
  6  6  5  5  3  3  3  3  0  0
  6  6  5  5  4  4  1  1  1  1
  6  6  5  5  4  4  2  1  1  0
  6  6  5  5  4  4  2  1  1  1
  6  6  5  5  4  4  2  2  0  0
  6  6  5  5  4  4  3  1  1  0
  6  6  5  5  4  4  3  1  1  1
  6  6  5  5  4  4  4  1  0  0
  6  6  5  5  4  4  4  1  1  0
  6  6  5  5  4  4  4  1  1  1
  6  6  5  5  4  4  4  2  0  0
  6  6  5  5  5  5  2  1  1  1
  6  6  5  5  5  5  2  2  1  0
  6  6  5  5  5  5  3  1  1  0
  6  6  5  5  5  5  3  1  1  1
  6  6  5  5  5  5  4  1  1  0
  6  6  5  5  5  5  4  1  1  1
  6  6  5  5  5  5  5  1  1  0
  6  6  5  5  5  5  5  1  1  1
  6  6  6  3  3  3  2  2  1  0
  6  6  6  3  3  3  2  2  1  1
  6  6  6  4  3  3  2  2  1  0
  6  6  6  4  3  3  2  2  1  1
  6  6  6  4  4  4  2  2  1  0
  6  6  6  4  4  4  2  2  1  1
  6  6  6  4  4  4  3  3  0  0
  6  6  6  5  2  2  2  2  2  2
  6  6  6  5  3  3  2  2  1  0
  6  6  6  5  3  3  2  2  1  1
  6  6  6  5  3  3  3  3  0  0
  6  6  6  5  3  3  3  3  1  0
  6  6  6  5  4  4  1  1  1  1
  6  6  6  5  4  4  2  2  0  0
  6  6  6  5  4  4  2  2  1  0
  6  6  6  5  5  5  2  2  1  0
  6  6  6  5  5  5  3  3  0  0
  6  6  6  5  5  5  4  2  0  0
  6  6  6  6  3  3  2  1  1  1
  6  6  6  6  3  3  2  2  1  0
  6  6  6  6  3  3  2  2  1  1
  6  6  6  6  3  3  2  2  2  0
  6  6  6  6  3  3  3  1  1  1
  6  6  6  6  3  3  3  2  1  0
  6  6  6  6  3  3  3  2  1  1
  6  6  6  6  3  3  3  3  1  0
  6  6  6  6  4  4  1  1  1  1
  6  6  6  6  4  4  2  1  1  1
  6  6  6  6  4  4  2  2  1  0
  6  6  6  6  4  4  3  1  1  0
  6  6  6  6  4  4  3  1  1  1
  6  6  6  6  4  4  3  2  0  0
  6  6  6  6  4  4  4  1  1  0
  6  6  6  6  4  4  4  1  1  1
  6  6  6  6  4  4  4  3  0  0
  6  6  6  6  5  5  2  1  1  1
  6  6  6  6  5  5  2  2  1  0
  6  6  6  6  5  5  3  1  1  1
  6  6  6  6  5  5  3  3  0  0
  6  6  6  6  5  5  4  1  1  0
  6  6  6  6  5  5  4  1  1  1
  6  6  6  6  5  5  5  1  1  1
  6  6  6  6  6  6  2  2  1  1
  6  6  6  6  6  6  3  1  1  1
  6  6  6  6  6  6  4  1  1  1
  6  6  6  6  6  6  5  1  1  1
  6  6  6  6  6  6  6  1  1  1
  7  4  3  3  3  3  3  3  3  3
  7  4  4  4  4  4  2  2  2  2
  7  4  4  4  4  4  4  4  0  0
  7  5  5  5  4  4  2  1  1  1
  7  5  5  5  5  5  2  1  1  1
  7  6  5  5  2  2  2  2  2  2
  7  6  5  5  3  3  3  1  1  1
  7  6  5  5  4  4  1  1  1  1
  7  6  5  5  4  4  2  1  1  0
  7  6  5  5  4  4  2  1  1  1
  7  6  5  5  5  5  2  1  1  1
  7  6  6  3  3  3  2  2  2  2
  7  6  6  3  3  3  3  3  1  1
  7  6  6  4  2  2  2  2  2  2
  7  6  6  4  3  3  2  2  1  1
  7  6  6  4  4  4  2  2  0  0
  7  6  6  4  4  4  2  2  1  0
  7  6  6  4  4  4  3  3  0  0
  7  6  6  5  3  3  2  2  1  0
  7  6  6  5  3  3  2  2  1  1
  7  6  6  5  3  3  2  2  2  0
  7  6  6  5  5  5  3  2  0  0
  7  6  6  6  3  3  2  2  1  1
  7  6  6  6  3  3  2  2  2  0
  7  6  6  6  3  3  3  1  1  1
  7  6  6  6  3  3  3  2  1  0
  7  6  6  6  3  3  3  2  1  1
  7  6  6  6  4  4  2  1  1  1
  7  6  6  6  4  4  3  1  1  0
  7  6  6  6  4  4  3  3  0  0
  7  6  6  6  4  4  4  2  0  0
  7  6  6  6  5  5  2  1  1  1
  7  6  6  6  6  6  4  3  0  0
  7  7  3  3  3  3  3  2  2  2
  7  7  3  3  3  3  3  3  3  0
  7  7  4  4  4  4  2  1  1  1
  7  7  4  4  4  4  3  1  1  1
  7  7  4  4  4  4  4  1  1  1
  7  7  5  4  4  4  2  2  1  0
  7  7  5  5  3  3  2  1  1  1
  7  7  5  5  3  3  3  1  1  0
  7  7  5  5  3  3  3  1  1  1
  7  7  5  5  3  3  3  2  1  0
  7  7  5  5  4  4  2  1  1  1
  7  7  5  5  4  4  3  1  1  0
  7  7  5  5  4  4  3  1  1  1
  7  7  5  5  4  4  3  2  0  0
  7  7  5  5  4  4  4  1  1  0
  7  7  5  5  4  4  4  1  1  1
  7  7  5  5  5  4  4  2  0  0
  7  7  5  5  5  5  2  1  1  1
  7  7  5  5  5  5  2  2  1  0
  7  7  5  5  5  5  3  1  1  1
  7  7  5  5  5  5  4  1  1  0
  7  7  5  5  5  5  4  1  1  1
  7  7  5  5  5  5  5  1  1  0
  7  7  5  5  5  5  5  1  1  1
  7  7  6  3  3  3  2  2  1  1
  7  7  6  4  3  3  2  2  1  1
  7  7  6  4  4  4  2  2  1  0
  7  7  6  4  4  4  2  2  1  1
  7  7  6  5  3  3  3  3  1  0
  7  7  6  5  4  4  2  1  1  0
  7  7  6  5  5  5  2  2  1  0
  7  7  6  5  5  5  3  3  0  0
  7  7  6  6  3  3  3  2  1  1
  7  7  6  6  3  3  3  3  1  0
  7  7  6  6  4  4  2  1  1  1
  7  7  6  6  4  4  3  1  1  0
  7  7  6  6  4  4  3  1  1  1
  7  7  6  6  4  4  3  2  0  0
  7  7  6  6  4  4  4  1  1  0
  7  7  6  6  4  4  4  1  1  1
  7  7  6  6  4  4  4  2  0  0
  7  7  6  6  4  4  4  3  0  0
  7  7  6  6  5  5  2  1  1  1
  7  7  6  6  5  5  3  1  1  0
  7  7  6  6  5  5  3  1  1  1
  7  7  6  6  5  5  3  2  0  0
  7  7  6  6  5  5  4  1  1  0
  7  7  6  6  5  5  4  1  1  1
  7  7  6  6  5  5  4  2  0  0
  7  7  6  6  5  5  5  1  1  0
  7  7  6  6  5  5  5  1  1  1
  7  7  6  6  6  5  5  2  0  0
  7  7  6  6  6  6  2  2  1  1
  7  7  6  6  6  6  3  1  1  1
  7  7  6  6  6  6  3  2  1  0
  7  7  6  6  6  6  4  1  1  1
  7  7  6  6  6  6  5  1  1  0
  7  7  6  6  6  6  5  1  1  1
  7  7  6  6  6  6  6  1  1  1
  7  7  7  4  3  3  3  3  1  1
  7  7  7  4  4  4  2  2  1  1
  7  7  7  5  3  3  3  3  1  0
  7  7  7  5  3  3  3  3  1  1
  7  7  7  5  4  4  2  2  1  0
  7  7  7  5  4  4  2  2  1  1
  7  7  7  5  4  4  3  3  0  0
  7  7  7  5  4  4  4  4  0  0
  7  7  7  5  5  5  2  2  1  0
  7  7  7  5  5  5  2  2  1  1
  7  7  7  5  5  5  3  3  0  0
  7  7  7  6  3  3  2  2  2  1
  7  7  7  6  3  3  3  3  1  0
  7  7  7  6  3  3  3  3  1  1
  7  7  7  6  3  3  3  3  2  0
  7  7  7  6  4  4  2  2  1  0
  7  7  7  6  4  4  2  2  1  1
  7  7  7  6  4  4  3  3  0  0
  7  7  7  6  5  5  2  2  1  0
  7  7  7  6  5  5  3  2  0  0
  7  7  7  6  6  6  2  2  1  1
  7  7  7  6  6  6  3  3  0  0
  7  7  7  7  3  3  2  2  2  2
  7  7  7  7  3  3  3  2  2  1
  7  7  7  7  3  3  3  2  2  2
  7  7  7  7  3  3  3  3  1  1
  7  7  7  7  4  4  1  1  1  1
  7  7  7  7  4  4  2  1  1  1
  7  7  7  7  4  4  2  2  1  1
  7  7  7  7  4  4  2  2  2  0
  7  7  7  7  4  4  3  1  1  1
  7  7  7  7  4  4  3  2  1  0
  7  7  7  7  4  4  4  1  1  1
  7  7  7  7  4  4  4  2  1  0
  7  7  7  7  5  5  2  1  1  1
  7  7  7  7  5  5  3  1  1  1
  7  7  7  7  5  5  3  3  0  0
  7  7  7  7  5  5  4  1  1  1
  7  7  7  7  5  5  5  1  1  0
  7  7  7  7  5  5  5  1  1  1
  7  7  7  7  5  5  5  3  0  0
  7  7  7  7  6  6  2  2  1  1
  7  7  7  7  6  6  3  1  1  1
  7  7  7  7  6  6  4  1  1  1
  7  7  7  7  6  6  5  1  1  1
  7  7  7  7  6  6  6  1  1  1
  7  7  7  7  7  7  3  2  1  1
  7  7  7  7  7  7  4  4  0  0
  7  7  7  7  7  7  5  1  1  1
  8  4  4  4  4  4  3  3  3  3
  8  6  5  5  5  5  2  2  2  0
  8  6  6  6  3  3  3  3  2  0
  8  6  6  6  3  3  3  3  3  0
  8  6  6  6  5  5  2  1  1  1
  8  7  5  5  5  5  2  1  1  1
  8  7  6  5  5  5  2  1  1  1
  8  7  6  5  5  5  2  2  1  0
  8  7  6  6  3  3  3  2  1  1
  8  7  6  6  4  4  2  1  1  1
  8  7  6  6  4  4  3  1  1  0
  8  7  6  6  4  4  3  1  1  1
  8  7  6  6  4  4  4  1  1  0
  8  7  6  6  5  5  2  1  1  1
  8  7  6  6  5  5  3  1  1  0
  8  7  6  6  5  5  3  2  0  0
  8  7  7  3  3  3  3  3  2  2
  8  7  7  4  3  3  2  2  2  2
  8  7  7  4  3  3  3  3  1  1
  8  7  7  4  4  4  2  2  1  1
  8  7  7  5  3  3  2  2  2  2
  8  7  7  5  3  3  3  3  1  1
  8  7  7  5  4  4  2  2  1  0
  8  7  7  5  4  4  2  2  1  1
  8  7  7  5  5  5  2  2  1  0
  8  7  7  5  5  5  2  2  1  1
  8  7  7  6  3  3  3  3  2  0
  8  7  7  6  4  4  2  2  1  0
  8  7  7  6  4  4  2  2  1  1
  8  7  7  6  4  4  3  3  0  0
  8  7  7  6  5  5  2  2  1  0
  8  7  7  6  6  6  3  3  0  0
  8  7  7  6  6  6  4  2  0  0
  8  7  7  7  3  3  3  2  2  2
  8  7  7  7  3  3  3  3  2  1
  8  7  7  7  3  3  3  3  3  0
  8  7  7  7  4  4  2  2  1  0
  8  7  7  7  4  4  2  2  1  1
  8  7  7  7  4  4  3  1  1  1
  8  7  7  7  4  4  3  2  1  0
  8  7  7  7  4  4  4  1  1  1
  8  7  7  7  4  4  4  3  0  0
  8  7  7  7  5  5  2  1  1  1
  8  7  7  7  5  5  2  2  1  0
  8  7  7  7  5  5  5  2  0  0
  8  8  3  3  3  3  3  3  3  3
  8  8  5  5  3  3  2  2  2  2
  8  8  5  5  4  4  3  1  1  1
  8  8  5  5  4  4  4  1  1  1
  8  8  5  5  5  5  2  2  1  1
  8  8  5  5  5  5  3  1  1  1
  8  8  5  5  5  5  3  2  1  0
  8  8  5  5  5  5  4  1  1  1
  8  8  5  5  5  5  5  1  1  1
  8  8  6  4  4  4  2  2  1  1
  8  8  6  5  3  3  3  3  1  1
  8  8  6  5  5  5  2  2  1  0
  8  8  6  5  5  5  2  2  1  1
  8  8  6  6  3  3  2  2  2  2
  8  8  6  6  3  3  3  3  1  1
  8  8  6  6  4  4  3  1  1  1
  8  8  6  6  4  4  4  1  1  1
  8  8  6  6  5  5  3  1  1  1
  8  8  6  6  5  5  4  1  1  0
  8  8  6  6  5  5  4  1  1  1
  8  8  6  6  5  5  4  2  0  0
  8  8  6  6  5  5  5  1  1  0
  8  8  6  6  5  5  5  1  1  1
  8  8  6  6  6  5  5  2  0  0
  8  8  6  6  6  6  2  2  1  1
  8  8  6  6  6  6  3  1  1  1
  8  8  6  6  6  6  3  2  1  0
  8  8  6  6  6  6  4  1  1  1
  8  8  6  6  6  6  4  3  0  0
  8  8  6  6  6  6  5  1  1  0
  8  8  6  6  6  6  5  1  1  1
  8  8  6  6  6  6  6  1  1  0
  8  8  6  6  6  6  6  1  1  1
  8  8  6  6  6  6  6  3  0  0
  8  8  7  5  3  3  3  3  1  1
  8  8  7  5  5  5  2  2  1  1
  8  8  7  5  5  5  3  3  0  0
  8  8  7  6  4  4  2  1  1  1
  8  8  7  6  6  6  2  2  1  1
  8  8  7  6  6  6  3  3  0  0
  8  8  7  6  6  6  4  2  0  0
  8  8  7  7  3  3  3  2  2  2
  8  8  7  7  4  4  2  2  2  0
  8  8  7  7  4  4  3  1  1  1
  8  8  7  7  4  4  4  1  1  1
  8  8  7  7  4  4  4  2  1  0
  8  8  7  7  4  4  4  3  0  0
  8  8  7  7  5  5  2  1  1  1
  8  8  7  7  5  5  3  1  1  0
  8  8  7  7  5  5  3  1  1  1
  8  8  7  7  5  5  4  1  1  0
  8  8  7  7  5  5  4  1  1  1
  8  8  7  7  5  5  4  2  0  0
  8  8  7  7  5  5  5  1  1  0
  8  8  7  7  5  5  5  1  1  1
  8  8  7  7  5  5  5  2  0  0
  8  8  7  7  6  6  3  1  1  1
  8  8  7  7  6  6  3  3  0  0
  8  8  7  7  6  6  4  1  1  0
  8  8  7  7  6  6  4  1  1  1
  8  8  7  7  6  6  4  2  0  0
  8  8  7  7  6  6  5  1  1  0
  8  8  7  7  6  6  5  1  1  1
  8  8  7  7  6  6  5  2  0  0
  8  8  7  7  6  6  6  1  1  0
  8  8  7  7  6  6  6  1  1  1
  8  8  7  7  7  7  3  2  1  1
  8  8  7  7  7  7  4  1  1  1
  8  8  7  7  7  7  5  1  1  1
  8  8  7  7  7  7  6  1  1  1
  8  8  7  7  7  7  7  1  1  1
  8  8  8  3  3  3  3  3  3  3
  8  8  8  4  4  4  3  3  1  1
  8  8  8  5  4  4  3  3  1  1
  8  8  8  5  5  5  2  2  1  1
  8  8  8  5  5  5  2  2  2  0
  8  8  8  5  5  5  3  3  0  0
  8  8  8  5  5  5  3  3  1  0
  8  8  8  5  5  5  4  4  0  0
  8  8  8  6  4  4  2  2  1  1
  8  8  8  6  5  5  2  2  1  0
  8  8  8  6  5  5  2  2  1  1
  8  8  8  6  5  5  3  3  0  0
  8  8  8  6  6  6  2  2  1  1
  8  8  8  7  4  4  2  2  1  1
  8  8  8  7  4  4  2  2  2  0
  8  8  8  7  4  4  3  3  1  0
  8  8  8  7  5  5  2  2  1  1
  8  8  8  7  5  5  3  3  0  0
  8  8  8  7  6  6  2  2  1  1
  8  8  8  7  7  7  3  3  1  0
  8  8  8  7  7  7  4  2  1  0
  8  8  8  7  7  7  5  3  0  0
  8  8  8  8  3  3  3  3  3  2
  8  8  8  8  3  3  3  3  3  3
  8  8  8  8  4  4  2  2  2  1
  8  8  8  8  4  4  3  2  1  1
  8  8  8  8  4  4  3  3  1  1
  8  8  8  8  4  4  4  2  1  1
  8  8  8  8  4  4  4  3  1  0
  8  8  8  8  4  4  4  3  1  1
  8  8  8  8  4  4  4  4  1  0
  8  8  8  8  5  5  3  1  1  1
  8  8  8  8  5  5  4  1  1  1
  8  8  8  8  5  5  4  3  0  0
  8  8  8  8  5  5  5  1  1  1
  8  8  8  8  5  5  5  2  1  0
  8  8  8  8  5  5  5  3  0  0
  8  8  8  8  5  5  5  4  0  0
  8  8  8  8  6  6  2  2  1  1
  8  8  8  8  6  6  3  1  1  1
  8  8  8  8  6  6  4  1  1  1
  8  8  8  8  6  6  5  1  1  1
  8  8  8  8  6  6  6  1  1  1
  8  8  8  8  6  6  6  3  0  0
  8  8  8  8  7  7  3  3  1  0
  8  8  8  8  7  7  4  1  1  1
  8  8  8  8  7  7  4  4  0  0
  8  8  8  8  7  7  5  1  1  1
  8  8  8  8  7  7  6  1  1  1
  8  8  8  8  8  8  3  3  1  1
  8  8  8  8  8  8  4  2  1  1
  9  4  4  4  4  4  4  4  4  4
  9  6  6  6  6  6  2  2  2  0
  9  7  6  6  6  6  2  2  1  1
  9  7  6  6  6  6  2  2  2  0
  9  7  6  6  6  6  3  1  1  1
  9  7  7  7  3  3  3  2  2  2
  9  7  7  7  3  3  3  3  2  1
  9  7  7  7  3  3  3  3  2  2
  9  7  7  7  3  3  3  3  3  0
  9  7  7  7  3  3  3  3  3  1
  9  7  7  7  4  4  4  1  1  1
  9  7  7  7  5  5  2  1  1  1
  9  8  6  6  6  6  2  2  1  1
  9  8  6  6  6  6  3  1  1  1
  9  8  6  6  6  6  3  2  1  0
  9  8  7  5  5  5  2  2  1  1
  9  8  7  6  6  6  2  2  1  1
  9  8  7  7  3  3  3  3  2  2
  9  8  7  7  4  4  3  1  1  1
  9  8  7  7  4  4  4  1  1  1
  9  8  7  7  4  4  4  2  1  0
  9  8  7  7  5  5  3  1  1  1
  9  8  8  4  3  3  3  3  2  2
  9  8  8  4  4  4  2  2  2  2
  9  8  8  4  4  4  3  3  1  1
  9  8  8  5  3  3  3  3  2  2
  9  8  8  5  4  4  2  2  2  2
  9  8  8  5  4  4  3  3  1  1
  9  8  8  6  4  4  2  2  1  1
  9  8  8  6  4  4  3  3  1  0
  9  8  8  6  5  5  2  2  1  1
  9  8  8  6  5  5  3  3  0  0
  9  8  8  6  6  6  2  2  1  1
  9  8  8  6  6  6  3  3  0  0
  9  8  8  7  5  5  2  2  1  0
  9  8  8  7  5  5  2  2  1  1
  9  8  8  7  7  7  4  3  0  0
  9  8  8  8  3  3  3  3  3  2
  9  8  8  8  3  3  3  3  3  3
  9  8  8  8  4  4  3  3  2  0
  9  8  8  8  4  4  4  2  1  1
  9  8  8  8  5  5  2  2  1  1
  9  8  8  8  5  5  3  1  1  1
  9  8  8  8  5  5  3  2  1  0
  9  8  8  8  5  5  5  3  0  0
  9  8  8  8  8  8  5  4  0  0
  9  9  6  5  5  5  2  2  1  1
  9  9  6  6  3  3  3  2  2  2
  9  9  6  6  4  4  4  1  1  1
  9  9  6  6  5  5  4  1  1  1
  9  9  6  6  5  5  5  1  1  1
  9  9  6  6  6  6  4  1  1  1
  9  9  6  6  6  6  4  2  1  0
  9  9  6  6  6  6  5  1  1  1
  9  9  6  6  6  6  6  1  1  1
  9  9  7  6  6  6  2  2  1  1
  9  9  7  7  4  4  2  2  2  1
  9  9  7  7  4  4  2  2  2  2
  9  9  7  7  4  4  4  2  1  0
  9  9  7  7  4  4  4  2  1  1
  9  9  7  7  4  4  4  3  1  0
  9  9  7  7  5  5  2  2  2  0
  9  9  7  7  5  5  4  1  1  1
  9  9  7  7  5  5  5  1  1  1
  9  9  7  7  6  6  3  1  1  1
  9  9  7  7  6  6  4  1  1  0
  9  9  7  7  6  6  4  1  1  1
  9  9  7  7  6  6  5  1  1  0
  9  9  7  7  6  6  5  1  1  1
  9  9  7  7  6  6  5  2  0  0
  9  9  7  7  6  6  6  1  1  0
  9  9  7  7  6  6  6  1  1  1
  9  9  7  7  7  7  3  2  1  1
  9  9  7  7  7  7  4  1  1  1
  9  9  7  7  7  7  5  1  1  1
  9  9  7  7  7  7  6  1  1  1
  9  9  7  7  7  7  7  1  1  0
  9  9  7  7  7  7  7  1  1  1
  9  9  7  7  7  7  7  3  0  0
  9  9  8  5  5  5  3  3  1  0
  9  9  8  6  6  6  2  2  1  1
  9  9  8  6  6  6  2  2  2  0
  9  9  8  6  6  6  3  3  0  0
  9  9  8  7  5  5  2  2  2  0
  9  9  8  7  6  6  2  2  2  0
  9  9  8  7  6  6  3  3  0  0
  9  9  8  7  7  7  4  3  0  0
  9  9  8  8  3  3  3  3  3  3
  9  9  8  8  4  4  2  2  2  2
  9  9  8  8  4  4  4  2  1  1
  9  9  8  8  4  4  4  2  2  0
  9  9  8  8  4  4  4  3  1  0
  9  9  8  8  4  4  4  3  1  1
  9  9  8  8  4  4  4  4  1  0
  9  9  8  8  5  5  2  2  2  0
  9  9  8  8  5  5  3  1  1  1
  9  9  8  8  5  5  4  1  1  1
  9  9  8  8  5  5  4  3  0  0
  9  9  8  8  5  5  5  1  1  1
  9  9  8  8  5  5  5  2  1  0
  9  9  8  8  5  5  5  3  0  0
  9  9  8  8  6  6  2  2  2  0
  9  9  8  8  6  6  3  1  1  1
  9  9  8  8  6  6  4  1  1  1
  9  9  8  8  6  6  5  1  1  0
  9  9  8  8  6  6  5  1  1  1
  9  9  8  8  6  6  5  2  0  0
  9  9  8  8  6  6  6  1  1  1
  9  9  8  8  7  7  4  1  1  1
  9  9  8  8  7  7  5  1  1  0
  9  9  8  8  7  7  5  1  1  1
  9  9  8  8  7  7  6  1  1  1
  9  9  8  8  7  7  7  1  1  1
  9  9  8  8  8  8  5  1  1  1
  9  9  8  8  8  8  5  4  0  0
  9  9  8  8  8  8  6  1  1  1
  9  9  8  8  8  8  7  1  1  1
  9  9  9  5  3  3  3  3  3  3
  9  9  9  5  4  4  4  4  1  1
  9  9  9  5  5  5  2  2  2  2
  9  9  9  5  5  5  3  3  1  0
  9  9  9  5  5  5  3  3  1  1
  9  9  9  6  4  4  3  3  1  1
  9  9  9  6  4  4  4  4  1  1
  9  9  9  6  6  6  2  2  2  1
  9  9  9  6  6  6  3  3  1  0
  9  9  9  7  4  4  2  2  2  2
  9  9  9  7  4  4  3  3  1  1
  9  9  9  7  4  4  4  4  1  0
  9  9  9  7  5  5  2  2  1  1
  9  9  9  7  5  5  2  2  2  0
  9  9  9  7  5  5  4  4  0  0
  9  9  9  7  6  6  2  2  1  1
  9  9  9  7  7  7  3  3  1  0
  9  9  9  7  7  7  4  4  0  0
  9  9  9  8  4  4  4  3  2  0
  9  9  9  8  4  4  4  4  1  1
  9  9  9  8  5  5  2  2  1  1
  9  9  9  8  5  5  4  4  0  0
  9  9  9  8  5  5  5  4  0  0
  9  9  9  8  6  6  2  2  1  1
  9  9  9  8  7  7  4  3  0  0
  9  9  9  8  8  8  3  3  1  1
  9  9  9  8  8  8  4  3  1  0
  9  9  9  8  8  8  6  3  0  0
  9  9  9  9  4  4  4  2  2  2
  9  9  9  9  4  4  4  4  1  1
  9  9  9  9  5  5  3  2  1  1
  9  9  9  9  5  5  4  2  1  1
  9  9  9  9  5  5  5  2  1  1
  9  9  9  9  5  5  5  3  1  0
  9  9  9  9  6  6  2  2  1  1
  9  9  9  9  6  6  4  1  1  1
  9  9  9  9  6  6  5  1  1  1
  9  9  9  9  6  6  5  3  0  0
  9  9  9  9  6  6  6  1  1  1
  9  9  9  9  6  6  6  2  1  0
  9  9  9  9  7  7  3  3  1  0
  9  9  9  9  7  7  4  4  0  0
  9  9  9  9  7  7  5  1  1  1
  9  9  9  9  7  7  6  1  1  1
  9  9  9  9  7  7  7  1  1  1
  9  9  9  9  7  7  7  3  0  0
  9  9  9  9  8  8  3  3  1  1
  9  9  9  9  8  8  5  1  1  1
  9  9  9  9  9  9  4  3  1  1
  9  9  9  9  9  9  6  2  1  1
 10  8  7  7  6  6  2  2  2  0
 10  8  8  6  6  6  2  2  1  1
 10  8  8  7  3  3  3  3  3  2
 10  8  8  7  3  3  3  3  3  3
 10  8  8  7  6  6  2  2  1  1
 10  8  8  8  3  3  3  3  3  3
 10  8  8  8  4  4  3  3  2  0
 10  8  8  8  4  4  3  3  3  0
 10  8  8  8  4  4  4  2  1  1
 10  8  8  8  5  5  2  2  1  1
 10  8  8  8  5  5  3  1  1  1
 10  8  8  8  5  5  4  1  1  1
 10  8  8  8  6  6  2  2  1  1
 10  8  8  8  6  6  3  1  1  1
 10  8  8  8  6  6  3  2  1  0
 10  9  7  6  6  6  2  2  1  1
 10  9  7  7  6  6  2  2  1  1
 10  9  8  5  5  5  2  2  2  2
 10  9  8  7  6  6  2  2  2  0
 10  9  8  8  5  5  4  1  1  1
 10  9  8  8  5  5  5  1  1  1
 10  9  9  4  4  4  3  3  2  2
 10  9  9  5  4  4  3  3  2  2
 10  9  9  5  5  5  3  3  1  1
 10  9  9  6  4  4  3  3  1  1
 10  9  9  6  5  5  3  3  1  0
 10  9  9  8  5  5  2  2  1  1
 10  9  9  8  5  5  3  3  1  0
 10  9  9  8  6  6  2  2  1  1
 10  9  9  9  4  4  4  2  2  2
 10  9  9  9  5  5  3  2  1  1
 10  9  9  9  5  5  3  3  1  0
 10  9  9  9  6  6  6  3  0  0
 10  9  9  9  7  7  3  3  1  0
 10 10  6  6  3  3  3  3  3  3
 10 10  7  5  5  5  2  2  2  2
 10 10  7  7  4  4  4  2  1  1
 10 10  7  7  4  4  4  3  1  1
 10 10  7  7  5  5  5  1  1  1
 10 10  7  7  5  5  5  2  1  0
 10 10  7  7  6  6  3  2  1  0
 10 10  7  7  6  6  5  1  1  1
 10 10  7  7  6  6  6  1  1  1
 10 10  7  7  7  7  3  2  1  1
 10 10  7  7  7  7  4  1  1  1
 10 10  7  7  7  7  5  1  1  1
 10 10  7  7  7  7  6  1  1  1
 10 10  7  7  7  7  7  1  1  1
 10 10  8  5  5  5  3  3  1  1
 10 10  8  6  6  6  3  3  1  0
 10 10  8  7  4  4  4  4  1  1
 10 10  8  7  7  7  3  3  1  0
 10 10  8  8  4  4  4  4  1  1
 10 10  8  8  5  5  2  2  2  1
 10 10  8  8  5  5  5  1  1  1
 10 10  8  8  5  5  5  2  1  0
 10 10  8  8  6  6  4  1  1  1
 10 10  8  8  6  6  5  1  1  0
 10 10  8  8  6  6  5  1  1  1
 10 10  8  8  6  6  6  1  1  1
 10 10  8  8  7  7  4  1  1  1
 10 10  8  8  7  7  4  3  0  0
 10 10  8  8  7  7  5  1  1  1
 10 10  8  8  7  7  6  1  1  0
 10 10  8  8  7  7  6  1  1  1
 10 10  8  8  7  7  6  2  0  0
 10 10  8  8  7  7  7  1  1  1
 10 10  8  8  8  8  5  1  1  1
 10 10  8  8  8  8  6  1  1  1
 10 10  8  8  8  8  7  1  1  1
 10 10  8  8  8  8  8  1  1  1
 10 10  9  5  5  5  3  3  1  1
 10 10  9  6  6  6  2  2  2  2
 10 10  9  6  6  6  3  3  1  0
 10 10  9  7  4  4  4  4  1  1
 10 10  9  7  7  7  2  2  2  1
 10 10  9  7  7  7  3  3  1  0
 10 10  9  8  4  4  4  4  1  1
 10 10  9  8  5  5  2  2  2  1
 10 10  9  8  5  5  5  4  0  0
 10 10  9  8  6  6  2  2  2  0
 10 10  9  8  8  8  4  4  0  0
 10 10  9  8  8  8  5  3  0  0
 10 10  9  9  5  5  3  2  2  0
 10 10  9  9  5  5  5  2  1  1
 10 10  9  9  5  5  5  3  1  0
 10 10  9  9  6  6  4  1  1  1
 10 10  9  9  6  6  5  1  1  1
 10 10  9  9  6  6  5  3  0  0
 10 10  9  9  6  6  6  1  1  1
 10 10  9  9  6  6  6  3  0  0
 10 10  9  9  7  7  4  1  1  1
 10 10  9  9  7  7  5  1  1  1
 10 10  9  9  7  7  6  1  1  0
 10 10  9  9  7  7  6  1  1  1
 10 10  9  9  7  7  7  1  1  1
 10 10  9  9  8  8  5  1  1  1
 10 10  9  9  8  8  6  1  1  1
 10 10  9  9  8  8  7  1  1  1
 10 10  9  9  8  8  8  1  1  1
 10 10  9  9  9  9  6  1  1  1
 10 10 10  5  4  4  3  3  3  3
 10 10 10  5  5  5  4  4  1  1
 10 10 10  6  4  4  3  3  2  2
 10 10 10  6  5  5  3  3  1  1
 10 10 10  6  6  6  3  3  1  0
 10 10 10  6  6  6  3  3  1  1
 10 10 10  7  4  4  3  3  2  2
 10 10 10  7  4  4  4  4  1  1
 10 10 10  7  5  5  2  2  2  2
 10 10 10  7  5  5  3  3  1  1
 10 10 10  7  6  6  3  3  1  0
 10 10 10  7  6  6  4  4  0  0
 10 10 10  7  7  7  2  2  2  2
 10 10 10  7  7  7  3  3  1  0
 10 10 10  7  7  7  3  3  1  1
 10 10 10  7  7  7  4  4  0  0
 10 10 10  8  5  5  2  2  2  2
 10 10 10  8  5  5  3  3  1  1
 10 10 10  8  7  7  4  3  0  0
 10 10 10  8  8  8  3  3  1  1
 10 10 10  9  5  5  3  3  1  1
 10 10 10  9  5  5  4  4  1  0
 10 10 10  9  9  9  5  3  1  0
 10 10 10  9  9  9  6  4  0  0
 10 10 10 10  4  4  3  3  3  3
 10 10 10 10  4  4  4  3  3  2
 10 10 10 10  4  4  4  3  3  3
 10 10 10 10  5  5  4  3  1  1
 10 10 10 10  5  5  5  3  1  1
 10 10 10 10  5  5  5  4  1  0
 10 10 10 10  5  5  5  4  1  1
 10 10 10 10  6  6  3  2  1  1
 10 10 10 10  6  6  6  2  1  1
 10 10 10 10  6  6  6  3  1  0
 10 10 10 10  6  6  6  5  0  0
 10 10 10 10  7  7  6  1  1  1
 10 10 10 10  8  8  3  3  1  1
 10 10 10 10  8  8  6  1  1  1
 10 10 10 10 10 10  4  4  1  1
 10 10 10 10 10 10  5  3  1  1
 11  9  8  7  7  7  2  2  2  1
 11  9  9  6  6  6  2  2  2  2
 11  9  9  8  6  6  2  2  1  1
 11  9  9  9  4  4  4  3  2  2
 11  9  9  9  4  4  4  4  3  0
 11  9  9  9  5  5  3  2  1  1
 11  9  9  9  5  5  4  2  1  1
 11  9  9  9  6  6  3  2  1  1
 11  9  9  9  6  6  4  1  1  1
 11 10  7  7  7  7  2  2  2  2
 11 10  8  6  6  6  2  2  2  2
 11 10  8  8  4  4  4  2  2  2
 11 10  8  8  5  5  5  1  1  1
 11 10  8  8  8  8  2  2  2  2
 11 10  9  9  5  5  2  2  2  2
 11 10  9  9  5  5  5  2  1  1
 11 10  9  9  6  6  3  2  1  0
 11 10 10  4  4  4  4  4  2  2
 11 10 10  5  4  4  4  4  2  2
 11 10 10  5  5  5  3  3  2  2
 11 10 10  6  4  4  3  3  2  2
 11 10 10  6  5  5  3  3  1  1
 11 10 10  7  5  5  3  3  1  1
 11 10 10  7  7  7  2  2  2  2
 11 10 10  8  5  5  3  3  1  1
 11 10 10  8  6  6  3  3  1  0
 11 10 10  8  8  8  4  4  0  0
 11 10 10  9  8  8  4  4  0  0
 11 10 10 10  4  4  4  3  3  3
 11 10 10 10  6  6  6  4  0  0
 11 10 10 10  7  7  3  2  1  1
 11 10 10 10  8  8  4  4  0  0
 11 11  7  7  7  7  2  2  2  2
 11 11  8  6  6  6  3  3  1  1
 11 11  8  7  7  7  2  2  2  2
 11 11  8  8  5  5  5  2  1  1
 11 11  8  8  6  6  2  2  2  1
 11 11  8  8  6  6  6  1  1  1
 11 11  8  8  6  6  6  2  1  0
 11 11  8  8  7  7  4  2  1  0
 11 11  8  8  7  7  5  1  1  1
 11 11  8  8  7  7  6  1  1  1
 11 11  8  8  7  7  7  1  1  1
 11 11  8  8  8  7  7  3  0  0
 11 11  8  8  8  8  2  2  2  2
 11 11  8  8  8  8  3  3  1  1
 11 11  8  8  8  8  4  2  1  1
 11 11  8  8  8  8  4  3  1  0
 11 11  8  8  8  8  6  1  1  1
 11 11  8  8  8  8  7  1  1  1
 11 11  8  8  8  8  8  1  1  1
 11 11  9  6  6  6  3  3  1  1
 11 11  9  7  7  7  2  2  2  2
 11 11  9  7  7  7  3  3  1  0
 11 11  9  8  8  8  2  2  2  2
 11 11  9  8  8  8  3  3  1  1
 11 11  9  9  4  4  3  3  3  3
 11 11  9  9  5  5  5  2  1  1
 11 11  9  9  5  5  5  3  1  0
 11 11  9  9  6  6  2  2  2  1
 11 11  9  9  6  6  3  2  2  0
 11 11  9  9  6  6  5  1  1  1
 11 11  9  9  6  6  6  1  1  1
 11 11  9  9  6  6  6  2  1  0
 11 11  9  9  7  7  3  2  2  0
 11 11  9  9  7  7  5  1  1  1
 11 11  9  9  7  7  6  1  1  1
 11 11  9  9  7  7  7  1  1  1
 11 11  9  9  8  8  5  1  1  1
 11 11  9  9  8  8  6  1  1  1
 11 11  9  9  8  8  7  1  1  0
 11 11  9  9  8  8  7  1  1  1
 11 11  9  9  8  8  8  1  1  1
 11 11  9  9  9  8  8  3  0  0
 11 11  9  9  9  9  7  1  1  1
 11 11  9  9  9  9  8  1  1  1
 11 11  9  9  9  9  9  1  1  1
 11 11 10  7  7  7  3  3  1  0
 11 11 10  7  7  7  3  3  1  1
 11 11 10  7  7  7  4  4  0  0
 11 11 10  8  8  8  2  2  2  2
 11 11 10  8  8  8  3  3  1  1
 11 11 10  8  8  8  4  4  0  0
 11 11 10  9  7  7  2  2  2  1
 11 11 10  9  9  9  5  4  0  0
 11 11 10 10  5  5  5  2  2  1
 11 11 10 10  5  5  5  3  1  1
 11 11 10 10  5  5  5  3  2  0
 11 11 10 10  5  5  5  4  1  1
 11 11 10 10  5  5  5  5  1  0
 11 11 10 10  6  6  5  4  0  0
 11 11 10 10  6  6  6  2  1  1
 11 11 10 10  6  6  6  4  0  0
 11 11 10 10  7  7  5  1  1  1
 11 11 10 10  7  7  6  1  1  1
 11 11 10 10  7  7  7  1  1  1
 11 11 10 10  7  7  7  3  0  0
 11 11 10 10  8  8  6  1  1  1
 11 11 10 10  8  8  7  1  1  1
 11 11 10 10  8  8  8  1  1  1
 11 11 10 10  9  9  6  2  1  0
 11 11 10 10  9  9  7  1  1  1
 11 11 10 10 10 10  6  5  0  0
 11 11 11  5  4  4  4  4  3  3
 11 11 11  5  5  5  3  3  3  3
 11 11 11  6  5  5  3  3  2  2
 11 11 11  6  6  6  4  4  1  1
 11 11 11  7  4  4  3  3  3  3
 11 11 11  7  4  4  4  4  2  2
 11 11 11  7  5  5  3  3  2  2
 11 11 11  7  5  5  4  4  1  1
 11 11 11  7  6  6  3  3  1  1
 11 11 11  7  7  7  3  3  1  1
 11 11 11  7  7  7  3  3  2  0
 11 11 11  8  5  5  4  4  1  1
 11 11 11  8  6  6  3  3  1  1
 11 11 11  8  7  7  3  3  1  1
 11 11 11  8  7  7  4  4  0  0
 11 11 11  8  8  8  2  2  2  2
 11 11 11  8  8  8  3  3  1  1
 11 11 11  9  5  5  4  4  1  1
 11 11 11  9  5  5  5  5  1  0
 11 11 11  9  6  6  3  3  1  1
 11 11 11 10  6  6  3  3  1  1
 11 11 11 10 10 10  6  2  1  1
 11 11 11 10 10 10  6  5  0  0
 11 11 11 11  4  4  4  4  4  3
 11 11 11 11  4  4  4  4  4  4
 11 11 11 11  5  5  3  3  3  2
 11 11 11 11  5  5  5  2  2  2
 11 11 11 11  5  5  5  3  2  1
 11 11 11 11  5  5  5  3  3  0
 11 11 11 11  5  5  5  4  1  1
 11 11 11 11  5  5  5  5  1  1
 11 11 11 11  6  6  3  3  3  0
 11 11 11 11  6  6  6  3  1  1
 11 11 11 11  6  6  6  4  1  0
 11 11 11 11  7  7  6  4  0  0
 11 11 11 11  7  7  7  2  1  1
 11 11 11 11  7  7  7  3  1  0
 11 11 11 11  8  8  3  3  1  1
 11 11 11 11  8  8  7  1  1  1
 11 11 11 11  8  8  8  4  0  0
 11 11 11 11  9  9  4  4  1  0
 11 11 11 11  9  9  5  2  2  0
 11 11 11 11  9  9  5  5  0  0
 11 11 11 11 10 10  4  4  1  1
 11 11 11 11 11 11  7  3  1  1
 12 10  9  7  7  7  2  2  2  2
 12 10  9  8  8  8  2  2  2  2
 12 10 10 10  4  4  4  4  3  3
 12 10 10 10  6  6  3  3  1  1
 12 10 10 10  6  6  4  2  1  1
 12 11  8  7  7  7  2  2  2  2
 12 11  9  8  8  8  2  2  2  2
 12 11  9  9  5  5  5  2  1  1
 12 11  9  9  6  6  6  1  1  1
 12 11  9  9  7  7  2  2  2  1
 12 11  9  9  7  7  3  2  2  0
 12 11 10  8  8  8  2  2  2  2
 12 11 10  9  6  6  2  2  2  2
 12 11 10 10  6  6  2  2  2  2
 12 11 10 10  6  6  3  2  1  1
 12 11 10 10  7  7  4  2  1  0
 12 11 10 10  8  8  4  4  0  0
 12 11 11  5  5  5  4  4  2  2
 12 11 11  6  5  5  3  3  2  2
 12 11 11  7  5  5  3  3  2  2
 12 11 11  8  5  5  4  4  1  1
 12 11 11  8  6  6  3  3  1  1
 12 11 11  9  6  6  3  3  1  1
 12 11 11  9  7  7  3  3  1  0
 12 11 11 10  6  6  2  2  2  2
 12 11 11 10  6  6  3  3  1  1
 12 11 11 11  4  4  4  4  4  4
 12 11 11 11  6  6  4  4  1  0
 12 11 11 11  8  8  4  2  2  0
 12 12  9  5  5  5  3  3  3  3
 12 12  9  6  4  4  4  3  3  3
 12 12  9  7  4  4  4  3  3  3
 12 12  9  7  7  7  3  3  1  1
 12 12  9  8  8  8  2  2  2  2
 12 12  9  8  8  8  3  3  1  1
 12 12  9  9  5  5  5  3  1  1
 12 12  9  9  5  5  5  4  1  1
 12 12  9  9  6  6  5  2  1  0
 12 12  9  9  7  7  6  1  1  1
 12 12  9  9  7  7  7  1  1  1
 12 12  9  9  8  8  5  2  1  0
 12 12  9  9  8  8  6  1  1  1
 12 12  9  9  8  8  7  1  1  1
 12 12  9  9  8  8  8  1  1  1
 12 12  9  9  9  8  8  3  0  0
 12 12  9  9  9  9  5  2  2  0
 12 12  9  9  9  9  7  1  1  1
 12 12  9  9  9  9  8  1  1  1
 12 12  9  9  9  9  9  1  1  1
 12 12  9  9  9  9  9  4  0  0
 12 12 10  8  8  8  3  3  1  1
 12 12 10  9  7  7  3  2  2  0
 12 12 10  9  8  8  2  2  2  2
 12 12 10 10  5  5  5  2  2  2
 12 12 10 10  5  5  5  4  1  1
 12 12 10 10  5  5  5  5  1  1
 12 12 10 10  6  6  3  2  2  1
 12 12 10 10  6  6  6  2  1  1
 12 12 10 10  6  6  6  3  1  0
 12 12 10 10  7  7  3  2  2  0
 12 12 10 10  7  7  6  1  1  1
 12 12 10 10  7  7  7  1  1  1
 12 12 10 10  8  8  6  1  1  1
 12 12 10 10  8  8  7  1  1  1
 12 12 10 10  8  8  8  1  1  1
 12 12 10 10  9  9  7  1  1  1
 12 12 10 10  9  9  8  1  1  1
 12 12 10 10  9  9  9  1  1  1
 12 12 10 10 10  9  9  3  0  0
 12 12 10 10 10 10  8  1  1  1
 12 12 11  8  8  8  3  3  1  1
 12 12 11  8  8  8  3  3  2  0
 12 12 11  9  5  5  5  5  1  1
 12 12 11  9  8  8  4  4  0  0
 12 12 11 10  5  5  5  5  1  1
 12 12 11 10  6  6  6  5  0  0
 12 12 11 11  4  4  4  4  4  4
 12 12 11 11  6  6  6  3  1  1
 12 12 11 11  7  7  7  4  0  0
 12 12 11 11  8  8  7  1  1  1
 12 12 11 11  8  8  8  1  1  1
 12 12 11 11  9  9  7  1  1  1
 12 12 11 11  9  9  8  1  1  1
 12 12 12  5  5  5  4  4  3  3
 12 12 12  5  5  5  5  5  2  2
 12 12 12  6  5  5  4  4  2  2
 12 12 12  7  4  4  4  4  3  3
 12 12 12  7  5  5  3  3  3  3
 12 12 12  7  5  5  4  4  2  2
 12 12 12  7  6  6  3  3  2  2
 12 12 12  7  6  6  4  4  1  1
 12 12 12  7  7  7  4  4  1  0
 12 12 12  8  5  5  3  3  3  3
 12 12 12  8  6  6  4  4  1  1
 12 12 12  9  6  6  4  4  1  1
 12 12 12  9  7  7  3  3  1  1
 12 12 12  9  8  8  3  3  1  1
 12 12 12  9  9  9  4  4  1  0
 12 12 12  9  9  9  5  5  0  0
 12 12 12 10  6  6  4  4  1  1
 12 12 12 10  7  7  3  3  1  1
 12 12 12 10  9  9  5  4  0  0
 12 12 12 11  6  6  4  4  1  1
 12 12 12 11 11 11  7  2  1  1
 12 12 12 12  5  5  5  3  3  3
 12 12 12 12  6  6  5  3  3  0
 12 12 12 12  6  6  5  4  1  1
 12 12 12 12  6  6  6  4  1  1
 12 12 12 12  7  7  7  3  1  1
 12 12 12 12  7  7  7  6  0  0
 12 12 12 12  8  8  8  2  1  1
 12 12 12 12  8  8  8  3  1  0
 12 12 12 12  9  9  4  4  1  0
 12 12 12 12  9  9  5  2  2  0
 12 12 12 12  9  9  6  2  2  0
 12 12 12 12  9  9  9  2  1  1
 12 12 12 12 10 10  4  4  1  1
 12 12 12 12 10 10  7  2  2  0
 12 12 12 12 12 12  8  3  1  1
 13 10 10  8  8  8  2  2  2  2
 13 10 10 10  4  4  4  4  3  3
 13 10 10 10  4  4  4  4  4  2
 13 10 10 10  4  4  4  4  4  3
 13 10 10 10  7  7  2  2  2  2
 13 11 10  8  8  8  3  3  1  1
 13 11 10 10  5  5  5  2  2  2
 13 11 11 10  6  6  3  3  1  1
 13 11 11 10  7  7  2  2  2  2
 13 11 11 10  8  8  2  2  2  2
 13 11 11 11  4  4  4  4  4  4
 13 11 11 11  6  6  3  2  2  2
 13 11 11 11  6  6  4  3  1  1
 13 11 11 11  7  7  2  2  2  2
 13 12 10  8  8  8  3  3  1  1
 13 12 10 10  6  6  6  2  1  1
 13 12 10 10  7  7  2  2  2  2
 13 12 11 10  7  7  3  2  1  1
 13 12 11 11  7  7  2  2  2  2
 13 12 11 11  8  8  5  2  1  0
 13 12 12  6  5  5  4  4  2  2
 13 12 12  7  5  5  4  4  2  2
 13 12 12  8  6  6  4  4  1  1
 13 12 12  9  6  6  4  4  1  1
 13 12 12 10  7  7  3  3  1  1
 13 12 12 11 10 10  5  5  0  0
 13 12 12 12  6  6  5  3  3  0
 13 12 12 12  8  8  5  2  2  0
 13 12 12 12  9  9  4  4  1  0
 13 12 12 12  9  9  5  2  2  0
 13 12 12 12  9  9  5  5  0  0
 13 12 12 12 11 11  6  6  0  0
 13 13  9  9  4  4  4  4  4  4
 13 13  9  9  5  5  3  3  3  2
 13 13  9  9  5  5  3  3  3  3
 13 13 10  6  6  6  3  3  3  3
 13 13 10  8  4  4  4  4  4  4
 13 13 10  9  4  4  4  4  4  4
 13 13 10  9  6  6  3  2  2  2
 13 13 10 10  4  4  4  4  4  4
 13 13 10 10  7  7  6  2  1  0
 13 13 10 10  7  7  7  1  1  1
 13 13 10 10  8  8  7  1  1  1
 13 13 10 10  8  8  8  1  1  1
 13 13 10 10  9  9  6  2  1  0
 13 13 10 10  9  9  7  1  1  1
 13 13 10 10  9  9  8  1  1  1
 13 13 10 10  9  9  9  1  1  1
 13 13 10 10 10 10  6  2  2  0
 13 13 10 10 10 10  9  1  1  1
 13 13 10 10 10 10 10  4  0  0
 13 13 11  7  7  7  4  4  1  1
 13 13 11  9  4  4  4  4  4  4
 13 13 11 11  6  6  6  3  1  1
 13 13 11 11  6  6  6  4  1  0
 13 13 11 11  7  7  4  2  2  0
 13 13 11 11  7  7  7  2  1  1
 13 13 11 11  8  8  3  2  2  1
 13 13 11 11  8  8  4  2  2  0
 13 13 11 11  8  8  7  1  1  1
 13 13 11 11  8  8  8  1  1  1
 13 13 11 11  9  9  6  1  1  1
 13 13 11 11  9  9  7  1  1  1
 13 13 11 11  9  9  8  1  1  1
 13 13 11 11  9  9  9  1  1  1
 13 13 11 11 10 10  8  1  1  1
 13 13 11 11 10 10  9  1  1  1
 13 13 11 11 11 11  7  2  2  0
 13 13 12  7  7  7  4  4  1  1
 13 13 12  8  8  8  4  4  1  0
 13 13 12 10  8  8  3  3  2  0
 13 13 12 10 10 10  5  5  0  0
 13 13 12 12  6  6  6  2  2  2
 13 13 12 12  6  6  6  4  1  1
 13 13 12 12  6  6  6  6  1  0
 13 13 12 12  7  7  7  7  0  0
 13 13 12 12  8  8  8  4  0  0
 13 13 12 12  9  9  8  2  1  0
 13 13 12 12  9  9  9  1  1  1
 13 13 12 12 10 10  5  5  0  0
 13 13 13  5  5  5  5  5  3  3
 13 13 13  7  5  5  4  4  3  3
 13 13 13  7  5  5  5  5  2  2
 13 13 13  7  6  6  3  3  3  3
 13 13 13  7  6  6  4  4  2  2
 13 13 13  7  7  7  4  4  1  1
 13 13 13  8  5  5  5  5  2  2
 13 13 13  8  6  6  3  3  3  3
 13 13 13  8  7  7  4  4  1  1
 13 13 13  8  8  8  4  4  1  1
 13 13 13  9  6  6  5  5  1  1
 13 13 13  9  7  7  4  4  1  1
 13 13 13  9  8  8  4  4  1  0
 13 13 13  9  9  9  3  3  2  1
 13 13 13  9  9  9  3  3  3  0
 13 13 13  9  9  9  4  4  1  0
 13 13 13 10  6  6  5  5  1  1
 13 13 13 10  9  9  3  3  3  0
 13 13 13 10 10 10  4  4  1  1
 13 13 13 11  6  6  5  5  1  1
 13 13 13 11  9  9  3  3  3  0
 13 13 13 12  6  6  5  5  1  1
 13 13 13 12 11 11  7  2  1  1
 13 13 13 12 12 12  7  3  1  1
 13 13 13 13  5  5  5  4  4  4
 13 13 13 13  6  6  6  3  2  2
 13 13 13 13  6  6  6  3  3  1
 13 13 13 13  6  6  6  4  2  1
 13 13 13 13  6  6  6  6  1  1
 13 13 13 13  7  7  5  3  3  0
 13 13 13 13  7  7  7  4  1  1
 13 13 13 13  7  7  7  5  1  0
 13 13 13 13  8  8  8  3  1  1
 13 13 13 13  9  9  4  2  2  1
 13 13 13 13  9  9  6  2  2  0
 13 13 13 13  9  9  7  2  2  0
 13 13 13 13  9  9  9  2  1  1
 13 13 13 13 10 10  4  4  1  1
 13 13 13 13 10 10  7  2  2  0
 13 13 13 13 10 10  8  2  2  0
 13 13 13 13 11 11  5  5  1  0
 13 13 13 13 12 12  5  5  1  1
 13 13 13 13 13 13  8  4  1  1
 14 11 11 10  4  4  4  4  4  4
 14 12 12 10  7  7  3  3  1  1
 14 12 12 10  8  8  3  3  1  1
 14 12 12 12  7  7  3  2  2  2
 14 12 12 12  9  9  4  4  1  0
 14 13 10  9  9  9  3  2  2  2
 14 13 11 11  6  6  6  3  1  1
 14 13 11 11  7  7  3  2  2  2
 14 13 12 12  6  6  6  2  2  2
 14 13 12 12  7  7  3  2  2  2
 14 13 12 12  9  9  6  2  1  0
 14 13 12 12 10 10  5  5  0  0
 14 13 13  7  6  6  4  4  2  2
 14 13 13  8  7  7  4  4  1  1
 14 13 13  9  6  6  3  3  3  3
 14 13 13  9  7  7  4  4  1  1
 14 13 13 10  6  6  3  3  3  3
 14 13 13 10  9  9  3  3  3  0
 14 13 13 12 10 10  5  5  0  0
 14 13 13 13  5  5  5  4  4  4
 14 13 13 13  7  7  5  5  1  0
 14 13 13 13  9  9  6  2  2  0
 14 13 13 13 10 10  6  2  2  0
 14 14  9  9  9  9  3  3  2  2
 14 14 10 10  6  6  3  3  3  2
 14 14 10 10  9  9  3  2  2  2
 14 14 10 10 10 10  3  3  2  2
 14 14 10 10 10 10  7  2  2  0
 14 14 11  6  6  5  5  5  2  2
 14 14 11  8  8  8  4  4  1  1
 14 14 11 10  9  9  3  2  2  2
 14 14 11 11  6  6  3  3  3  3
 14 14 11 11  6  6  6  2  2  2
 14 14 11 11  6  6  6  4  1  1
 14 14 11 11  7  7  7  2  1  1
 14 14 11 11  8  8  7  2  1  0
 14 14 11 11  9  9  3  2  2  2
 14 14 11 11  9  9  5  2  2  0
 14 14 11 11  9  9  8  1  1  1
 14 14 11 11  9  9  9  1  1  1
 14 14 11 11 10 10  9  1  1  1
 14 14 11 11 10 10 10  1  1  1
 14 14 11 11 11 11  7  2  2  0
 14 14 11 11 11 11 10  1  1  1
 14 14 12  8  8  8  4  4  1  1
 14 14 12  9  9  9  4  4  1  0
 14 14 12 10  9  9  3  3  3  0
 14 14 12 11  7  7  3  2  2  2
 14 14 12 12  6  6  6  5  1  1
 14 14 12 12  6  6  6  6  1  1
 14 14 12 12  7  7  7  3  1  1
 14 14 12 12  7  7  7  7  0  0
 14 14 12 12  8  8  3  3  3  0
 14 14 12 12  9  9  3  3  3  0
 14 14 12 12  9  9  7  1  1  1
 14 14 12 12 10 10  8  1  1  1
 14 14 12 12 10 10  9  1  1  1
 14 14 12 12 10 10 10  1  1  1
 14 14 12 12 12 12  9  2  2  0
 14 14 13  8  6  6  4  4  2  2
 14 14 13  8  8  8  4  4  1  1
 14 14 13  9  9  9  4  4  1  1
 14 14 13  9  9  9  5  5  0  0
 14 14 13 11  6  6  6  6  1  1
 14 14 13 12  6  6  6  6  1  1
 14 14 13 12 12 12  8  2  1  1
 14 14 13 13  6  6  6  6  1  1
 14 14 13 13  8  8  8  5  0  0
 14 14 13 13 10 10  6  2  2  0
 14 14 14  7  5  5  5  5  3  3
 14 14 14  7  6  6  4  4  3  3
 14 14 14  7  6  6  5  5  2  2
 14 14 14  7  7  7  4  4  2  2
 14 14 14  8  5  5  5  5  3  3
 14 14 14  9  6  6  4  4  2  2
 14 14 14  9  7  7  5  5  1  1
 14 14 14  9  8  8  4  4  1  1
 14 14 14  9  9  9  4  4  1  1
 14 14 14 10  8  8  4  4  1  1
 14 14 14 10 10 10  3  3  2  2
 14 14 14 10 10 10  3  3  3  1
 14 14 14 10 10 10  4  4  1  1
 14 14 14 12 12 12  8  5  0  0
 14 14 14 13  7  7  5  5  1  1
 14 14 14 13 13 13  7  4  1  1
 14 14 14 14  5  5  5  5  5  4
 14 14 14 14  5  5  5  5  5  5
 14 14 14 14  7  7  5  3  3  1
 14 14 14 14  7  7  5  4  4  0
 14 14 14 14  7  7  6  5  1  1
 14 14 14 14  7  7  7  5  1  1
 14 14 14 14  9  9  5  2  2  1
 14 14 14 14  9  9  9  3  1  1
 14 14 14 14 10 10  9  2  1  1
 14 14 14 14 10 10 10  2  1  1
 14 14 14 14 10 10 10  5  0  0
 14 14 14 14 11 11  6  2  2  1
 14 14 14 14 11 11  6  6  0  0
 14 14 14 14 11 11  8  2  2  0
 14 14 14 14 12 12  5  5  1  1
 14 14 14 14 14 14  8  5  1  1
 14 14 14 14 14 14  9  2  2  2
 15 12 12 10  9  9  3  2  2  2
 15 12 12 12  6  6  6  2  2  2
 15 13 10 10 10 10  3  3  2  2
 15 13 12 12  8  8  3  2  2  2
 15 13 13 10  6  6  3  3  3  3
 15 13 13 11  7  7  4  4  1  1
 15 13 13 13  7  7  5  2  2  2
 15 13 13 13  8  8  3  2  2  2
 15 14  9  9  9  9  3  3  2  2
 15 14 10 10 10 10  3  3  2  2
 15 14 11 11  6  6  3  3  3  3
 15 14 11 11  6  6  6  2  2  2
 15 14 12 12  7  7  4  2  2  2
 15 14 14 10  7  7  3  3  3  3
 15 14 14 11  9  9  4  4  1  0
 15 14 14 14  5  5  5  5  5  5
 15 14 14 14 10 10  4  4  1  1
 15 14 14 14 10 10  7  2  2  0
 15 15  9  8  8  8  3  3  3  3
 15 15 10 10 10 10  3  3  2  2
 15 15 11 10 10 10  3  3  2  2
 15 15 11 11 10 10  4  2  2  2
 15 15 11 11 11 11  8  2  2  0
 15 15 11 11 11 11 11  2  1  1
 15 15 12  6  6  5  5  5  3  3
 15 15 12  9  9  9  4  4  1  1
 15 15 12 10 10 10  3  3  2  2
 15 15 12 10 10 10  4  4  1  1
 15 15 12 12  7  7  3  3  3  2
 15 15 12 12  7  7  7  3  1  1
 15 15 12 12  8  8  8  2  1  1
 15 15 12 12  9  9  8  2  1  0
 15 15 12 12 10 10  8  1  1  1
 15 15 12 12 11 11 10  2  1  0
 15 15 12 12 11 11 11  1  1  1
 15 15 12 12 12 11 11  4  0  0
 15 15 12 12 12 12  8  2  2  0
 15 15 12 12 12 12  9  2  2  0
 15 15 12 12 12 12 12  2  1  1
 15 15 13  9  5  5  5  4  4  4
 15 15 13  9  9  9  4  4  1  1
 15 15 13 10 10 10  4  4  1  1
 15 15 13 13  7  7  4  4  4  0
 15 15 13 13  7  7  6  2  2  2
 15 15 13 13  7  7  7  2  2  2
 15 15 13 13  7  7  7  4  1  1
 15 15 13 13  7  7  7  5  1  0
 15 15 13 13 10 10  6  2  1  1
 15 15 13 13 11 11  9  1  1  1
 15 15 14  9  5  5  5  4  4  4
 15 15 14 10 10 10  4  4  1  1
 15 15 14 14  7  7  7  5  1  1
 15 15 14 14  8  8  8  8  0  0
 15 15 14 14 10 10  7  2  2  0
 15 15 15  7  6  6  5  5  3  3
 15 15 15  7  7  7  4  4  3  3
 15 15 15  7  7  7  5  5  2  2
 15 15 15  9  7  7  4  4  2  2
 15 15 15  9  8  8  5  5  1  1
 15 15 15  9  9  9  5  5  1  0
 15 15 15 10  7  7  4  4  2  2
 15 15 15 10 10 10  4  4  1  1
 15 15 15 11  7  7  4  4  2  2
 15 15 15 11  9  9  4  4  1  1
 15 15 15 11 10 10  4  4  1  1
 15 15 15 11 11 11  5  5  1  0
 15 15 15 12 10 10  3  3  3  1
 15 15 15 13  7  7  6  6  1  1
 15 15 15 14 14 14  8  2  2  2
 15 15 15 15  6  6  6  4  4  4
 15 15 15 15  7  7  7  4  2  2
 15 15 15 15  7  7  7  7  1  1
 15 15 15 15  7  7  7  7  3  0
 15 15 15 15  8  8  8  5  1  1
 15 15 15 15  8  8  8  8  1  0
 15 15 15 15  9  9  9  7  0  0
 15 15 15 15 10 10 10  3  1  1
 15 15 15 15 11 11  7  2  2  1
 15 15 15 15 12 12  5  5  1  1
 15 15 15 15 15 15  8  3  2  2
 16 13 12 10 10 10  3  3  2  2
 16 13 13 13  7  7  6  2  2  2
 16 14 13 13  8  8  4  2  2  2
 16 14 14 10  7  7  3  3  3  3
 16 14 14 11  7  7  3  3  3  3
 16 14 14 11  8  8  4  4  1  1
 16 14 14 12  7  7  3  3  3  3
 16 14 14 14  8  8  3  3  2  2
 16 15 11 11 10 10  3  3  2  2
 16 15 12 12  7  7  3  3  3  3
 16 15 13 13  7  7  7  2  2  2
 16 15 15 10  6  6  4  4  4  4
 16 15 15 10  6  6  6  6  2  2
 16 15 15 14 12 12  6  6  0  0
 16 16  9  9  9  9  4  4  2  2
 16 16 11 11  6  6  4  4  3  3
 16 16 11 11 11 11  4  3  2  2
 16 16 12  6  6  6  6  6  3  3
 16 16 12 12  7  7  7  2  2  2
 16 16 12 12 12 12  9  2  2  0
 16 16 12 12 12 12 12  2  1  1
 16 16 13  9  5  5  5  5  5  5
 16 16 13 10 10 10  4  4  1  1
 16 16 13 13  7  7  7  2  2  2
 16 16 13 13  7  7  7  4  1  1
 16 16 13 13  7  7  7  5  1  1
 16 16 13 13  8  8  8  3  1  1
 16 16 13 13  9  9  9  2  2  0
 16 16 13 13 11 11  7  2  1  1
 16 16 13 13 12 12  8  2  2  0
 16 16 13 13 13 13 10  2  2  0
 16 16 13 13 13 13 11  2  2  0
 16 16 14  9  5  5  5  5  5  5
 16 16 14 10  5  5  5  5  5  5
 16 16 14 14  7  7  7  6  1  1
 16 16 14 14 10 10  7  2  1  1
 16 16 14 14 11 11  7  2  1  1
 16 16 14 14 12 12  8  2  1  1
 16 16 15  9  9  9  5  5  1  1
 16 16 15 10 10 10  5  5  1  0
 16 16 15 14  7  7  7  7  1  1
 16 16 15 14 12 12  6  6  0  0
 16 16 15 15 11 11 11  2  1  1
 16 16 15 15 12 12  9  2  2  0
 16 16 15 15 14 14  9  2  2  1
 16 16 16  7  6  6  6  6  3  3
 16 16 16  7  7  7  5  5  3  3
 16 16 16  8  6  6  6  6  3  3
 16 16 16  8  8  8  5  5  2  2
 16 16 16  9  7  7  5  5  2  2
 16 16 16 10  7  7  5  5  2  2
 16 16 16 10  9  9  5  5  1  1
 16 16 16 11  7  7  5  5  2  2
 16 16 16 11  8  8  4  4  2  2
 16 16 16 11 11 11  4  4  2  1
 16 16 16 12 12 12  5  5  1  1
 16 16 16 15  8  8  6  6  1  1
 16 16 16 15 15 15 10  4  1  1
 16 16 16 16  6  6  6  5  5  5
 16 16 16 16 11 11  8  2  2  1
 16 16 16 16 11 11 11  3  1  1
 16 16 16 16 12 12  5  5  1  1
 16 16 16 16 13 13  9  2  2  1
 16 16 16 16 14 14  6  6  1  1
 16 16 16 16 16 16 10  3  2  2
 17 13 13 13  5  5  5  5  5  4
 17 13 13 13  5  5  5  5  5  5
 17 14 14 14  9  9  3  3  2  2
 17 14 14 14  9  9  4  2  2  2
 17 14 14 14 10 10  3  3  2  2
 17 15 15 12  8  8  3  3  3  3
 17 15 15 13  8  8  3  3  3  3
 17 15 15 14  9  9  3  3  2  2
 17 16 11 11 11 11  3  3  3  3
 17 16 12 12  6  6  4  4  4  4
 17 16 12 12 12 12  3  3  3  3
 17 16 14 14  8  8  3  3  3  3
 17 16 16  9  6  6  6  6  3  3
 17 16 16 10  6  6  6  6  3  3
 17 16 16 10  7  7  4  4  4  4
 17 17 11 11 11 11  3  3  3  3
 17 17 12 12 11 11  4  3  2  2
 17 17 12 12 12 12  4  4  2  2
 17 17 13 13 10 10 10  2  2  0
 17 17 13 13 13 13  8  2  2  1
 17 17 13 13 13 13 10  2  2  0
 17 17 13 13 13 13 11  2  2  0
 17 17 14  7  7  6  6  6  3  3
 17 17 14 13 10 10  4  3  3  0
 17 17 14 14  8  8  7  2  2  2
 17 17 14 14  8  8  8  2  2  2
 17 17 14 14  8  8  8  4  1  1
 17 17 14 14 10 10 10  2  2  0
 17 17 14 14 12 12  8  2  1  1
 17 17 14 14 14 14  9  2  2  1
 17 17 14 14 14 14 11  2  2  0
 17 17 15  8  8  8  4  4  4  4
 17 17 15 10 10 10  5  5  1  1
 17 17 15 11 11 11  5  5  1  0
 17 17 15 12 12 12  3  3  3  3
 17 17 15 15  7  7  7  7  3  0
 17 17 15 15 11 11  8  2  1  1
 17 17 15 15 11 11 11  2  2  0
 17 17 15 15 12 12 12  2  2  0
 17 17 16  8  8  8  4  4  4  4
 17 17 16 10 10 10  5  5  1  1
 17 17 16 16  8  8  8  6  1  1
 17 17 17  7  7  7  6  6  3  3
 17 17 17  8  8  8  5  5  3  3
 17 17 17  9  7  7  5  5  3  3
 17 17 17 10  7  7  5  5  3  3
 17 17 17 10  8  8  5  5  2  2
 17 17 17 11  8  8  5  5  2  2
 17 17 17 11 10 10  5  5  1  1
 17 17 17 11 11 11  5  5  1  1
 17 17 17 12  8  8  4  4  3  3
 17 17 17 12 12 12  4  4  2  2
 17 17 17 12 12 12  5  5  1  1
 17 17 17 15  8  8  7  7  1  1
 17 17 17 15 15 15  9  4  1  1
 17 17 17 17  6  6  6  6  6  6
 17 17 17 17  8  8  6  6  2  2
 17 17 17 17  8  8  8  8  3  0
 17 17 17 17  9  9  6  4  4  0
 17 17 17 17  9  9  9  6  1  1
 17 17 17 17  9  9  9  9  1  0
 17 17 17 17 13 13 10  2  2  1
 17 17 17 17 14 14  6  6  1  1
 17 17 17 17 17 17 11  3  2  2
 18 15 15 15  9  9  4  3  2  2
 18 16 16 10  6  6  6  6  3  3
 18 16 16 10  7  7  4  4  4  4
 18 16 16 11  7  7  4  4  4  4
 18 17 14 14  8  8  8  2  2  2
 18 17 17 10  6  6  6  6  4  4
 18 17 17 10  8  8  4  4  4  4
 18 17 17 11  8  8  5  5  2  2
 18 17 17 13 11 11  5  5  1  0
 18 17 17 17  6  6  6  6  6  6
 18 17 17 17 13 13  6  6  1  0
 18 18 10 10 10 10  4  4  3  3
 18 18 12 12  7  7  4  4  4  4
 18 18 13 12 12 12  4  4  2  2
 18 18 13 13  6  6  5  5  5  5
 18 18 14 14 11 11 11  2  2  0
 18 18 14 14 12 12  3  3  3  3
 18 18 14 14 12 12  9  2  1  1
 18 18 14 14 13 13 10  2  2  0
 18 18 14 14 14 13 13  2  1  1
 18 18 14 14 14 13 13  5  0  0
 18 18 15 11 11 11  5  5  1  1
 18 18 15 15  8  8  8  3  2  2
 18 18 15 15  8  8  8  6  1  1
 18 18 15 15  9  9  7  2  2  2
 18 18 15 15 11 11  9  2  1  1
 18 18 15 15 11 11 11  2  2  0
 18 18 15 15 12 12 12  2  2  0
 18 18 15 15 13 13 13  2  2  0
 18 18 15 15 14 14 11  2  2  0
 18 18 16  9  9  9  4  4  4  4
 18 18 16 11 11 11  5  5  1  1
 18 18 16 16  8  8  8  7  1  1
 18 18 16 16 12 12 10  2  1  1
 18 18 17 12 12 12  5  5  1  1
 18 18 17 13 12 12  4  4  4  0
 18 18 17 16  8  8  8  8  1  1
 18 18 17 16 14 14  7  7  0  0
 18 18 17 17  9  9  5  5  5  0
 18 18 17 17  9  9  9  8  1  0
 18 18 18  8  8  8  6  6  3  3
 18 18 18 10  8  8  5  5  3  3
 18 18 18 11  8  8  6  6  2  2
 18 18 18 11  9  9  5  5  2  2
 18 18 18 12 11 11  5  5  1  1
 18 18 18 13 11 11  5  5  1  1
 18 18 18 13 12 12  5  5  1  1
 18 18 18 15 12 12  4  4  4  0
 18 18 18 18  9  9  9  8  1  1
 18 18 18 18  9  9  9  9  2  0
 18 18 18 18 12 12 12  4  1  1
 18 18 18 18 14 14  6  6  1  1
 18 18 18 18 16 16  7  7  1  1
 19 16 12 12 12 12  4  4  2  2
 19 17 17 11  8  8  4  4  4  4
 19 18 18 10  7  7  7  7  3  3
 19 18 18 11  8  8  5  5  3  3
 19 19 14 14  8  8  4  4  4  4
 19 19 14 14 14 14 10  2  2  1
 19 19 14 14 14 14 14  3  1  1
 19 19 15 14  9  9  4  3  3  3
 19 19 15 15  8  8  4  4  4  4
 19 19 15 15  9  9  8  2  2  2
 19 19 15 15 12 12 10  2  1  1
 19 19 15 15 12 12 12  2  2  0
 19 19 15 15 13 13 10  2  1  1
 19 19 15 15 13 13 13  2  2  0
 19 19 15 15 15 14 13  2  1  1
 19 19 15 15 15 14 14  2  1  1
 19 19 15 15 15 15 11  2  2  1
 19 19 15 15 15 15 15  3  1  1
 19 19 16 16 11 11  4  4  4  0
 19 19 16 16 12 12  4  4  4  0
 19 19 16 16 12 12 10  2  1  1
 19 19 16 16 12 12 11  2  2  0
 19 19 16 16 12 12 12  2  2  0
 19 19 16 16 13 13 13  2  2  0
 19 19 16 16 16 16 12  2  2  1
 19 19 17 17  9  9  5  5  5  0
 19 19 18 11 11 11  6  6  1  1
 19 19 18 13  6  6  6  6  6  6
 19 19 19 10  8  8  6  6  3  3
 19 19 19 11  9  9  6  6  2  2
 19 19 19 12  8  8  5  5  4  4
 19 19 19 14 14 14  6  6  1  1
 19 19 19 17  8  8  8  8  2  2
 19 19 19 18 15 15  8  8  0  0
 19 19 19 19  7  7  7  6  6  6
 19 19 19 19  9  9  9  9  3  0
 19 19 19 19 13 13 13  2  2  2
 19 19 19 19 13 13 13  4  1  1
 19 19 19 19 14 14  9  3  3  0
 19 19 19 19 14 14 14  2  2  2
 19 19 19 19 16 16  7  7  1  1
 20 15 15 15 12 12  4  4  2  2
 20 16 16 14 11 11  3  3  3  3
 20 17 16 15 11 11  4  3  2  2
 20 17 17 16 11 11  3  3  3  3
 20 18 17 16 11 11  4  3  2  2
 20 18 17 17 10 10  5  3  2  2
 20 18 18 10  7  7  7  7  3  3
 20 18 18 11  7  7  7  7  3  3
 20 18 18 12  7  7  7  7  3  3
 20 19 14 14 13 13  4  3  3  3
 20 19 19  9  9  9  6  6  3  3
 20 19 19 10  7  7  7  7  4  4
 20 19 19 10 10 10  6  6  2  2
 20 19 19 11  8  8  6  6  3  3
 20 20 14 14 14 14  5  3  3  3
 20 20 15 14 13 13  4  3  3  3
 20 20 15 15  9  9  4  4  4  3
 20 20 15 15 15 15 15  3  1  1
 20 20 16 16  9  9  9  3  2  2
 20 20 16 16 10 10  9  2  2  2
 20 20 16 16 13 13 11  2  1  1
 20 20 16 16 13 13 12  2  2  0
 20 20 16 16 13 13 13  2  2  0
 20 20 16 16 14 14 12  2  1  1
 20 20 16 16 15 14 14  2  1  1
 20 20 16 16 16 16 16  3  1  1
 20 20 17 17 14 14 13  2  2  0
 20 20 17 17 14 14 14  2  2  0
 20 20 18 12 12 12  6  6  1  1
 20 20 18 18  9  9  9  3  3  3
 20 20 18 18  9  9  9  8  1  1
 20 20 18 18 10 10  5  5  5  0
 20 20 19 12 12 12  6  6  1  1
 20 20 19 19 11 11 11 10  0  0
 20 20 19 19 14 14 13  2  2  1
 20 20 20 12  8  8  7  7  3  3
 20 20 20 12  9  9  5  5  4  4
 20 20 20 13 12 12  6  6  1  1
 20 20 20 13 13 13  6  6  1  1
 20 20 20 20  7  7  7  7  7  7
 20 20 20 20 10 10  8  5  5  0
 20 20 20 20 16 16  7  7  1  1
 21 16 16 16  6  6  6  6  6  6
 21 16 16 16 12 12  4  4  2  2
 21 17 16 16 12 12  4  4  2  2
 21 17 17 17  9  9  6  3  3  3
 21 18 17 17 10 10  6  3  2  2
 21 18 18 18 10 10  5  3  3  3
 21 19 19 10  7  7  7  7  4  4
 21 19 19 11  7  7  7  7  4  4
 21 20 12 12 12 12  4  4  4  4
 21 20 20 10 10 10  6  6  3  3
 21 20 20 11  9  9  6  6  3  3
 21 21 15 14 14 14  4  4  3  3
 21 21 16 16  8  8  5  5  5  5
 21 21 16 16 16 16 13  2  2  1
 21 21 17 17 17 17 14  2  2  1
 21 21 18  8  8  8  8  8  4  4
 21 21 18 13 13 13  6  6  1  1
 21 21 19 13 13 13  6  6  1  1
 21 21 19 19 11 11  5  5  5  0
 21 21 19 19 17 17 11  2  2  2
 21 21 20 13 13 13  6  6  1  1
 21 21 20 14 14 14  6  6  1  1
 21 21 21 12  8  8  7  7  4  4
 21 21 21 15 13 13  6  6  1  1
 21 21 21 21  9  9  9  9  3  2
 22 18 18 16 12 12  4  3  3  3
 22 18 18 16 13 13  4  3  3  3
 22 18 18 18 10 10  6  3  3  3
 22 20 13 13 13 13  4  4  4  4
 22 20 20 10 10 10  6  6  3  3
 22 20 20 12  8  8  8  8  3  3
 22 21 17 17 10 10  4  4  4  4
 22 21 21 10  8  8  8  8  4  4
 22 21 21 10 10 10  6  6  4  4
 22 21 21 10 10 10  7  7  3  3
 22 22 17 17 10 10 10  3  2  2
 22 22 17 17 17 16 16  3  1  1
 22 22 18 17 13 13  5  4  4  0
 22 22 18 18 13 13 13  2  2  1
 22 22 19 19 14 14 14  2  2  1
 22 22 20  9  9  8  8  8  4  4
 22 22 21  9  9  8  8  8  4  4
 22 22 21 13  7  7  7  7  7  7
 22 22 21 14  7  7  7  7  7  7
 22 22 22 14 10 10  6  6  3  3
 22 22 22 17 15 15  5  5  5  0
 22 22 22 21 21 21 12  3  3  3
 22 22 22 22 12 12 12 11  1  0
 22 22 22 22 13 13 13 13  0  0
 22 22 22 22 18 18  8  8  1  1
 23 20 14 14 14 14  4  4  4  4
 23 20 20 17 11 11  5  5  2  2
 23 21 16 16 16 16  4  4  4  4
 23 21 21 10 10 10  7  7  3  3
 23 21 21 11  8  8  8  8  4  4
 23 22 16 16 16 16  4  4  4  4
 23 22 22 10 10 10  7  7  4  4
 23 23 16 16  8  8  6  6  6  6
 23 23 16 16 15 15  5  4  3  3
 23 23 17 17  8  8  6  6  6  6
 23 23 17 17 16 16  4  4  4  4
 23 23 18 18 11 11 10  3  2  2
 23 23 18 18 11 11 11  3  2  2
 23 23 18 18 14 14 14  2  2  1
 23 23 18 18 18 18 18  4  1  1
 23 23 19 19 15 15 15  2  2  1
 23 23 20  9  9  9  9  9  4  4
 23 23 20 20 16 16 16  2  2  1
 23 23 21  9  9  9  9  9  4  4
 23 23 22 14 14 14  7  7  1  1
 23 23 23 12  9  9  8  8  4  4
 23 23 23 12 11 11  7  7  3  3
 23 23 23 14 10 10  7  7  3  3
 23 23 23 15 14 14  7  7  1  1
 23 23 23 22 22 22 14  3  3  3
 23 23 23 23  8  8  8  8  8  8
 24 20 20 20 11 11  5  5  3  3
 24 20 20 20 11 11  8  3  3  3
 24 20 20 20 13 13  4  4  3  3
 24 22 22 10 10 10  7  7  4  4
 24 22 22 11 11 11  7  7  3  3
 24 23 23 10 10 10  8  8  4  4
 24 24 17 17 17 17  5  4  4  4
 24 24 19 14  8  8  8  6  6  6
 24 24 19 19 11 11 11  4  2  2
 24 24 19 19 16 16 16  2  2  1
 24 24 19 19 18 18 17  2  2  1
 24 24 19 19 19 19 14  3  3  0
 24 24 19 19 19 19 19  2  2  2
 24 24 20 20 14 14  5  5  5  0
 24 24 20 20 15 15  5  5  5  0
 24 24 20 20 17 17 17  2  2  1
 24 24 21  9  9  9  9  9  5  5
 24 24 21 21 15 15  5  5  5  0
 24 24 22  9  9  9  9  9  5  5
 24 24 22 15 15 15  7  7  1  1
 24 24 24 12 11 11  7  7  4  4
 24 24 24 14 10 10  7  7  4  4
 24 24 24 14 11 11  7  7  3  3
 24 24 24 23 23 23 15  3  3  3
 25 21 21 21 12 12  5  5  3  3
 25 23 23 11 11 11  7  7  4  4
 25 23 23 12 12 12  7  7  3  3
 25 25 19 19 19 18 18  4  1  1
 25 25 20 20 20 19 19  4  1  1
 25 25 23 23 13 13  6  6  6  0
 25 25 23 23 17 17 15  2  2  2
 25 25 24 24 13 13 13 13  1  0
 25 25 25 12 11 11  8  8  4  4
 25 25 25 14 11 11  7  7  4  4
 25 25 25 25 20 20  9  9  1  1
 26 24 24 11 11 11  8  8  4  4
 26 24 24 12 12 12  8  8  3  3
 26 26 19 19 10 10  6  6  6  6
 26 26 20 20 20 19 19  2  2  2
 26 26 20 20 20 20 20  5  1  1
 26 26 21 12 12 12  6  6  6  6
 26 26 21 21 12 12 11  3  3  3
 26 26 24 10 10 10 10 10  5  5
 26 26 25 16 16 16  8  8  1  1
 26 26 26 14 11 11  8  8  4  4
 27 22 22 22 12 12  6  6  3  3
 27 23 22 21 15 15  5  4  3  3
 27 24 24 19 12 12  5  5  5  5
 27 27 25 17 17 17  8  8  1  1
 27 27 27 18  9  9  9  8  8  8
 27 27 27 27 12 12 11 11  3  3
 27 27 27 27 27 27 16  4  4  4
 28 22 22 22 15 15  5  5  3  3
 28 23 22 22 15 15  5  5  3  3
 28 23 22 22 16 16  5  5  3  3
 28 23 23 23 13 13  6  6  3  3
 28 28 15 15 15 15  6  6  6  6
 28 28 22 22 22 22 22  3  2  2
 28 28 28 27 12 12 12 12  3  3
 29 24 24 22 16 16  5  4  4  4
 29 24 24 24 14 14  6  6  3  3
 29 25 24 24 14 14  8  4  3  3
 29 29 21 21 20 20  5  5  5  5
 29 29 22 22 22 22 22  3  2  2
 29 29 23 23 13 13 13  4  3  3
 29 29 23 23 21 21 19  2  2  2
 29 29 23 23 23 23 23  3  2  2
 29 29 24 24 17 17  6  6  6  0
 29 29 24 24 19 19 19  3  3  0
 29 29 25 25 17 17  6  6  6  0
 29 29 29 29 20 20 20  3  3  3
 29 29 29 29 21 21 21  3  3  3
 30 25 25 25 14 14  8  4  4  4
 30 30 21 21 21 21  6  5  5  5
 30 30 30 18 10 10 10  9  9  9
 30 30 30 19 10 10 10  9  9  9
 30 30 30 29 24 24 11 11  1  1
 30 30 30 30 22 22 22  3  3  3
 31 28 28 19 12 12  7  7  7  7
 31 31 22 22 12 12  7  7  7  7
 31 31 23 23 12 12  7  7  7  7
 32 26 26 26 15 15  7  7  3  3
 32 32 25 25 15 15 14  4  3  3
 32 32 29 29 16 16  8  8  8  0
 33 30 30 19 14 14  7  7  7  7
 33 33 32 13 13 13 13 13  6  6
 34 31 31 19 12 12 12 12  5  5
 34 34 29 14 14 12 12 12  6  6
 34 34 33 13 13 13 13 13  7  7
 34 34 34 17 17 17  8  8  8  8
 34 34 34 22 11 11 11 11 11 11
 35 29 28 28 19 19  6  6  4  4
 35 34 25 25 24 24  6  6  6  6
 36 33 33 19 12 12 12 12  7  7
 36 35 25 25 25 25  7  6  6  6
 36 36 35 14 14 14 14 14  7  7
 36 36 36 17 17 17  9  9  9  9
 36 36 36 36 36 36 24  5  5  5
 37 37 37 18 18 18  9  9  9  9
 37 37 37 25 12 12 12 12 12 12
 37 37 37 26 12 12 12 12 12 12
 37 37 37 27 12 12 12 12 12 12
 38 38 30 30 30 29 29  3  3  3
 39 39 30 30 30 29 29  3  3  3
 39 39 31 31 31 30 30  3  3  3
 40 37 37 19 14 14 14 14  7  7
 40 40 40 25 13 13 13 13 13 13
 41 38 38 19 19 19 12 12  5  5
 42 42 30 30 29 29  8  7  7  7
 43 40 40 19 19 19 12 12  7  7
 43 43 43 26 14 14 14 14 14 14
 44 44 44 18 18 17 17 17  8  8
 45 42 42 19 19 19 14 14  7  7
 45 45 45 18 18 17 17 17  9  9
 46 46 46 27 15 15 15 15 15 15
 47 39 39 39 22 22 10 10  5  5
 47 47 47 19 19 18 18 18  9  9
 47 47 47 47 20 20 20 20  6  6
 49 49 38 38 38 38 38  4  4  4
 50 50 36 36 36 36  9  9  9  9
 56 56 56 22 22 22 22 22 11 11
 60 60 48 48 48 48 48  5  5  5
 63 63 63 25 25 25 25 25 12 12
 64 64 64 25 25 25 25 25 13 13
 65 65 65 26 26 26 26 26 12 12
 67 67 67 26 26 26 26 26 14 14
 67 67 67 27 27 27 27 27 12 12
 70 70 70 27 27 27 27 27 15 15

292 extreme rays:
  1  1  1  1  1  0  0  0  0  0
  1  1  1  1  1  1  1  1  0  0
  1  1  1  1  1  1  1  1  1  0
  1  1  1  1  1  1  1  1  1  1
  2  1  1  1  1  1  1  1  1  0
  2  2  1  1  1  1  1  1  0  0
  2  2  2  1  1  1  1  0  0  0
  2  2  2  2  2  2  2  1  0  0
  3  2  2  2  2  2  1  1  0  0
  3  2  2  2  2  2  2  0  0  0
  3  3  2  1  1  1  1  1  1  1
  3  3  2  2  1  1  1  1  1  0
  3  3  3  1  1  1  1  1  1  0
  3  3  3  3  3  3  1  1  1  0
  4  3  3  2  2  2  2  2  0  0
  4  4  2  2  2  2  2  1  1  0
  4  4  3  3  2  2  1  1  0  0
  4  4  4  4  3  3  1  1  1  0
  4  4  4  4  3  3  2  1  0  0
  4  4  4  4  4  4  1  1  1  1
  4  4  4  4  4  4  4  1  1  0
  5  4  4  3  3  3  1  1  1  0
  5  4  4  4  2  2  1  1  1  1
  5  4  4  4  2  2  2  1  1  0
  5  4  4  4  2  2  2  2  0  0
  5  5  3  3  3  3  1  1  1  0
  5  5  4  3  2  2  1  1  1  1
  5  5  4  4  4  4  2  2  0  0
  5  5  4  4  4  4  3  1  0  0
  5  5  5  3  3  3  3  3  0  0
  5  5  5  5  2  2  2  2  2  0
  5  5  5  5  3  3  2  2  0  0
  5  5  5  5  5  5  2  2  1  0
  5  5  5  5  5  5  3  1  1  0
  6  4  4  4  4  4  1  1  1  1
  6  5  5  2  2  2  2  2  2  2
  6  5  5  5  3  3  1  1  1  0
  6  6  3  3  3  3  3  1  1  1
  6  6  4  4  2  2  2  2  1  1
  6  6  4  4  3  3  1  1  1  1
  6  6  5  3  2  2  2  2  1  1
  6  6  5  5  4  4  4  1  0  0
  6  6  6  5  3  3  3  3  0  0
  6  6  6  5  4  4  2  2  0  0
  6  6  6  6  3  3  2  2  1  0
  6  6  6  6  6  6  3  1  1  1
  6  6  6  6  6  6  6  1  1  1
  7  4  4  4  4  4  4  4  0  0
  7  6  5  5  2  2  2  2  2  2
  7  6  5  5  4  4  1  1  1  1
  7  6  6  4  2  2  2  2  2  2
  7  6  6  4  4  4  2  2  0  0
  7  7  3  3  3  3  3  3  3  0
  7  7  4  4  4  4  2  1  1  1
  7  7  5  5  3  3  2  1  1  1
  7  7  5  5  3  3  3  1  1  0
  7  7  6  3  3  3  2  2  1  1
  7  7  7  6  3  3  3  3  1  0
  7  7  7  6  6  6  3  3  0  0
  7  7  7  7  4  4  1  1  1  1
  7  7  7  7  5  5  5  1  1  0
  7  7  7  7  7  7  4  4  0  0
  8  7  5  5  5  5  2  1  1  1
  8  8  3  3  3  3  3  3  3  3
  8  8  7  7  4  4  4  3  0  0
  8  8  7  7  5  5  3  1  1  0
  8  8  8  3  3  3  3  3  3  3
  8  8  8  5  5  5  3  3  0  0
  8  8  8  6  5  5  2  2  1  0
  8  8  8  7  4  4  2  2  2  0
  8  8  8  8  5  5  5  3  0  0
  9  4  4  4  4  4  4  4  4  4
  9  6  6  6  6  6  2  2  2  0
  9  7  7  7  3  3  3  3  3  0
  9  7  7  7  5  5  2  1  1  1
  9  8  7  7  4  4  3  1  1  1
  9  8  8  4  4  4  2  2  2  2
  9  8  8  6  4  4  2  2  1  1
  9  9  6  5  5  5  2  2  1  1
  9  9  6  6  3  3  3  2  2  2
  9  9  6  6  4  4  4  1  1  1
  9  9  7  7  6  6  4  1  1  0
  9  9  7  7  7  7  7  1  1  0
  9  9  8  6  6  6  3  3  0  0
  9  9  8  8  4  4  4  3  1  0
  9  9  8  8  7  7  5  1  1  0
  9  9  9  7  5  5  2  2  2  0
  9  9  9  8  8  8  6  3  0  0
  9  9  9  9  7  7  7  3  0  0
  9  9  9  9  8  8  5  1  1  1
 10  8  8  8  5  5  3  1  1  1
 10  9  7  6  6  6  2  2  1  1
 10  9  9  6  4  4  3  3  1  1
 10 10  6  6  3  3  3  3  3  3
 10 10  7  5  5  5  2  2  2  2
 10 10  7  7  4  4  4  2  1  1
 10 10  7  7  7  7  4  1  1  1
 10 10  8  8  6  6  5  1  1  0
 10 10  9  8  6  6  2  2  2  0
 10 10  9  9  5  5  3  2  2  0
 10 10  9  9  7  7  6  1  1  0
 10 10  9  9  9  9  6  1  1  1
 10 10 10  6  6  6  3  3  1  0
 10 10 10  7  4  4  4  4  1  1
 10 10 10 10  5  5  5  4  1  0
 10 10 10 10 10 10  4  4  1  1
 10 10 10 10 10 10  5  3  1  1
 11  9  9  8  6  6  2  2  1  1
 11  9  9  9  5  5  3  2  1  1
 11 10  8  8  5  5  5  1  1  1
 11 10 10  4  4  4  4  4  2  2
 11 10 10  6  4  4  3  3  2  2
 11 10 10  6  5  5  3  3  1  1
 11 10 10 10  8  8  4  4  0  0
 11 11  9  9  8  8  7  1  1  0
 11 11 10  7  7  7  3  3  1  0
 11 11 11  7  4  4  3  3  3  3
 11 11 11  8  8  8  2  2  2  2
 11 11 11 11  5  5  5  2  2  2
 11 11 11 11  5  5  5  3  3  0
 11 11 11 11  5  5  5  4  1  1
 11 11 11 11  6  6  3  3  3  0
 11 11 11 11  8  8  7  1  1  1
 12 11  8  7  7  7  2  2  2  2
 12 11  9  9  5  5  5  2  1  1
 12 11 11  6  5  5  3  3  2  2
 12 12  9  5  5  5  3  3  3  3
 12 12  9  6  4  4  4  3  3  3
 12 12  9  8  8  8  2  2  2  2
 12 12  9  9  9  8  8  3  0  0
 12 12  9  9  9  9  9  1  1  1
 12 12 10 10  7  7  3  2  2  0
 12 12 10 10 10  9  9  3  0  0
 12 12 12  7  4  4  4  4  3  3
 12 12 12 11 11 11  7  2  1  1
 12 12 12 12  7  7  7  6  0  0
 12 12 12 12  9  9  4  4  1  0
 12 12 12 12  9  9  5  2  2  0
 12 12 12 12 12 12  8  3  1  1
 13 10 10  8  8  8  2  2  2  2
 13 10 10 10  7  7  2  2  2  2
 13 11 11 10  6  6  3  3  1  1
 13 12 12  6  5  5  4  4  2  2
 13 13  9  9  5  5  3  3  3  2
 13 13 10 10  4  4  4  4  4  4
 13 13 10 10  7  7  7  1  1  1
 13 13 10 10 10 10 10  4  0  0
 13 13 11  9  4  4  4  4  4  4
 13 13 11 11  7  7  4  2  2  0
 13 13 11 11  9  9  6  1  1  1
 13 13 12 12  6  6  6  6  1  0
 13 13 12 12  9  9  9  1  1  1
 13 13 12 12 10 10  5  5  0  0
 13 13 13  7  6  6  3  3  3  3
 13 13 13  7  7  7  4  4  1  1
 13 13 13  9  9  9  3  3  3  0
 13 13 13  9  9  9  4  4  1  0
 13 13 13 12  6  6  5  5  1  1
 13 13 13 13  9  9  6  2  2  0
 13 13 13 13 11 11  5  5  1  0
 14 12 12 10  7  7  3  3  1  1
 14 14 10 10  9  9  3  2  2  2
 14 14 11  6  6  5  5  5  2  2
 14 14 11 11 11 11 10  1  1  1
 14 14 12 12  7  7  7  7  0  0
 14 14 12 12  9  9  7  1  1  1
 14 14 13 13  6  6  6  6  1  1
 14 14 14  9  6  6  4  4  2  2
 14 14 14 14 10 10 10  2  1  1
 14 14 14 14 11 11  6  6  0  0
 14 14 14 14 11 11  8  2  2  0
 15 12 12 12  6  6  6  2  2  2
 15 13 13 10  6  6  3  3  3  3
 15 14  9  9  9  9  3  3  2  2
 15 14 11 11  6  6  3  3  3  3
 15 14 11 11  6  6  6  2  2  2
 15 15  9  8  8  8  3  3  3  3
 15 15 10 10 10 10  3  3  2  2
 15 15 12  6  6  5  5  5  3  3
 15 15 12 12 10 10  8  1  1  1
 15 15 12 12 11 11 11  1  1  1
 15 15 12 12 12 12  8  2  2  0
 15 15 13 13 11 11  9  1  1  1
 15 15 14  9  5  5  5  4  4  4
 15 15 14 14  8  8  8  8  0  0
 15 15 15  7  7  7  4  4  3  3
 15 15 15  9  7  7  4  4  2  2
 15 15 15 10 10 10  4  4  1  1
 15 15 15 15  7  7  7  7  1  1
 15 15 15 15 15 15  8  3  2  2
 16 14 14 10  7  7  3  3  3  3
 16 16  9  9  9  9  4  4  2  2
 16 16 11 11  6  6  4  4  3  3
 16 16 12  6  6  6  6  6  3  3
 16 16 13 10 10 10  4  4  1  1
 16 16 13 13  7  7  7  2  2  2
 16 16 13 13  7  7  7  4  1  1
 16 16 14  9  5  5  5  5  5  5
 16 16 16  7  6  6  6  6  3  3
 16 16 16  9  7  7  5  5  2  2
 17 16 12 12  6  6  4  4  4  4
 17 17 11 11 11 11  3  3  3  3
 17 17 13 13 13 13 10  2  2  0
 17 17 14 14 14 14 11  2  2  0
 17 17 15 15  7  7  7  7  3  0
 17 17 16  8  8  8  4  4  4  4
 17 17 17  7  7  7  6  6  3  3
 17 17 17  9  7  7  5  5  3  3
 17 17 17 17  9  9  6  4  4  0
 17 17 17 17  9  9  9  9  1  0
 17 17 17 17 17 17 11  3  2  2
 18 16 16 10  6  6  6  6  3  3
 18 16 16 10  7  7  4  4  4  4
 18 18 10 10 10 10  4  4  3  3
 18 18 12 12  7  7  4  4  4  4
 18 18 18 12 11 11  5  5  1  1
 18 18 18 15 12 12  4  4  4  0
 18 18 18 18 16 16  7  7  1  1
 19 16 12 12 12 12  4  4  2  2
 19 19 15 15  9  9  8  2  2  2
 19 19 15 15 15 14 14  2  1  1
 19 19 16 16 12 12 12  2  2  0
 19 19 17 17  9  9  5  5  5  0
 19 19 18 13  6  6  6  6  6  6
 19 19 19 19  9  9  9  9  3  0
 20 16 16 14 11 11  3  3  3  3
 20 18 18 10  7  7  7  7  3  3
 20 20 15 15 15 15 15  3  1  1
 20 20 16 16 13 13 13  2  2  0
 20 20 16 16 16 16 16  3  1  1
 20 20 17 17 14 14 14  2  2  0
 21 16 16 16  6  6  6  6  6  6
 21 16 16 16 12 12  4  4  2  2
 21 17 17 17  9  9  6  3  3  3
 21 19 19 10  7  7  7  7  4  4
 21 20 12 12 12 12  4  4  4  4
 21 21 20 13 13 13  6  6  1  1
 21 21 21 21  9  9  9  9  3  2
 22 20 20 10 10 10  6  6  3  3
 22 22 17 17 10 10 10  3  2  2
 22 22 21  9  9  8  8  8  4  4
 22 22 21 13  7  7  7  7  7  7
 22 22 22 21 21 21 12  3  3  3
 22 22 22 22 13 13 13 13  0  0
 23 20 14 14 14 14  4  4  4  4
 23 21 21 10 10 10  7  7  3  3
 23 22 16 16 16 16  4  4  4  4
 23 23 17 17  8  8  6  6  6  6
 23 23 21  9  9  9  9  9  4  4
 23 23 23 23  8  8  8  8  8  8
 24 22 22 10 10 10  7  7  4  4
 24 24 21 21 15 15  5  5  5  0
 24 24 22  9  9  9  9  9  5  5
 24 24 24 23 23 23 15  3  3  3
 25 25 23 23 13 13  6  6  6  0
 25 25 25 25 20 20  9  9  1  1
 27 22 22 22 12 12  6  6  3  3
 27 27 27 18  9  9  9  8  8  8
 27 27 27 27 12 12 11 11  3  3
 27 27 27 27 27 27 16  4  4  4
 28 22 22 22 15 15  5  5  3  3
 28 28 15 15 15 15  6  6  6  6
 28 28 28 27 12 12 12 12  3  3
 29 29 21 21 20 20  5  5  5  5
 29 29 22 22 22 22 22  3  2  2
 29 29 23 23 23 23 23  3  2  2
 29 29 25 25 17 17  6  6  6  0
 29 29 29 29 20 20 20  3  3  3
 30 30 21 21 21 21  6  5  5  5
 30 30 30 18 10 10 10  9  9  9
 30 30 30 30 22 22 22  3  3  3
 31 31 23 23 12 12  7  7  7  7
 32 26 26 26 15 15  7  7  3  3
 33 33 32 13 13 13 13 13  6  6
 34 34 33 13 13 13 13 13  7  7
 34 34 34 17 17 17  8  8  8  8
 34 34 34 22 11 11 11 11 11 11
 36 36 36 17 17 17  9  9  9  9
 36 36 36 36 36 36 24  5  5  5
 37 37 37 27 12 12 12 12 12 12
 39 39 30 30 30 29 29  3  3  3
 39 39 31 31 31 30 30  3  3  3
 44 44 44 18 18 17 17 17  8  8
 45 45 45 18 18 17 17 17  9  9
 46 46 46 27 15 15 15 15 15 15
 47 47 47 47 20 20 20 20  6  6
 49 49 38 38 38 38 38  4  4  4
 50 50 36 36 36 36  9  9  9  9
 56 56 56 22 22 22 22 22 11 11
 60 60 48 48 48 48 48  5  5  5
 67 67 67 27 27 27 27 27 12 12
 70 70 70 27 27 27 27 27 15 15

171 support hyperplanes:
 -8 -13  -3   2  22  17  12 12  7  2
 -8 -13  -3  17  12  12   7  2 22  2
 -8 -13   2  -3  22  12  17 12  7  2
 -8 -13  12   7   2  -3  22 17 12  2
 -8  -8  -3   2  17  12   7 12  7  2
 -8  -8  -3  12   7   2  17 12  7  2
 -8  -8  -3  12   7  12   7  2 17  2
 -8  -8   2  -3  17   2  17 12  7  7
 -8  -8   2  -3  17   7  12 12  7  2
 -8  -8   7   7   2  -3  17 12 12  2
 -8  -3  -8   2  17   2  17 12  7  7
 -8  -3  -8   2  17   7  12 12  7  2
 -8  -3  -8   2  17  12   7  2 17  7
 -8  -3  -8   2  17  12   7  7 12  2
 -8  -3  -8   7  12   2  17 12  7  2
 -8  -3  -8   7  12  12   7  2 17  2
 -8  -3  -8  12   7   2  17  2 17  7
 -8  -3  -8  12   7   2  17  7 12  2
 -8  -3  -8  12   7   7  12  2 17  2
 -8  -3   2  -8  17   7   2 17 12  7
 -8  -3   2   7   2  -8  17 17 12  7
 -8  -3   7   2   2  -8  17 12 17  7
 -8  -3   7   2   2  -3  12 12  7  2
 -8   2  -3  -8  17   2   7 17 12  7
 -8   2  -3  -8  17   2  12  7 17  7
 -8   2  -3   2   7  -8  17 17 12  7
 -8   2   2  -3   7  -8  17 12 17  7
 -6 -11 -16  -1  34  24  19 14  9  4
 -6 -11 -16   4  29  24  19 14  9 -1
 -6 -11 -16  24  19  14   9 -1 34  4
 -6 -11 -16  24  19  14   9  4 29 -1
 -6  -6  -1  -1  14   9   9  4  4  4
 -6  -6  -1   4   9   9   9  4  4 -1
 -6  -6  -1   9   9   4   4 -1 14  4
 -6  -6  -1   9   9   4   4  4  9 -1
 -6  -1   4   4  -1  -6  14  9  9  4
 -6   4  -1  -1   4  -6  14  9  9  4
 -4  -9  -9   1  21  16  11 11  6  1
 -4  -9  -9  16  11  11   6  1 21  1
 -4  -9  -4   1  16  11  11  6  6  1
 -4  -9  -4  11  11   6   6  1 16  1
 -4  -4  -9   1  16  11   6 11  6  1
 -4  -4  -9  11   6   1  16 11  6  1
 -4  -4  -9  11   6  11   6  1 16  1
 -4  -4   6   1   1  -9  16 16 11  6
 -4   1   1   1   1   1   1  1  1  1
 -3  -8  -8   2  17   2  17  7 12  7
 -3  -8  -8   2  17   7  12  2 17  7
 -3  -8  -8   2  17   7  12  7 12  2
 -3  -8  -8   7  12   2  17  2 17  7
 -3  -8  -8   7  12   2  17  7 12  2
 -3  -8  -8   7  12   7  12  2 17  2
 -3  -8   2  -8  17   2   7 17 12  7
 -3  -8   2  -8  17   7   2 12 17  7
 -3  -8   2  -3  12   2  12  7  7  2
 -3  -8   2  -3  12   7   2 12  7  2
 -3  -8   2   2   7  -8  17 17 12  7
 -3  -8   2   7   2  -8  17 12 17  7
 -3  -8   2   7   2  -3  12 12  7  2
 -3  -8   7  -8  12   2   2 17 17  7
 -3  -8   7   2   2  -8  12 17 17  7
 -3  -8   7   2   2  -3  12  7 12  2
 -3  -3  -8   2  12   2  12  7  7  2
 -3  -3  -8   2  12   7   7  2 12  2
 -3  -3  -8   7   7   2  12  2 12  2
 -3  -3  -3   2   7   2   7  2  7  2
 -3  -3   2  -3   7   2   2  7  7  2
 -3  -3   2   2   2  -3   7  7  7  2
 -2  -7   8   3  -2 -12  23 18 13  8
 -2  -2  -2  -2   8   3   3  3  3  3
 -2  -2  -2   3   3  -2   8  3  3  3
 -2  -2  -2   3   3   3   3 -2  8  3
 -2  -2  -2   3   3   3   3  3  3 -2
 -2  -2   3  -2   3  -2   3  8  3  3
 -2  -2   3  -2   3   3  -2  3  8  3
 -2  -2   3   3  -2  -2   3  3  8  3
 -2   3  -2  -2   3  -2   3  3  8  3
 -1  -6   4  -6   9   4  -1 14  9  4
 -1  -6   4  -1   4  -6  14  9  9  4
 -1  -6   4   4  -1  -6   9 14  9  4
 -1   0   0   0   1   0   1  1  1  0
  0  -1   0   0   1   0   1  1  0  1
  0  -1   0   0   1   1   0  0  1  1
  0  -1   0   1   0   0   1  0  1  1
  0  -1   1   0   0   0   0  1  1  1
  0   0  -1   0   1   0   1  0  1  1
  0   0   0  -1   1   0   0  1  1  1
  0   0   0   0   0  -1   1  1  1  1
  0   0   0   0   0   0   0  0  0  1
  0   0   0   0   0   0   0  0  1 -1
  0   0   0   0   0   0   0  1 -1  0
  0   0   0   0   0   0   1 -1  0  0
  0   0   0   0   0   1  -1  0  0  0
  0   0   0   0   1  -1   0  0  0  0
  0   0   0   1  -1   0   0  0  0  0
  0   0   1  -1   0   0   0  0  0  0
  0   1  -1   0   0   0   0  0  0  0
  1  -1   0   0   0   0   0  0  0  0
  2  -8  -8  -3  17   7   7  2 17 12
  2  -8  -8   7   7  -3  17  2 17 12
  2  -8  -3  -8  17   2  12  7  7 17
  2  -8  -3  -8  17   7   2  7 17 12
  2  -8  -3  -8  17   7   7  2 12 17
  2  -8  -3   7   2  -8  17  7 17 12
  2  -8   2  -3   7  -8  17 12  7 17
  2  -8   7  -8   7  -3   2 17 17 12
  2  -8   7  -8   7   2  -3 17 12 17
  2  -8   7  -3   2  -8   7 17 17 12
  2  -8   7   2  -3  -8   7 17 12 17
  2  -8   7   2   2  -3  -3  7 12 12
  2  -4   3   1   0  -1  -2  6  5  4
  2  -3  -8 -13  22  12   7  2 17 12
  2  -3  -8  -8  17   2   7  7 17 12
  2  -3  -8  -8  17   2   7 12  7 17
  2  -3  -8  -8  17   7   2  7 12 17
  2  -3  -8  -8  17   7   7  2 12 12
  2  -3  -8  -3  12   7   2  2 12  7
  2  -3  -8   2   7  -8  17  7 17 12
  2  -3  -8   2   7  -8  17 12  7 17
  2  -3  -8   7   2  -8  17  7 12 17
  2  -3  -8   7   2  -3  12  2 12  7
  2  -3  -3  -8  12   2   7  2 12  7
  2  -3  -3  -8  12   2   7  7  2 12
  2  -3  -3  -8  12   7   2  2  7 12
  2  -3  -3  -3   7   2   2  2  7  7
  2  -3  -3   2   2  -3   7  2  7  7
  2  -3   2  -8   7  -8   7 17 17 12
  2  -3   2  -3   2  -3   2  7  7  7
  2   1   0  -1  -2  -4   3  6  5  4
  2   2  -3  -8   7  -8   7 17 12 17
  2   2  -3  -8   7  -8  12  7 17 17
  2   2   2  -3  -3  -8   7  7 12 12
  3  -2  -2  -2   3  -2   3  3  3  8
  4  -6  -1  -6   9   4   4 -1 14  9
  4  -6   4  -6   4  -1  -1 14  9  9
  4  -6   4  -1  -1  -6   4 14  9  9
  4  -1  -6  -6   9   4  -1  4 14  9
  4  -1  -6  -6   9   4   4 -1  9 14
  4  -1  -6   4  -1  -6   9  4 14  9
  4  -1  -1  -6   4  -6   4 14  9  9
  4  -1  -1  -6   4  -6   9  4 14  9
  4  -1  -1  -1  -1  -1  -1  4  4  4
  6  -9   6  -4   1  -4   1 16 16 11
  6  -9   6  -4   1   1  -4 16 11 16
  6  -9   6   1  -4  -4   1 16 11 16
  6  -9   6   1  -4   1  -4 11 16 16
  6  -9   6   1  -4   1  -4 16 11 11
  6  -9   6   1   1  -4  -4 11 16 11
  6  -4  -4  -9  11   6   1  1 16 16
  6  -4   1  -9   6  -4   1 16 16 11
  6  -4   1  -9   6   1  -4 16 11 16
  6  -4   1  -4   1  -9   6 16 16 11
  6  -4   1   1  -4  -9   6 16 11 16
  6  -4   1   1   1  -4  -4  6 11 11
  6   1  -4  -9   6  -4   1 16 11 16
  6   1  -4  -9   6   1  -4 11 16 16
  6   1  -4  -9   6   1  -4 16 11 11
  6   1  -4  -4   1  -9   6 16 11 16
  6   1  -4  -4   1  -9  11  6 16 16
  6   1  -4   1  -4  -9   6 11 16 16
  6   1  -4   1  -4  -9   6 16 11 11
  6   1   1  -4  -4  -9   6 11 16 11
  6   1   1  -4  -4  -4   1  6 11 11
  8 -12   8   3  -2  -2  -7 13 23 18
  8 -12   8   3  -2  -2  -7 18 18 13
  8  -2  -7 -12  13   8   3 -2 23 18
  8   3  -2  -7  -2 -12  13  8 23 18
  8   3  -2  -2  -7 -12   8 13 23 18
  8   3  -2  -2  -7 -12   8 18 18 13
 14 -16   9   4  -1  -6 -11 29 24 19
 14   4  -1  -6 -11 -16   9 29 24 19

