470 Hilbert basis elements
182 extreme rays
132 support hyperplanes

embedding dimension = 11
rank = 11 (maximal)
external index = 1

size of partial triangulation   = 970
resulting sum of |det|s = 6313

No implicit grading found

rank of class group = 121
class group is free

***********************************************************************

470 Hilbert basis elements:
  1  1  1  0  0  0 0 0 0 0 0
  1  1  1  1  1  1 0 0 0 0 0
  1  1  1  1  1  1 1 0 0 0 0
  1  1  1  1  1  1 1 1 0 0 0
  1  1  1  1  1  1 1 1 1 0 0
  1  1  1  1  1  1 1 1 1 1 0
  1  1  1  1  1  1 1 1 1 1 1
  2  1  1  1  1  0 0 0 0 0 0
  2  1  1  1  1  1 1 0 0 0 0
  2  1  1  1  1  1 1 1 0 0 0
  2  1  1  1  1  1 1 1 1 0 0
  2  1  1  1  1  1 1 1 1 1 0
  2  1  1  1  1  1 1 1 1 1 1
  2  2  1  1  1  1 1 0 0 0 0
  2  2  1  1  1  1 1 1 0 0 0
  2  2  1  1  1  1 1 1 1 0 0
  2  2  1  1  1  1 1 1 1 1 0
  2  2  1  1  1  1 1 1 1 1 1
  2  2  2  2  1  1 1 0 0 0 0
  2  2  2  2  1  1 1 1 0 0 0
  2  2  2  2  1  1 1 1 1 0 0
  2  2  2  2  1  1 1 1 1 1 0
  2  2  2  2  1  1 1 1 1 1 1
  2  2  2  2  2  1 1 0 0 0 0
  2  2  2  2  2  1 1 1 0 0 0
  2  2  2  2  2  1 1 1 1 0 0
  2  2  2  2  2  1 1 1 1 1 0
  2  2  2  2  2  1 1 1 1 1 1
  3  1  1  1  1  1 1 0 0 0 0
  3  1  1  1  1  1 1 1 1 0 0
  3  1  1  1  1  1 1 1 1 1 0
  3  1  1  1  1  1 1 1 1 1 1
  3  2  1  1  1  1 1 1 1 0 0
  3  2  1  1  1  1 1 1 1 1 0
  3  2  1  1  1  1 1 1 1 1 1
  3  2  2  2  1  1 1 0 0 0 0
  3  2  2  2  1  1 1 1 0 0 0
  3  2  2  2  1  1 1 1 1 0 0
  3  2  2  2  1  1 1 1 1 1 0
  3  2  2  2  1  1 1 1 1 1 1
  3  3  1  1  1  1 1 1 1 1 1
  3  3  2  2  1  1 0 0 0 0 0
  3  3  2  2  1  1 1 1 0 0 0
  3  3  2  2  1  1 1 1 1 0 0
  3  3  2  2  1  1 1 1 1 1 0
  3  3  2  2  1  1 1 1 1 1 1
  3  3  2  2  2  1 1 0 0 0 0
  3  3  2  2  2  1 1 1 0 0 0
  3  3  2  2  2  1 1 1 1 0 0
  3  3  2  2  2  1 1 1 1 1 0
  3  3  2  2  2  1 1 1 1 1 1
  3  3  3  3  1  1 1 0 0 0 0
  3  3  3  3  1  1 1 1 1 0 0
  3  3  3  3  1  1 1 1 1 1 0
  3  3  3  3  1  1 1 1 1 1 1
  3  3  3  3  2  1 1 1 0 0 0
  3  3  3  3  2  1 1 1 1 0 0
  3  3  3  3  2  1 1 1 1 1 0
  3  3  3  3  2  1 1 1 1 1 1
  3  3  3  3  3  1 1 1 0 0 0
  3  3  3  3  3  1 1 1 1 0 0
  3  3  3  3  3  1 1 1 1 1 0
  3  3  3  3  3  1 1 1 1 1 1
  4  1  1  1  1  1 1 1 1 0 0
  4  1  1  1  1  1 1 1 1 1 1
  4  2  1  1  1  1 1 1 1 1 1
  4  2  2  2  1  1 1 1 1 0 0
  4  2  2  2  1  1 1 1 1 1 0
  4  2  2  2  1  1 1 1 1 1 1
  4  2  2  2  2  2 1 1 0 0 0
  4  3  2  2  1  1 1 1 0 0 0
  4  3  2  2  1  1 1 1 1 0 0
  4  3  2  2  1  1 1 1 1 1 0
  4  3  2  2  1  1 1 1 1 1 1
  4  3  2  2  2  2 1 1 0 0 0
  4  3  3  3  1  1 1 1 1 0 0
  4  3  3  3  1  1 1 1 1 1 0
  4  3  3  3  1  1 1 1 1 1 1
  4  4  2  2  1  1 1 1 1 1 0
  4  4  2  2  1  1 1 1 1 1 1
  4  4  2  2  2  1 1 1 1 0 0
  4  4  2  2  2  1 1 1 1 1 0
  4  4  2  2  2  1 1 1 1 1 1
  4  4  2  2  2  2 1 1 0 0 0
  4  4  2  2  2  2 1 1 1 0 0
  4  4  2  2  2  2 1 1 1 1 0
  4  4  3  3  1  1 1 1 0 0 0
  4  4  3  3  1  1 1 1 1 0 0
  4  4  3  3  1  1 1 1 1 1 0
  4  4  3  3  1  1 1 1 1 1 1
  4  4  3  3  2  1 1 0 0 0 0
  4  4  3  3  2  1 1 1 0 0 0
  4  4  3  3  2  1 1 1 1 0 0
  4  4  3  3  2  1 1 1 1 1 0
  4  4  3  3  2  1 1 1 1 1 1
  4  4  3  3  3  1 1 1 0 0 0
  4  4  3  3  3  1 1 1 1 0 0
  4  4  3  3  3  1 1 1 1 1 0
  4  4  3  3  3  1 1 1 1 1 1
  4  4  4  4  1  1 1 1 1 0 0
  4  4  4  4  1  1 1 1 1 1 1
  4  4  4  4  2  1 1 1 0 0 0
  4  4  4  4  2  1 1 1 1 0 0
  4  4  4  4  2  1 1 1 1 1 0
  4  4  4  4  2  1 1 1 1 1 1
  4  4  4  4  2  2 1 1 0 0 0
  4  4  4  4  3  1 1 1 1 0 0
  4  4  4  4  3  1 1 1 1 1 0
  4  4  4  4  3  1 1 1 1 1 1
  4  4  4  4  4  1 1 1 1 0 0
  4  4  4  4  4  1 1 1 1 1 0
  4  4  4  4  4  1 1 1 1 1 1
  5  1  1  1  1  1 1 1 1 1 1
  5  2  2  2  1  1 1 1 1 1 1
  5  2  2  2  2  2 1 1 1 1 0
  5  3  2  2  1  1 1 1 1 1 0
  5  3  2  2  1  1 1 1 1 1 1
  5  3  2  2  2  2 1 1 0 0 0
  5  3  2  2  2  2 1 1 1 0 0
  5  3  2  2  2  2 1 1 1 1 0
  5  3  3  3  1  1 1 1 1 1 1
  5  3  3  3  2  2 1 1 0 0 0
  5  4  2  2  2  2 1 1 1 1 0
  5  4  2  2  2  2 1 1 1 1 1
  5  4  3  3  1  1 1 1 1 1 0
  5  4  3  3  1  1 1 1 1 1 1
  5  4  4  4  1  1 1 1 1 1 1
  5  4  4  4  2  2 1 1 0 0 0
  5  5  2  2  2  2 2 2 1 1 0
  5  5  2  2  2  2 2 2 2 0 0
  5  5  2  2  2  2 2 2 2 1 0
  5  5  2  2  2  2 2 2 2 2 0
  5  5  3  3  2  1 1 1 0 0 0
  5  5  3  3  2  1 1 1 1 0 0
  5  5  3  3  2  1 1 1 1 1 0
  5  5  3  3  2  1 1 1 1 1 1
  5  5  3  3  3  1 1 0 0 0 0
  5  5  3  3  3  1 1 1 1 0 0
  5  5  3  3  3  1 1 1 1 1 0
  5  5  3  3  3  1 1 1 1 1 1
  5  5  3  3  3  2 1 1 0 0 0
  5  5  4  4  1  1 1 1 1 1 0
  5  5  4  4  1  1 1 1 1 1 1
  5  5  4  4  2  1 1 1 1 0 0
  5  5  4  4  2  1 1 1 1 1 0
  5  5  4  4  2  1 1 1 1 1 1
  5  5  4  4  3  1 1 1 0 0 0
  5  5  4  4  3  1 1 1 1 0 0
  5  5  4  4  3  1 1 1 1 1 0
  5  5  4  4  3  1 1 1 1 1 1
  5  5  4  4  4  1 1 1 1 0 0
  5  5  4  4  4  1 1 1 1 1 0
  5  5  4  4  4  1 1 1 1 1 1
  5  5  5  5  1  1 1 1 1 1 1
  5  5  5  5  2  1 1 1 1 1 0
  5  5  5  5  2  1 1 1 1 1 1
  5  5  5  5  2  2 1 1 1 1 0
  5  5  5  5  2  2 2 2 0 0 0
  5  5  5  5  3  1 1 1 1 1 0
  5  5  5  5  3  1 1 1 1 1 1
  5  5  5  5  4  1 1 1 1 1 0
  5  5  5  5  4  1 1 1 1 1 1
  5  5  5  5  5  1 1 1 1 1 0
  6  2  2  2  2  2 2 2 1 1 0
  6  3  2  2  2  2 1 1 1 1 0
  6  3  2  2  2  2 1 1 1 1 1
  6  3  2  2  2  2 2 2 1 1 0
  6  3  3  3  2  2 1 1 0 0 0
  6  3  3  3  2  2 1 1 1 0 0
  6  3  3  3  2  2 1 1 1 1 0
  6  4  2  2  2  2 2 2 1 1 0
  6  4  3  3  2  2 1 1 0 0 0
  6  4  4  4  2  2 1 1 0 0 0
  6  4  4  4  2  2 1 1 1 0 0
  6  4  4  4  2  2 1 1 1 1 0
  6  5  3  3  3  3 1 1 1 0 0
  6  5  5  5  2  2 1 1 0 0 0
  6  5  5  5  2  2 1 1 1 0 0
  6  5  5  5  2  2 1 1 1 1 0
  6  5  5  5  2  2 2 2 0 0 0
  6  6  3  3  2  2 2 2 1 0 0
  6  6  3  3  2  2 2 2 2 0 0
  6  6  3  3  3  1 1 1 1 1 1
  6  6  3  3  3  2 1 1 1 1 0
  6  6  3  3  3  2 1 1 1 1 1
  6  6  3  3  3  2 2 2 0 0 0
  6  6  3  3  3  3 1 1 1 0 0
  6  6  3  3  3  3 1 1 1 1 0
  6  6  3  3  3  3 1 1 1 1 1
  6  6  4  4  2  1 1 1 1 1 0
  6  6  4  4  2  1 1 1 1 1 1
  6  6  4  4  3  1 1 1 1 0 0
  6  6  4  4  3  1 1 1 1 1 0
  6  6  4  4  3  1 1 1 1 1 1
  6  6  4  4  4  1 1 1 0 0 0
  6  6  4  4  4  1 1 1 1 0 0
  6  6  4  4  4  1 1 1 1 1 0
  6  6  4  4  4  1 1 1 1 1 1
  6  6  4  4  4  2 1 1 0 0 0
  6  6  5  5  2  1 1 1 1 1 1
  6  6  5  5  3  1 1 1 1 1 0
  6  6  5  5  3  1 1 1 1 1 1
  6  6  5  5  4  1 1 1 1 0 0
  6  6  5  5  4  1 1 1 1 1 0
  6  6  5  5  4  1 1 1 1 1 1
  6  6  5  5  5  1 1 1 1 1 0
  6  6  5  5  5  1 1 1 1 1 1
  6  6  6  6  2  2 2 2 1 1 0
  6  6  6  6  4  2 1 1 1 0 0
  7  3  2  2  2  2 2 2 1 1 0
  7  3  3  3  2  2 1 1 1 1 0
  7  3  3  3  2  2 1 1 1 1 1
  7  3  3  3  2  2 2 2 1 1 0
  7  4  3  3  2  2 1 1 1 1 0
  7  4  4  4  2  2 1 1 1 1 0
  7  4  4  4  2  2 1 1 1 1 1
  7  5  3  3  3  3 1 1 1 1 0
  7  5  3  3  3  3 1 1 1 1 1
  7  5  5  5  2  2 1 1 1 1 0
  7  5  5  5  2  2 1 1 1 1 1
  7  5  5  5  2  2 2 2 0 0 0
  7  6  3  3  3  3 1 1 1 1 1
  7  6  4  4  2  2 2 1 1 0 0
  7  6  6  6  2  2 1 1 1 1 0
  7  6  6  6  2  2 1 1 1 1 1
  7  6  6  6  2  2 2 2 1 1 0
  7  7  3  3  3  2 2 2 2 2 0
  7  7  3  3  3  3 2 2 2 1 0
  7  7  3  3  3  3 2 2 2 2 0
  7  7  4  4  2  2 2 1 1 0 0
  7  7  4  4  2  2 2 1 1 1 0
  7  7  4  4  2  2 2 1 1 1 1
  7  7  4  4  2  2 2 2 1 0 0
  7  7  4  4  2  2 2 2 2 0 0
  7  7  4  4  3  1 1 1 1 1 0
  7  7  4  4  3  1 1 1 1 1 1
  7  7  4  4  4  1 1 1 1 0 0
  7  7  4  4  4  1 1 1 1 1 1
  7  7  4  4  4  2 1 1 0 0 0
  7  7  4  4  4  2 1 1 1 0 0
  7  7  4  4  4  2 1 1 1 1 0
  7  7  4  4  4  2 2 2 0 0 0
  7  7  4  4  4  3 1 1 1 0 0
  7  7  5  5  2  2 2 1 1 0 0
  7  7  5  5  3  1 1 1 1 1 1
  7  7  5  5  4  1 1 1 1 1 0
  7  7  5  5  4  1 1 1 1 1 1
  7  7  5  5  5  1 1 1 1 1 0
  7  7  5  5  5  1 1 1 1 1 1
  7  7  6  6  4  1 1 1 1 1 1
  7  7  7  7  2  2 2 2 1 1 0
  7  7  7  7  2  2 2 2 2 2 0
  7  7  7  7  3  3 2 2 0 0 0
  7  7  7  7  4  2 1 1 1 1 1
  8  3  3  3  2  2 2 2 1 1 0
  8  3  3  3  3  3 2 2 1 1 0
  8  4  3  3  2  2 2 2 1 1 0
  8  4  4  4  2  2 2 2 1 1 0
  8  5  5  5  2  2 2 2 1 1 0
  8  5  5  5  3  3 1 1 1 0 0
  8  6  3  3  3  2 2 2 2 2 0
  8  6  4  4  2  2 2 1 1 1 0
  8  6  4  4  2  2 2 1 1 1 1
  8  6  4  4  4  4 1 1 1 0 0
  8  6  6  6  2  2 2 2 1 1 0
  8  6  6  6  3  3 1 1 1 0 0
  8  7  3  3  3  3 3 2 2 2 0
  8  7  3  3  3  3 3 3 1 1 1
  8  7  4  4  2  2 2 1 1 1 1
  8  7  4  4  4  4 1 1 1 1 0
  8  7  5  5  2  2 2 1 1 0 0
  8  7  5  5  2  2 2 1 1 1 0
  8  7  5  5  2  2 2 1 1 1 1
  8  7  6  6  3  2 1 1 0 0 0
  8  7  7  7  2  2 2 2 1 1 0
  8  7  7  7  2  2 2 2 2 2 0
  8  8  4  4  2  2 2 2 2 1 1
  8  8  4  4  4  2 2 2 1 1 0
  8  8  4  4  4  3 1 1 1 1 1
  8  8  5  5  2  2 2 1 1 1 1
  8  8  5  5  2  2 2 2 2 0 0
  8  8  5  5  3  2 2 1 1 0 0
  8  8  5  5  4  1 1 1 1 1 1
  8  8  5  5  4  2 1 1 0 0 0
  8  8  5  5  5  1 1 1 1 1 0
  8  8  5  5  5  1 1 1 1 1 1
  8  8  5  5  5  2 1 1 1 1 0
  8  8  6  6  2  2 2 1 1 1 0
  8  8  6  6  2  2 2 1 1 1 1
  8  8  6  6  5  1 1 1 1 1 1
  8  8  6  6  6  2 1 1 1 0 0
  8  8  7  7  2  2 2 2 1 1 0
  8  8  8  8  3  2 2 2 1 1 0
  9  3  3  3  3  3 2 2 1 1 0
  9  4  3  3  3  3 2 2 1 1 0
  9  5  5  5  2  2 2 2 2 2 0
  9  5  5  5  3  3 1 1 1 1 0
  9  5  5  5  3  3 1 1 1 1 1
  9  5  5  5  3  3 3 3 0 0 0
  9  6  3  3  3  3 3 2 2 2 0
  9  6  3  3  3  3 3 3 1 1 1
  9  6  4  4  4  3 3 3 0 0 0
  9  6  4  4  4  4 1 1 1 1 1
  9  6  6  6  2  2 2 2 2 2 0
  9  6  6  6  3  3 1 1 1 0 0
  9  6  6  6  3  3 1 1 1 1 0
  9  6  6  6  3  3 1 1 1 1 1
  9  7  4  4  2  2 2 2 2 1 1
  9  7  5  5  2  2 2 1 1 1 1
  9  7  7  7  2  2 2 2 2 2 0
  9  7  7  7  3  3 1 1 1 1 0
  9  7  7  7  3  3 1 1 1 1 1
  9  8  5  5  2  2 2 2 2 1 1
  9  8  6  6  2  2 2 1 1 1 1
  9  8  7  7  3  2 1 1 1 1 0
  9  8  8  8  3  3 3 3 0 0 0
  9  9  4  4  4  4 2 2 2 2 0
  9  9  5  5  2  2 2 2 2 2 2
  9  9  5  5  3  2 2 1 1 1 1
  9  9  5  5  3  3 3 2 0 0 0
  9  9  5  5  5  1 1 1 1 1 1
  9  9  5  5  5  2 1 1 1 1 0
  9  9  5  5  5  2 1 1 1 1 1
  9  9  5  5  5  2 2 2 1 1 0
  9  9  5  5  5  3 1 1 1 1 0
  9  9  5  5  5  3 1 1 1 1 1
  9  9  5  5  5  4 1 1 1 1 0
  9  9  5  5  5  5 1 1 1 1 0
  9  9  6  6  2  2 2 2 2 1 1
  9  9  6  6  3  2 2 1 1 0 0
  9  9  6  6  3  2 2 1 1 1 0
  9  9  6  6  3  2 2 1 1 1 1
  9  9  9  9  3  3 2 2 1 1 0
  9  9  9  9  3  3 2 2 2 2 0
  9  9  9  9  4  4 2 2 0 0 0
  9  9  9  9  9  2 2 2 2 2 2
 10  4  4  4  3  3 2 2 1 1 0
 10  5  4  4  3  3 2 2 1 1 0
 10  6  6  6  3  3 1 1 1 1 1
 10  6  6  6  4  4 1 1 1 0 0
 10  7  5  5  2  2 2 2 2 1 1
 10  7  7  7  3  3 1 1 1 1 1
 10  8  5  5  2  2 2 2 2 2 2
 10  8  6  6  2  2 2 2 2 1 1
 10  8  8  8  4  4 1 1 1 0 0
 10  9  6  6  2  2 2 2 2 2 2
 10  9  7  7  2  2 2 2 2 1 1
 10  9  9  9  3  3 2 2 1 1 0
 10 10  4  4  4  4 3 3 3 3 0
 10 10  4  4  4  4 4 3 3 2 0
 10 10  4  4  4  4 4 3 3 3 0
 10 10  4  4  4  4 4 4 2 1 1
 10 10  5  5  3  3 3 3 1 1 1
 10 10  5  5  5  2 2 2 2 2 0
 10 10  6  6  3  2 2 2 2 1 1
 10 10  6  6  3  3 3 1 1 1 0
 10 10  6  6  4  2 2 1 1 1 0
 10 10  6  6  4  2 2 1 1 1 1
 10 10  6  6  5  2 1 1 1 1 0
 10 10  6  6  6  4 1 1 1 0 0
 10 10  7  7  2  2 2 2 2 2 2
 10 10  7  7  3  2 2 1 1 1 1
 10 10  7  7  7  2 1 1 1 1 1
 10 10 10 10  3  3 3 3 1 1 0
 10 10 10 10  4  4 3 3 0 0 0
 10 10 10 10  7  2 2 2 2 1 1
 11  6  6  5  5  5 2 2 0 0 0
 11  6  6  6  4  4 1 1 1 1 1
 11  7  7  7  4  4 1 1 1 1 0
 11  8  8  8  4  4 1 1 1 1 0
 11  9  6  6  3  3 3 1 1 1 0
 11  9  9  9  4  4 1 1 1 1 1
 11 10  7  7  3  3 3 1 1 1 0
 11 10  9  9  4  3 2 2 0 0 0
 11 11  5  5  4  4 4 4 1 1 1
 11 11  5  5  5  5 2 2 2 2 1
 11 11  5  5  5  5 2 2 2 2 2
 11 11  6  6  3  3 3 2 1 1 1
 11 11  6  6  3  3 3 3 1 1 0
 11 11  6  6  3  3 3 3 1 1 1
 11 11  6  6  4  2 2 2 2 1 1
 11 11  6  6  4  4 3 3 0 0 0
 11 11  6  6  6  2 2 2 1 1 0
 11 11  6  6  6  2 2 2 2 2 0
 11 11  7  7  3  2 2 2 2 2 2
 11 11  7  7  3  3 3 1 1 1 0
 11 11  7  7  4  2 2 1 1 1 1
 11 11  8  8  3  2 2 2 2 1 1
 11 11  8  8  3  3 3 1 1 1 0
 11 11 11 11  3  3 3 3 2 2 0
 11 11 11 11  4  4 2 2 2 2 0
 12  5  5  5  3  3 3 3 3 3 0
 12  5  5  5  5  5 2 2 2 2 0
 12  6  4  4  4  3 3 3 3 3 0
 12  6  4  4  4  4 4 4 1 1 1
 12  6  6  5  5  5 3 3 0 0 0
 12 11 11 11  3  3 3 3 3 3 0
 12 12  6  6  3  3 3 3 2 2 2
 12 12  6  6  4  4 4 4 1 1 0
 12 12  7  7  4  2 2 2 2 2 2
 12 12  7  7  4  4 4 4 0 0 0
 12 12  7  7  6  2 2 2 1 1 0
 12 12  7  7  7  2 2 2 1 1 0
 12 12  7  7  7  4 1 1 1 1 1
 12 12  8  8  4  2 2 2 2 1 1
 12 12  8  8  4  3 3 1 1 1 0
 13  6  4  4  4  4 4 3 3 3 0
 13  9  9  9  5  5 1 1 1 1 0
 13 12 11 11  4  3 2 2 2 2 0
 13 13  7  7  4  4 4 4 1 0 0
 13 13  8  8  5  2 2 2 2 1 1
 13 13  8  8  5  3 3 1 1 1 0
 13 13  8  8  7  3 2 2 0 0 0
 13 13  8  8  8  2 2 2 1 1 0
 13 13 10 10 10  2 2 2 2 1 1
 13 13 13 13  4  4 3 3 3 3 0
 14  5  5  5  5  5 3 3 3 3 0
 14 14  7  7  7  7 2 2 2 2 1
 14 14  7  7  7  7 2 2 2 2 2
 14 14  8  8  4  4 4 3 1 1 0
 14 14  8  8  8  3 2 2 1 1 0
 15  6  6  6  6  6 3 3 1 1 1
 15 12  9  9  3  3 3 3 2 2 2
 15 15  6  6  6  6 6 4 4 4 0
 15 15  6  6  6  6 6 6 2 2 2
 15 15  7  7  7  7 3 2 2 2 2
 15 15  8  8  4  4 4 4 2 1 1
 16  6  6  5  5  5 5 5 2 2 0
 16  6  6  6  6  6 4 4 1 1 1
 16 16  7  7  7  7 3 3 3 3 3
 16 16 11 11  4  4 4 2 2 1 1
 16 16 16 16 11  3 3 3 3 3 3
 17  6  6  5  5  5 5 5 3 3 0
 17  6  6  6  6  5 5 5 2 2 0
 17 17  8  8  8  8 3 3 2 2 2
 17 17  9  9  5  5 5 2 2 2 2
 17 17  9  9  5  5 5 5 1 1 1
 17 17 10 10  5  5 5 3 1 1 0
 17 17 10 10  9  3 2 2 2 2 0
 17 17 12 12  4  4 4 3 3 1 1
 18  6  6  6  6  5 5 5 3 3 0
 18 18  9  9  5  5 5 3 3 3 3
 18 18  9  9  6  6 6 6 1 1 1
 18 18 12 12  6  3 3 3 2 2 2
 18 18 13 13  4  4 4 3 3 2 2
 18 18 18 18  5  5 5 5 5 5 0
 18 18 18 18  6  6 6 6 1 1 1
 19 19  9  9  9  9 3 3 3 3 2
 19 19  9  9  9  9 3 3 3 3 3
 19 19 10 10  5  5 5 3 3 3 2
 19 19 10 10  5  5 5 3 3 3 3
 19 19 10 10  6  6 6 6 1 1 0
 21 21 16 16 16  3 3 3 3 3 3
 22 10  7  7  7  7 6 6 6 6 0
 22 22 12 12  6  6 6 3 3 3 2
 22 22 12 12  6  6 6 3 3 3 3
 23 23 12 12  6  6 6 4 4 3 3
 23 23 13 13  6  6 6 3 3 3 3
 23 23 13 13  6  6 6 6 2 2 2
 24 24 11 11 11 11 4 4 4 4 3
 24 24 11 11 11 11 4 4 4 4 4
 24 24 13 13  6  6 6 4 4 4 4
 25 25 14 14  7  7 7 3 3 3 2
 25 25 17 17  6  6 6 3 3 3 3
 27 10 10 10  9  9 9 9 3 3 0
 27 27 13 13 13 13 4 4 4 4 4
 28 28 20 20  6  6 6 6 6 3 3
 29 29 13 13 13 13 5 5 5 5 5
 30 10 10 10  9  9 9 9 6 6 0
 33 33 17 17  9  9 9 5 5 5 5

182 extreme rays:
  1  1  1  0  0  0 0 0 0 0 0
  1  1  1  1  1  1 0 0 0 0 0
  1  1  1  1  1  1 1 0 0 0 0
  1  1  1  1  1  1 1 1 0 0 0
  1  1  1  1  1  1 1 1 1 0 0
  1  1  1  1  1  1 1 1 1 1 0
  1  1  1  1  1  1 1 1 1 1 1
  2  1  1  1  1  0 0 0 0 0 0
  2  1  1  1  1  1 1 1 0 0 0
  2  2  1  1  1  1 1 0 0 0 0
  2  2  1  1  1  1 1 1 0 0 0
  2  2  2  2  2  1 1 0 0 0 0
  3  1  1  1  1  1 1 0 0 0 0
  3  1  1  1  1  1 1 1 1 1 0
  3  2  1  1  1  1 1 1 1 1 0
  3  3  1  1  1  1 1 1 1 1 1
  3  3  2  2  1  1 0 0 0 0 0
  3  3  3  3  1  1 1 0 0 0 0
  3  3  3  3  3  1 1 1 0 0 0
  4  1  1  1  1  1 1 1 1 0 0
  4  2  2  2  2  2 1 1 0 0 0
  4  3  2  2  1  1 1 1 0 0 0
  4  4  2  2  1  1 1 1 1 1 0
  4  4  2  2  2  2 1 1 0 0 0
  4  4  3  3  1  1 1 1 0 0 0
  4  4  4  4  1  1 1 1 1 0 0
  4  4  4  4  2  1 1 1 0 0 0
  4  4  4  4  4  1 1 1 1 0 0
  5  1  1  1  1  1 1 1 1 1 1
  5  3  2  2  1  1 1 1 1 1 0
  5  3  2  2  2  2 1 1 0 0 0
  5  5  2  2  2  2 2 2 1 1 0
  5  5  2  2  2  2 2 2 2 0 0
  5  5  2  2  2  2 2 2 2 2 0
  5  5  3  3  2  1 1 1 0 0 0
  5  5  3  3  3  1 1 0 0 0 0
  5  5  4  4  1  1 1 1 1 1 0
  5  5  5  5  1  1 1 1 1 1 1
  5  5  5  5  2  1 1 1 1 1 0
  5  5  5  5  2  2 2 2 0 0 0
  5  5  5  5  5  1 1 1 1 1 0
  6  2  2  2  2  2 2 2 1 1 0
  6  3  2  2  2  2 1 1 1 1 0
  6  3  3  3  2  2 1 1 0 0 0
  6  5  5  5  2  2 1 1 0 0 0
  6  6  3  3  3  2 2 2 0 0 0
  6  6  3  3  3  3 1 1 1 0 0
  6  6  4  4  4  1 1 1 0 0 0
  6  6  5  5  4  1 1 1 1 0 0
  6  6  6  6  4  2 1 1 1 0 0
  7  3  2  2  2  2 2 2 1 1 0
  7  3  3  3  2  2 1 1 1 1 0
  7  5  5  5  2  2 2 2 0 0 0
  7  6  3  3  3  3 1 1 1 1 1
  7  6  6  6  2  2 1 1 1 1 0
  7  7  3  3  3  2 2 2 2 2 0
  7  7  4  4  2  2 2 1 1 0 0
  7  7  4  4  3  1 1 1 1 1 0
  7  7  4  4  4  1 1 1 1 0 0
  7  7  4  4  4  2 1 1 0 0 0
  7  7  6  6  4  1 1 1 1 1 1
  7  7  7  7  4  2 1 1 1 1 1
  8  3  3  3  2  2 2 2 1 1 0
  8  6  3  3  3  2 2 2 2 2 0
  8  6  4  4  4  4 1 1 1 0 0
  8  7  4  4  2  2 2 1 1 1 1
  8  7  5  5  2  2 2 1 1 0 0
  8  7  7  7  2  2 2 2 1 1 0
  8  8  4  4  2  2 2 2 2 1 1
  8  8  4  4  4  3 1 1 1 1 1
  8  8  5  5  2  2 2 2 2 0 0
  8  8  5  5  5  1 1 1 1 1 0
  8  8  6  6  5  1 1 1 1 1 1
  8  8  6  6  6  2 1 1 1 0 0
  9  3  3  3  3  3 2 2 1 1 0
  9  5  5  5  2  2 2 2 2 2 0
  9  5  5  5  3  3 3 3 0 0 0
  9  6  3  3  3  3 3 2 2 2 0
  9  6  3  3  3  3 3 3 1 1 1
  9  6  4  4  4  3 3 3 0 0 0
  9  6  4  4  4  4 1 1 1 1 1
  9  6  6  6  3  3 1 1 1 0 0
  9  7  4  4  2  2 2 2 2 1 1
  9  7  5  5  2  2 2 1 1 1 1
  9  7  7  7  2  2 2 2 2 2 0
  9  8  6  6  2  2 2 1 1 1 1
  9  8  8  8  3  3 3 3 0 0 0
  9  9  4  4  4  4 2 2 2 2 0
  9  9  5  5  2  2 2 2 2 2 2
  9  9  5  5  3  2 2 1 1 1 1
  9  9  5  5  3  3 3 2 0 0 0
  9  9  5  5  5  1 1 1 1 1 1
  9  9  5  5  5  2 1 1 1 1 0
  9  9  5  5  5  5 1 1 1 1 0
  9  9  6  6  3  2 2 1 1 0 0
  9  9  9  9  3  3 2 2 1 1 0
  9  9  9  9  4  4 2 2 0 0 0
  9  9  9  9  9  2 2 2 2 2 2
 10  6  6  6  3  3 1 1 1 1 1
 10  6  6  6  4  4 1 1 1 0 0
 10  7  5  5  2  2 2 2 2 1 1
 10  7  7  7  3  3 1 1 1 1 1
 10  8  5  5  2  2 2 2 2 2 2
 10  8  8  8  4  4 1 1 1 0 0
 10  9  7  7  2  2 2 2 2 1 1
 10 10  4  4  4  4 3 3 3 3 0
 10 10  5  5  5  2 2 2 2 2 0
 10 10  6  6  6  4 1 1 1 0 0
 10 10  7  7  2  2 2 2 2 2 2
 10 10  7  7  3  2 2 1 1 1 1
 10 10  7  7  7  2 1 1 1 1 1
 10 10 10 10  3  3 3 3 1 1 0
 10 10 10 10  4  4 3 3 0 0 0
 10 10 10 10  7  2 2 2 2 1 1
 11  6  6  5  5  5 2 2 0 0 0
 11  6  6  6  4  4 1 1 1 1 1
 11  9  9  9  4  4 1 1 1 1 1
 11 11  6  6  3  3 3 2 1 1 1
 11 11  6  6  3  3 3 3 1 1 0
 11 11  6  6  4  2 2 2 2 1 1
 11 11  6  6  4  4 3 3 0 0 0
 11 11  6  6  6  2 2 2 1 1 0
 11 11  7  7  3  3 3 1 1 1 0
 11 11  7  7  4  2 2 1 1 1 1
 11 11  8  8  3  2 2 2 2 1 1
 11 11 11 11  3  3 3 3 2 2 0
 11 11 11 11  4  4 2 2 2 2 0
 12  5  5  5  3  3 3 3 3 3 0
 12  5  5  5  5  5 2 2 2 2 0
 12  6  4  4  4  3 3 3 3 3 0
 12  6  4  4  4  4 4 4 1 1 1
 12  6  6  5  5  5 3 3 0 0 0
 12 11 11 11  3  3 3 3 3 3 0
 12 12  6  6  3  3 3 3 2 2 2
 12 12  7  7  4  2 2 2 2 2 2
 12 12  7  7  4  4 4 4 0 0 0
 12 12  7  7  7  4 1 1 1 1 1
 13  6  4  4  4  4 4 3 3 3 0
 13  9  9  9  5  5 1 1 1 1 0
 13 13  7  7  4  4 4 4 1 0 0
 13 13  8  8  5  2 2 2 2 1 1
 13 13 10 10 10  2 2 2 2 1 1
 13 13 13 13  4  4 3 3 3 3 0
 14  5  5  5  5  5 3 3 3 3 0
 15  6  6  6  6  6 3 3 1 1 1
 15 12  9  9  3  3 3 3 2 2 2
 15 15  6  6  6  6 6 4 4 4 0
 15 15  6  6  6  6 6 6 2 2 2
 15 15  7  7  7  7 3 2 2 2 2
 15 15  8  8  4  4 4 4 2 1 1
 16  6  6  5  5  5 5 5 2 2 0
 16  6  6  6  6  6 4 4 1 1 1
 16 16 11 11  4  4 4 2 2 1 1
 16 16 16 16 11  3 3 3 3 3 3
 17  6  6  5  5  5 5 5 3 3 0
 17  6  6  6  6  5 5 5 2 2 0
 17 17  8  8  8  8 3 3 2 2 2
 17 17  9  9  5  5 5 2 2 2 2
 17 17  9  9  5  5 5 5 1 1 1
 17 17 12 12  4  4 4 3 3 1 1
 18  6  6  6  6  5 5 5 3 3 0
 18 18  9  9  6  6 6 6 1 1 1
 18 18 12 12  6  3 3 3 2 2 2
 18 18 13 13  4  4 4 3 3 2 2
 18 18 18 18  5  5 5 5 5 5 0
 18 18 18 18  6  6 6 6 1 1 1
 19 19 10 10  5  5 5 3 3 3 2
 19 19 10 10  6  6 6 6 1 1 0
 21 21 16 16 16  3 3 3 3 3 3
 22 10  7  7  7  7 6 6 6 6 0
 23 23 12 12  6  6 6 4 4 3 3
 23 23 13 13  6  6 6 3 3 3 3
 23 23 13 13  6  6 6 6 2 2 2
 24 24 11 11 11 11 4 4 4 4 3
 24 24 13 13  6  6 6 4 4 4 4
 25 25 17 17  6  6 6 3 3 3 3
 27 10 10 10  9  9 9 9 3 3 0
 27 27 13 13 13 13 4 4 4 4 4
 28 28 20 20  6  6 6 6 6 3 3
 29 29 13 13 13 13 5 5 5 5 5
 30 10 10 10  9  9 9 9 6 6 0
 33 33 17 17  9  9 9 5 5 5 5

132 support hyperplanes:
 -5 -8 13 -2 10  7  1  7  4  4  1
 -5 -8 13 -2 10  7  4  1  7  4  1
 -5 -8 13  7  1 -2 10  7  4  4  1
 -5 -2  7 -2  7  4  1  4  1  4  1
 -5 -2  7  4  1 -2  7  4  1  4  1
 -5 -2  7  4  1  4  1 -2  7  4  1
 -5 -2  7  4  1  4  1  4  1 -2  7
 -5  4  1 -2  7 -2  7  4  1  4  1
 -5  4  1 -2  7  4  1 -2  7  4  1
 -5  4  1 -2  7  4  1  4  1 -2  7
 -5  4  1  4  1 -2  7 -2  7  4  1
 -5  4  1  4  1 -2  7  4  1 -2  7
 -5  4  1  4  1  4  1 -2  7 -2  7
 -3 -2  5 -1  4  3  2  1  2  1  0
 -3 -2  5  3  2  1  2  1  0 -1  4
 -3 -1  4 -2  5  3  2  1  2  1  0
 -3 -1  4  3  2  1  2  1  0 -2  5
 -3  3  2  1  2  1  0 -2  5 -1  4
 -3  3  2  1  2  1  0 -1  4 -2  5
 -2 -5  7 -8 13 10  1  7  4  4  1
 -2 -5  7 -8 13 10  4  4  1  7  1
 -2 -5  7 -2  4  7  1  4  1  4  1
 -2 -5  7 -2  7  4  1  1  4  4  1
 -2 -5  7  1  4  4  1 -2  7  4  1
 -2 -5  7  4 -2  1  7  4  1  4  1
 -2 -3  5 -1  3  4  2  1  2  1  0
 -2 -3  5 -1  4  3  0  3  2  1  1
 -2 -3  5 -1  4  3  1  2  2  1  0
 -2 -3  5  3  0 -1  4  3  2  1  1
 -2 -2  4 -5  7  7  1  4  1  4  1
 -2 -2  4 -2  4  4  1  1  1  1  1
 -2 -2  4  1  1  1  1  1  1  1  1
 -2 -1  3 -3  5  4  2  1  2  1  0
 -2 -1  3 -1  3  2  0  2  1  1  1
 -2 -1  3 -1  3  2  1  1  0  2  1
 -2 -1  3 -1  3  2  1  1  1  1  0
 -2 -1  3  2  0 -1  3  2  1  1  1
 -2 -1  3  2  1  1  0 -1  3  2  1
 -2 -1  3  2  1  1  1  1  0 -1  3
 -2  1  1 -2  4  1  1  1  1  1  1
 -2  1  1  1  1 -2  4  1  1  1  1
 -2  1  1  1  1  1  1 -2  4  1  1
 -2  1  1  1  1  1  1  1  1 -2  4
 -2  2  0 -1  3 -1  3  2  1  1  1
 -2  2  1  1  0 -1  3 -1  3  2  1
 -2  2  1  1  1  1  0 -1  3 -1  3
 -2  4 -2 -5  7  1  7  4  1  4  1
 -1 -4  5 -1  5  2  2 -1  5  2  2
 -1 -4  5  2 -1  5  2 -1  5  2  2
 -1 -4  5  2 -1  5  2  2  2 -1  5
 -1 -3  4 -2  3  5  2  1  2  1  0
 -1 -2  3 -3  4  5  2  1  2  1  0
 -1 -2  3 -3  5  4  0  3  2  1  1
 -1 -2  3 -3  5  4  1  2  2  1  0
 -1 -2  3 -3  5  4  2  1  0  3  1
 -1 -2  3 -3  5  4  2  1  1  2  0
 -1 -2  3 -1  2  3  0  2  1  1  1
 -1 -2  3 -1  2  3  1  1  0  2  1
 -1 -2  3 -1  2  3  1  1  1  1  0
 -1 -2  3 -1  3  2  0  1  2  1  1
 -1 -2  3 -1  3  2  1  0  1  2  1
 -1 -2  3  1  2  1  0 -1  3  2  1
 -1 -2  3  2 -1  0  3  2  1  1  1
 -1 -1  2 -2  3  3  0  2  1  1  1
 -1 -1  2 -2  3  3  1  1  0  2  1
 -1 -1  2 -2  3  3  1  1  1  1  0
 -1 -1  2 -1  2  2 -1  2  2  2 -1
 -1 -1  2  0  1  1  0  1  1  0  1
 -1 -1  2  0  1  1  1  0  0  1  1
 -1 -1  2  0  1  1  1  1  0  0  0
 -1 -1  2  1  0  0  1  1  1  0  1
 -1 -1  2  1  1  0  0  0  1  1  1
 -1 -1  2  1  1  1  0  0  0  0  1
 -1 -1  2  2 -1 -1  2  2  2  2 -1
 -1  0  1 -1  2  1  0  1  1  0  1
 -1  0  1 -1  2  1  1  0  0  1  1
 -1  0  1 -1  2  1  1  1  0  0  0
 -1  0  1  0  1  0  1  0  1  0  1
 -1  0  1  1  0 -1  2  1  1  0  1
 -1  0  1  1  1  0  0 -1  2  1  1
 -1  0  1  1  1  1  0  0  0 -1  2
 -1  1  0 -1  2  0  1  1  1  0  1
 -1  1  0  0  1 -1  2  1  1  0  1
 -1  1  1  0  0 -1  2  0  1  1  1
 -1  1  1  0  0  0  1 -1  2  1  1
 -1  1  1  1  0  0  0 -1  2  0  1
 -1  1  1  1  0  0  0  0  1 -1  2
 -1  2 -1 -4  5  5  2 -1  5  2  2
 -1  2 -1 -4  5  5  2  2  2 -1  5
 -1  2 -1 -2  3  0  3  2  1  1  1
 -1  2 -1 -1  2 -1  2  2  2  2 -1
  0 -1  1 -1  1  2  0  1  1  0  1
  0 -1  1 -1  1  2  1  0  0  1  1
  0 -1  1 -1  1  2  1  1  0  0  0
  0 -1  1 -1  2  1  0  1  0  1  1
  0 -1  1  0  0  1  1  0  1  0  1
  0 -1  1  1 -1  0  2  1  1  0  1
  0  0  0 -1  1  1  1  0  1  0  1
  0  0  0  0  0  0  0  0  0  0  1
  0  0  0  0  0  0  0  0  0  1 -1
  0  0  0  0  0  0  0  0  1 -1  0
  0  0  0  0  0  0  0  1 -1  0  0
  0  0  0  0  0  0  1 -1  0  0  0
  0  0  0  0  0  1 -1  0  0  0  0
  0  0  0  0  1 -1  0  0  0  0  0
  0  0  0  1 -1  0  0  0  0  0  0
  0  0  1 -1  0  0  0  0  0  0  0
  0  1 -1 -1  1  0  2  1  1  0  1
  0  1 -1  0  0  0  0  0  0  0  0
  1 -2  1 -2  1  4  1  1  1  1  1
  1 -2  1  1 -2  1  4  1  1  1  1
  1 -1  0 -1  0  2  1  1  1  0  1
  1 -1  0  0 -1  1  2  1  1  0  1
  1 -1  0  0 -1  2  1  1  0  1  1
  1 -1  0  0  0  0  0  0  0  0  0
  1  0 -1 -2  3  2  1 -1  3  2  1
  1  0 -1 -1  0  1  2  1  1  0  1
  1  0 -1 -1  0  2  1  1  0  1  1
  1  1 -2 -5  7  4  4 -2  7  4  1
  1  1 -2 -5  7  4  4  4  1 -2  7
  1  1 -2 -2  1  1  4  1  1  1  1
  2 -2  0 -1 -1  3  3  2  1  1  1
  2 -1 -1 -4  5  2  5 -1  5  2  2
  2 -1 -1 -4  5  2  5  2  2 -1  5
  2 -1 -1 -2  0  3  3  2  1  1  1
  2 -1 -1 -1 -1  2  2  2  2  2 -1
  3 -3  0 -1 -2  5  4  3  2  1  1
  3 -1 -2 -3  0  5  4  3  2  1  1
  4 -5  1 -2 -2  7  7  4  1  4  1
  4 -2 -2 -5  1  7  7  4  1  4  1
  7 -8  1 -2 -5 13 10  7  4  4  1
  7 -2 -5 -8  1 13 10  7  4  4  1


