164 Hilbert basis elements
84 extreme rays
74 support hyperplanes

embedding dimension = 11
rank = 8
external index = 1

size of partial triangulation   = 388
resulting sum of |det|s = 1911

No implicit grading found

rank of class group = 66
class group is free

***********************************************************************

164 Hilbert basis elements:
 1 0 0 0  1 0 0  1 0 0  1
 1 1 0 0  1 1 0  1 1 0  2
 1 1 0 0  1 1 0  2 0 0  2
 1 1 0 0  2 0 0  1 1 0  2
 1 1 1 0  1 1 1  1 1 1  3
 1 1 1 0  1 1 1  2 1 0  3
 1 1 1 0  1 1 1  3 0 0  3
 1 1 1 0  2 1 0  1 1 1  3
 1 1 1 0  2 1 0  2 1 0  3
 1 1 1 0  3 0 0  1 1 1  3
 1 1 1 1  2 1 1  2 1 1  4
 1 1 1 1  2 1 1  2 2 0  4
 1 1 1 1  2 1 1  3 1 0  4
 1 1 1 1  2 2 0  2 1 1  4
 1 1 1 1  2 2 0  2 2 0  4
 1 1 1 1  3 1 0  2 1 1  4
 2 0 0 0  1 1 0  1 1 0  2
 2 1 0 0  1 1 1  1 1 1  3
 2 1 0 0  1 1 1  2 1 0  3
 2 1 0 0  2 1 0  1 1 1  3
 2 1 1 0  2 1 1  2 2 0  4
 2 1 1 0  2 2 0  2 1 1  4
 2 1 1 0  2 2 0  2 2 0  4
 2 1 1 0  2 2 0  3 1 0  4
 2 1 1 0  3 1 0  2 2 0  4
 2 1 1 1  2 2 1  2 2 1  5
 2 1 1 1  2 2 1  3 1 1  5
 2 1 1 1  2 2 1  3 2 0  5
 2 1 1 1  2 2 1  4 1 0  5
 2 1 1 1  3 1 1  2 2 1  5
 2 1 1 1  3 2 0  2 2 1  5
 2 1 1 1  4 1 0  2 2 1  5
 2 2 0 0  2 1 1  2 1 1  4
 2 2 0 0  2 1 1  2 2 0  4
 2 2 0 0  2 1 1  3 1 0  4
 2 2 0 0  2 2 0  2 1 1  4
 2 2 0 0  3 1 0  2 1 1  4
 2 2 1 0  3 1 1  3 1 1  5
 2 2 1 1  2 2 2  2 2 2  6
 2 2 1 1  2 2 2  3 2 1  6
 2 2 1 1  2 2 2  3 3 0  6
 2 2 1 1  2 2 2  4 1 1  6
 2 2 1 1  2 2 2  4 2 0  6
 2 2 1 1  2 2 2  5 1 0  6
 2 2 1 1  3 2 1  2 2 2  6
 2 2 1 1  3 3 0  2 2 2  6
 2 2 1 1  4 1 1  2 2 2  6
 2 2 1 1  4 1 1  4 1 1  6
 2 2 1 1  4 2 0  2 2 2  6
 2 2 1 1  5 1 0  2 2 2  6
 2 2 2 0  2 2 2  3 3 0  6
 2 2 2 0  3 2 1  3 3 0  6
 2 2 2 0  3 3 0  2 2 2  6
 2 2 2 0  3 3 0  3 2 1  6
 2 2 2 0  3 3 0  3 3 0  6
 2 2 2 0  3 3 0  4 1 1  6
 2 2 2 0  4 1 1  3 3 0  6
 2 2 2 2  3 3 2  3 3 2  8
 2 2 2 2  3 3 2  4 2 2  8
 2 2 2 2  3 3 2  4 3 1  8
 2 2 2 2  3 3 2  4 4 0  8
 2 2 2 2  3 3 2  5 2 1  8
 2 2 2 2  3 3 2  5 3 0  8
 2 2 2 2  3 3 2  6 1 1  8
 2 2 2 2  4 2 2  3 3 2  8
 2 2 2 2  4 3 1  3 3 2  8
 2 2 2 2  4 4 0  3 3 2  8
 2 2 2 2  5 2 1  3 3 2  8
 2 2 2 2  5 3 0  3 3 2  8
 2 2 2 2  6 1 1  3 3 2  8
 3 0 0 0  1 1 1  1 1 1  3
 3 1 0 0  2 1 1  2 2 0  4
 3 1 0 0  2 2 0  2 1 1  4
 3 1 1 0  2 2 1  3 1 1  5
 3 1 1 0  3 1 1  2 2 1  5
 3 1 1 1  2 2 2  2 2 2  6
 3 1 1 1  2 2 2  3 2 1  6
 3 1 1 1  2 2 2  3 3 0  6
 3 1 1 1  2 2 2  4 1 1  6
 3 1 1 1  2 2 2  4 2 0  6
 3 1 1 1  3 2 1  2 2 2  6
 3 1 1 1  3 3 0  2 2 2  6
 3 1 1 1  3 3 0  4 1 1  6
 3 1 1 1  4 1 1  2 2 2  6
 3 1 1 1  4 1 1  3 3 0  6
 3 1 1 1  4 2 0  2 2 2  6
 3 2 1 0  2 2 2  3 3 0  6
 3 2 1 0  3 3 0  2 2 2  6
 3 2 2 1  3 3 2  4 4 0  8
 3 2 2 1  4 4 0  3 3 2  8
 3 2 2 2  3 3 3  3 3 3  9
 3 2 2 2  3 3 3  4 3 2  9
 3 2 2 2  3 3 3  4 4 1  9
 3 2 2 2  3 3 3  5 2 2  9
 3 2 2 2  3 3 3  5 3 1  9
 3 2 2 2  3 3 3  5 4 0  9
 3 2 2 2  3 3 3  6 2 1  9
 3 2 2 2  3 3 3  6 3 0  9
 3 2 2 2  3 3 3  7 1 1  9
 3 2 2 2  4 3 2  3 3 3  9
 3 2 2 2  4 4 1  3 3 3  9
 3 2 2 2  5 2 2  3 3 3  9
 3 2 2 2  5 3 1  3 3 3  9
 3 2 2 2  5 4 0  3 3 3  9
 3 2 2 2  6 2 1  3 3 3  9
 3 2 2 2  6 3 0  3 3 3  9
 3 2 2 2  7 1 1  3 3 3  9
 3 3 0 0  2 2 2  2 2 2  6
 3 3 0 0  2 2 2  3 2 1  6
 3 3 0 0  2 2 2  3 3 0  6
 3 3 0 0  2 2 2  4 1 1  6
 3 3 0 0  3 2 1  2 2 2  6
 3 3 0 0  3 3 0  2 2 2  6
 3 3 0 0  4 1 1  2 2 2  6
 3 3 0 0  4 1 1  4 1 1  6
 3 3 1 1  4 2 2  6 1 1  8
 3 3 1 1  6 1 1  4 2 2  8
 3 3 2 2  4 3 3  8 1 1 10
 3 3 2 2  8 1 1  4 3 3 10
 3 3 3 3  4 4 4  4 4 4 12
 3 3 3 3  4 4 4  5 4 3 12
 3 3 3 3  4 4 4  5 5 2 12
 3 3 3 3  4 4 4  6 3 3 12
 3 3 3 3  4 4 4  6 4 2 12
 3 3 3 3  4 4 4  6 5 1 12
 3 3 3 3  4 4 4  6 6 0 12
 3 3 3 3  4 4 4  7 3 2 12
 3 3 3 3  4 4 4  7 4 1 12
 3 3 3 3  4 4 4  8 2 2 12
 3 3 3 3  4 4 4  8 3 1 12
 3 3 3 3  5 4 3  4 4 4 12
 3 3 3 3  5 5 2  4 4 4 12
 3 3 3 3  6 3 3  4 4 4 12
 3 3 3 3  6 3 3  8 2 2 12
 3 3 3 3  6 4 2  4 4 4 12
 3 3 3 3  6 5 1  4 4 4 12
 3 3 3 3  6 6 0  4 4 4 12
 3 3 3 3  7 3 2  4 4 4 12
 3 3 3 3  7 4 1  4 4 4 12
 3 3 3 3  8 2 2  4 4 4 12
 3 3 3 3  8 2 2  6 3 3 12
 3 3 3 3  8 3 1  4 4 4 12
 4 1 1 0  2 2 2  3 3 0  6
 4 1 1 0  3 3 0  2 2 2  6
 4 1 1 0  3 3 0  4 1 1  6
 4 1 1 0  4 1 1  3 3 0  6
 4 1 1 1  3 3 1  5 1 1  7
 4 1 1 1  5 1 1  3 3 1  7
 4 3 1 1  3 3 3  7 1 1  9
 4 3 1 1  7 1 1  3 3 3  9
 4 3 3 2  4 4 4  6 6 0 12
 4 3 3 2  6 6 0  4 4 4 12
 4 4 1 1  4 3 3  8 1 1 10
 4 4 1 1  8 1 1  4 3 3 10
 5 1 1 1  4 2 2  4 4 0  8
 5 1 1 1  4 4 0  4 2 2  8
 5 5 5 5  8 6 6 14 3 3 20
 5 5 5 5 14 3 3  8 6 6 20
 6 6 3 3  6 6 6 14 2 2 18
 6 6 3 3 14 2 2  6 6 6 18
 7 3 1 1  4 4 4  6 6 0 12
 7 3 1 1  6 6 0  4 4 4 12
 7 7 5 5  8 8 8 18 3 3 24
 7 7 5 5 18 3 3  8 8 8 24

84 extreme rays:
 1 0 0 0  1 0 0  1 0 0  1
 1 1 0 0  1 1 0  1 1 0  2
 1 1 0 0  1 1 0  2 0 0  2
 1 1 0 0  2 0 0  1 1 0  2
 1 1 1 0  1 1 1  1 1 1  3
 1 1 1 0  1 1 1  3 0 0  3
 1 1 1 0  2 1 0  2 1 0  3
 1 1 1 0  3 0 0  1 1 1  3
 1 1 1 1  2 1 1  2 2 0  4
 1 1 1 1  2 1 1  3 1 0  4
 1 1 1 1  2 2 0  2 1 1  4
 1 1 1 1  2 2 0  2 2 0  4
 1 1 1 1  3 1 0  2 1 1  4
 2 0 0 0  1 1 0  1 1 0  2
 2 1 0 0  1 1 1  2 1 0  3
 2 1 0 0  2 1 0  1 1 1  3
 2 1 1 0  2 2 0  3 1 0  4
 2 1 1 0  3 1 0  2 2 0  4
 2 1 1 1  2 2 1  4 1 0  5
 2 1 1 1  4 1 0  2 2 1  5
 2 2 0 0  2 1 1  3 1 0  4
 2 2 0 0  3 1 0  2 1 1  4
 2 2 1 1  2 2 2  5 1 0  6
 2 2 1 1  4 1 1  4 1 1  6
 2 2 1 1  5 1 0  2 2 2  6
 2 2 2 0  2 2 2  3 3 0  6
 2 2 2 0  3 3 0  2 2 2  6
 2 2 2 0  3 3 0  3 3 0  6
 2 2 2 0  3 3 0  4 1 1  6
 2 2 2 0  4 1 1  3 3 0  6
 2 2 2 2  3 3 2  5 3 0  8
 2 2 2 2  3 3 2  6 1 1  8
 2 2 2 2  5 3 0  3 3 2  8
 2 2 2 2  6 1 1  3 3 2  8
 3 0 0 0  1 1 1  1 1 1  3
 3 1 0 0  2 1 1  2 2 0  4
 3 1 0 0  2 2 0  2 1 1  4
 3 1 1 1  2 2 2  3 3 0  6
 3 1 1 1  2 2 2  4 2 0  6
 3 1 1 1  3 3 0  2 2 2  6
 3 1 1 1  3 3 0  4 1 1  6
 3 1 1 1  4 1 1  3 3 0  6
 3 1 1 1  4 2 0  2 2 2  6
 3 2 2 2  3 3 3  6 3 0  9
 3 2 2 2  3 3 3  7 1 1  9
 3 2 2 2  6 3 0  3 3 3  9
 3 2 2 2  7 1 1  3 3 3  9
 3 3 0 0  2 2 2  2 2 2  6
 3 3 0 0  2 2 2  3 3 0  6
 3 3 0 0  2 2 2  4 1 1  6
 3 3 0 0  3 3 0  2 2 2  6
 3 3 0 0  4 1 1  2 2 2  6
 3 3 0 0  4 1 1  4 1 1  6
 3 3 2 2  4 3 3  8 1 1 10
 3 3 2 2  8 1 1  4 3 3 10
 3 3 3 3  4 4 4  4 4 4 12
 3 3 3 3  4 4 4  6 6 0 12
 3 3 3 3  4 4 4  8 2 2 12
 3 3 3 3  4 4 4  8 3 1 12
 3 3 3 3  6 3 3  8 2 2 12
 3 3 3 3  6 6 0  4 4 4 12
 3 3 3 3  8 2 2  4 4 4 12
 3 3 3 3  8 2 2  6 3 3 12
 3 3 3 3  8 3 1  4 4 4 12
 4 1 1 0  2 2 2  3 3 0  6
 4 1 1 0  3 3 0  2 2 2  6
 4 1 1 0  3 3 0  4 1 1  6
 4 1 1 0  4 1 1  3 3 0  6
 4 1 1 1  3 3 1  5 1 1  7
 4 1 1 1  5 1 1  3 3 1  7
 4 3 1 1  3 3 3  7 1 1  9
 4 3 1 1  7 1 1  3 3 3  9
 4 4 1 1  4 3 3  8 1 1 10
 4 4 1 1  8 1 1  4 3 3 10
 5 1 1 1  4 2 2  4 4 0  8
 5 1 1 1  4 4 0  4 2 2  8
 5 5 5 5  8 6 6 14 3 3 20
 5 5 5 5 14 3 3  8 6 6 20
 6 6 3 3  6 6 6 14 2 2 18
 6 6 3 3 14 2 2  6 6 6 18
 7 3 1 1  4 4 4  6 6 0 12
 7 3 1 1  6 6 0  4 4 4 12
 7 7 5 5  8 8 8 18 3 3 24
 7 7 5 5 18 3 3  8 8 8 24

74 support hyperplanes:
 -1 -1 -1 -1  0  0 0  1  2 0 0
 -1 -1 -1 -1  1  2 0  0  0 0 0
 -1  0  1  0 -1  1 0  2  1 0 0
 -1  0  1  0  2  1 0 -1  1 0 0
  0 -1  1 -1 -1  1 0  2  1 0 0
  0 -1  1 -1  2  1 0 -1  1 0 0
  0 -1  1  0 -1  1 0  1  2 0 0
  0 -1  1  0  1  2 0 -1  1 0 0
  0  0  0  0  0  0 0  1 -1 0 0
  0  0  0  0  1 -1 0  0  0 0 0
  0  0  0  1  0  0 0  0  0 0 0
  0  0  1 -1 -1  1 0  1  1 0 0
  0  0  1 -1  0  0 0  0  0 0 0
  0  0  1 -1  1  1 0 -1  1 0 0
  0  0  1  0 -1  0 0  1  1 0 0
  0  0  1  0  1  1 0 -1  0 0 0
  0  1 -1  0  0  0 0  0  0 0 0
  0  1  1  0 -1 -1 0  1  1 0 0
  0  1  1  0 -1  0 0  1  0 0 0
  0  1  1  0  0 -1 0  0  1 0 0
  0  1  1  0  0  1 0  0 -1 0 0
  0  1  1  0  1  0 0 -1  0 0 0
  0  1  1  0  1  1 0 -1 -1 0 0
  0  1  2  1 -1 -2 0  2  1 0 0
  0  1  2  1  2  1 0 -1 -2 0 0
  0  2  1  1 -2 -1 0  2  1 0 0
  0  2  1  1 -1 -2 0  1  2 0 0
  0  2  1  1 -1  1 0  1 -1 0 0
  0  2  1  1  1 -1 0 -1  1 0 0
  0  2  1  1  1  2 0 -1 -2 0 0
  0  2  1  1  2  1 0 -2 -1 0 0
  1 -1  0  0  0  0 0  0  0 0 0
  1  0  0 -1 -1  0 0  1  1 0 0
  1  0  0 -1  1  1 0 -1  0 0 0
  1  0  1 -1 -1  1 0  1  0 0 0
  1  0  1 -1  1  0 0 -1  1 0 0
  1  0  1  0 -1  0 0  0  1 0 0
  1  0  1  0  0  1 0 -1  0 0 0
  1  0  2  1 -2 -1 0  2  1 0 0
  1  0  2  1  2  1 0 -2 -1 0 0
  1  1  0 -1 -1  1 0  0  1 0 0
  1  1  0 -1  0  1 0 -1  1 0 0
  1  1  1  0 -1  0 0  0  0 0 0
  1  1  1  0  0  0 0 -1  0 0 0
  1  1  1  1 -1 -1 0  0  0 0 0
  1  1  1  1  0  0 0 -1 -1 0 0
  1  2  1  0 -2 -1 0  1  1 0 0
  1  2  1  0 -1  1 0  0 -1 0 0
  1  2  1  0  0 -1 0 -1  1 0 0
  1  2  1  0  1  1 0 -2 -1 0 0
  1  2  1  1 -1  0 0  0 -1 0 0
  1  2  1  1  0 -1 0 -1  0 0 0
  2  0  1  1 -1  1 0 -1  1 0 0
  2  1  0  0 -1  1 0 -1  1 0 0
  2  1  1  0 -1  0 0 -1  1 0 0
  2  1  1  0 -1  1 0 -1  0 0 0
  2  1  1  1 -1  0 0 -1  0 0 0
  2  2  1  0 -2 -1 0  1  0 0 0
  2  2  1  0  1  0 0 -2 -1 0 0
  2  2  1  1 -1 -1 0 -1  0 0 0
  2  2  1  1 -1  0 0 -1 -1 0 0
  2  3  1  2 -1 -2 0 -1  1 0 0
  2  3  1  2 -1  1 0 -1 -2 0 0
  3  2  1  0 -3 -2 0  2  1 0 0
  3  2  1  0  2  1 0 -3 -2 0 0
  3  2  1  2 -2 -1 0 -1  1 0 0
  3  2  1  2 -1  1 0 -2 -1 0 0
  3  2  2  1 -2 -1 0  0 -1 0 0
  3  2  2  1  0 -1 0 -2 -1 0 0
  3  4  3  2 -2 -1 0 -1 -2 0 0
  3  4  3  2 -1 -2 0 -2 -1 0 0
  4  3  2  3 -2 -1 0 -1 -2 0 0
  4  3  2  3 -1 -2 0 -2 -1 0 0
  4  3  3  2 -2 -1 0 -2 -1 0 0

3 equations:
 1 1 1 1 0 0 0 0 0 0 -1
 0 0 0 0 1 1 1 0 0 0 -1
 0 0 0 0 0 0 0 1 1 1 -1

8 basis elements of generated  lattice:
 1 0 0 0 0 0  1 0 0  1 1
 0 1 0 0 0 0  1 0 0  1 1
 0 0 1 0 0 0  1 0 0  1 1
 0 0 0 1 0 0  1 0 0  1 1
 0 0 0 0 1 0 -1 0 0  0 0
 0 0 0 0 0 1 -1 0 0  0 0
 0 0 0 0 0 0  0 1 0 -1 0
 0 0 0 0 0 0  0 0 1 -1 0


