51 Hilbert basis elements
33 extreme rays
45 support hyperplanes

embedding dimension = 10
rank = 7
external index = 1

size of partial triangulation   = 93
resulting sum of |det|s = 340

No implicit grading found

rank of class group = 38
class group is free

***********************************************************************

51 Hilbert basis elements:
 1 0 0 1 0 0 1 0 0 1
 1 1 0 1 1 0 1 1 0 2
 1 1 0 1 1 0 2 0 0 2
 1 1 0 2 0 0 1 1 0 2
 1 1 1 1 1 1 1 1 1 3
 1 1 1 1 1 1 2 1 0 3
 1 1 1 1 1 1 3 0 0 3
 1 1 1 2 1 0 1 1 1 3
 1 1 1 2 1 0 2 1 0 3
 1 1 1 3 0 0 1 1 1 3
 2 0 0 1 1 0 1 1 0 2
 2 1 0 1 1 1 1 1 1 3
 2 1 0 1 1 1 2 1 0 3
 2 1 0 2 1 0 1 1 1 3
 2 1 1 2 1 1 2 2 0 4
 2 1 1 2 2 0 2 1 1 4
 2 1 1 2 2 0 2 2 0 4
 2 1 1 2 2 0 3 1 0 4
 2 1 1 3 1 0 2 2 0 4
 2 2 0 2 1 1 2 1 1 4
 2 2 0 2 1 1 2 2 0 4
 2 2 0 2 1 1 3 1 0 4
 2 2 0 2 2 0 2 1 1 4
 2 2 0 3 1 0 2 1 1 4
 2 2 1 3 1 1 3 1 1 5
 2 2 2 2 2 2 3 3 0 6
 2 2 2 3 2 1 3 3 0 6
 2 2 2 3 3 0 2 2 2 6
 2 2 2 3 3 0 3 2 1 6
 2 2 2 3 3 0 3 3 0 6
 2 2 2 3 3 0 4 1 1 6
 2 2 2 4 1 1 3 3 0 6
 3 0 0 1 1 1 1 1 1 3
 3 1 0 2 1 1 2 2 0 4
 3 1 0 2 2 0 2 1 1 4
 3 1 1 2 2 1 3 1 1 5
 3 1 1 3 1 1 2 2 1 5
 3 2 1 2 2 2 3 3 0 6
 3 2 1 3 3 0 2 2 2 6
 3 3 0 2 2 2 2 2 2 6
 3 3 0 2 2 2 3 2 1 6
 3 3 0 2 2 2 3 3 0 6
 3 3 0 2 2 2 4 1 1 6
 3 3 0 3 2 1 2 2 2 6
 3 3 0 3 3 0 2 2 2 6
 3 3 0 4 1 1 2 2 2 6
 3 3 0 4 1 1 4 1 1 6
 4 1 1 2 2 2 3 3 0 6
 4 1 1 3 3 0 2 2 2 6
 4 1 1 3 3 0 4 1 1 6
 4 1 1 4 1 1 3 3 0 6

33 extreme rays:
 1 0 0 1 0 0 1 0 0 1
 1 1 0 1 1 0 1 1 0 2
 1 1 0 1 1 0 2 0 0 2
 1 1 0 2 0 0 1 1 0 2
 1 1 1 1 1 1 1 1 1 3
 1 1 1 1 1 1 3 0 0 3
 1 1 1 2 1 0 2 1 0 3
 1 1 1 3 0 0 1 1 1 3
 2 0 0 1 1 0 1 1 0 2
 2 1 0 1 1 1 2 1 0 3
 2 1 0 2 1 0 1 1 1 3
 2 1 1 2 2 0 3 1 0 4
 2 1 1 3 1 0 2 2 0 4
 2 2 0 2 1 1 3 1 0 4
 2 2 0 3 1 0 2 1 1 4
 2 2 2 2 2 2 3 3 0 6
 2 2 2 3 3 0 2 2 2 6
 2 2 2 3 3 0 3 3 0 6
 2 2 2 3 3 0 4 1 1 6
 2 2 2 4 1 1 3 3 0 6
 3 0 0 1 1 1 1 1 1 3
 3 1 0 2 1 1 2 2 0 4
 3 1 0 2 2 0 2 1 1 4
 3 3 0 2 2 2 2 2 2 6
 3 3 0 2 2 2 3 3 0 6
 3 3 0 2 2 2 4 1 1 6
 3 3 0 3 3 0 2 2 2 6
 3 3 0 4 1 1 2 2 2 6
 3 3 0 4 1 1 4 1 1 6
 4 1 1 2 2 2 3 3 0 6
 4 1 1 3 3 0 2 2 2 6
 4 1 1 3 3 0 4 1 1 6
 4 1 1 4 1 1 3 3 0 6

45 support hyperplanes:
 -1 -1 -1  0  0 0  1  2 0 0
 -1 -1 -1  1  2 0  0  0 0 0
 -1  0  1 -1  1 0  2  1 0 0
 -1  0  1  2  1 0 -1  1 0 0
  0 -1  1 -1  1 0  1  2 0 0
  0 -1  1  1  2 0 -1  1 0 0
  0  0  0  0  0 0  1 -1 0 0
  0  0  0  1 -1 0  0  0 0 0
  0  0  1 -1  0 0  1  1 0 0
  0  0  1  0  0 0  0  0 0 0
  0  0  1  1  1 0 -1  0 0 0
  0  1 -1  0  0 0  0  0 0 0
  0  1  1 -1 -1 0  1  1 0 0
  0  1  1 -1  0 0  1  0 0 0
  0  1  1  0 -1 0  0  1 0 0
  0  1  1  0  1 0  0 -1 0 0
  0  1  1  1  0 0 -1  0 0 0
  0  1  1  1  1 0 -1 -1 0 0
  0  1  2 -1 -2 0  2  1 0 0
  0  1  2  2  1 0 -1 -2 0 0
  0  2  1 -2 -1 0  2  1 0 0
  0  2  1 -1 -2 0  1  2 0 0
  0  2  1 -1  1 0  1 -1 0 0
  0  2  1  1 -1 0 -1  1 0 0
  0  2  1  1  2 0 -1 -2 0 0
  0  2  1  2  1 0 -2 -1 0 0
  1 -1  0  0  0 0  0  0 0 0
  1  0  1 -1  0 0  0  1 0 0
  1  0  1  0  1 0 -1  0 0 0
  1  0  2 -2 -1 0  2  1 0 0
  1  0  2  2  1 0 -2 -1 0 0
  1  1  1 -1 -1 0  0  0 0 0
  1  1  1  0  0 0 -1 -1 0 0
  1  2  1 -1  0 0  0 -1 0 0
  1  2  1  0 -1 0 -1  0 0 0
  2  0  1 -1  1 0 -1  1 0 0
  2  1  1 -1  0 0 -1  0 0 0
  2  2  1 -1 -1 0 -1  0 0 0
  2  2  1 -1  0 0 -1 -1 0 0
  2  3  1 -1 -2 0 -1  1 0 0
  2  3  1 -1  1 0 -1 -2 0 0
  3  2  1 -2 -1 0 -1  1 0 0
  3  2  1 -1  1 0 -2 -1 0 0
  4  3  2 -2 -1 0 -1 -2 0 0
  4  3  2 -1 -2 0 -2 -1 0 0

3 equations:
 1 1 1 0 0 0 0 0 0 -1
 0 0 0 1 1 1 0 0 0 -1
 0 0 0 0 0 0 1 1 1 -1

7 basis elements of generated  lattice:
 1 0 0 0 0  1 0 0  1 1
 0 1 0 0 0  1 0 0  1 1
 0 0 1 0 0  1 0 0  1 1
 0 0 0 1 0 -1 0 0  0 0
 0 0 0 0 1 -1 0 0  0 0
 0 0 0 0 0  0 1 0 -1 0
 0 0 0 0 0  0 0 1 -1 0


