51 Hilbert basis elements
22 extreme rays
23 support hyperplanes

embedding dimension = 8
rank = 8 (maximal)
external index = 1

size of partial triangulation   = 72
resulting sum of |det|s = 346

No implicit grading found

rank of class group = 15
class group is free

***********************************************************************

51 Hilbert basis elements:
 1 1 1 1 0 0 0 0
 1 1 1 1 1 1 0 0
 1 1 1 1 1 1 1 0
 1 1 1 1 1 1 1 1
 2 1 1 1 1 1 1 0
 2 1 1 1 1 1 1 1
 2 2 1 1 1 1 0 0
 2 2 1 1 1 1 1 1
 2 2 2 1 1 1 1 0
 2 2 2 1 1 1 1 1
 2 2 2 2 2 1 1 0
 2 2 2 2 2 1 1 1
 3 2 2 1 1 1 1 1
 3 2 2 2 2 1 1 1
 3 3 1 1 1 1 1 1
 3 3 2 2 2 1 1 0
 3 3 2 2 2 1 1 1
 3 3 2 2 2 2 2 0
 3 3 3 2 2 1 1 1
 3 3 3 3 3 1 1 1
 4 2 2 2 2 2 1 1
 4 3 2 2 2 1 1 1
 4 3 3 2 2 1 1 0
 4 3 3 2 2 1 1 1
 4 3 3 3 3 1 1 1
 4 4 3 2 2 1 1 1
 4 4 3 3 3 1 1 1
 4 4 4 2 2 2 1 1
 4 4 4 3 3 1 1 1
 5 3 2 2 2 2 2 2
 5 3 3 3 3 1 1 1
 5 3 3 3 3 2 1 1
 5 4 3 2 2 2 2 1
 5 4 4 3 3 1 1 1
 5 5 4 2 2 2 2 2
 5 5 5 3 3 1 1 1
 5 5 5 3 3 2 1 1
 6 3 3 3 3 2 2 2
 6 4 4 3 3 2 1 1
 6 4 4 3 3 3 1 1
 6 5 3 3 3 2 2 1
 6 5 5 3 3 2 1 1
 6 5 5 3 3 3 1 1
 6 6 4 3 3 2 2 1
 6 6 6 3 3 2 2 2
 7 3 3 3 3 3 3 3
 7 5 4 4 4 2 2 1
 7 5 5 3 3 3 1 1
 7 5 5 3 3 3 2 1
 7 7 6 4 4 2 2 1
 7 7 7 3 3 3 3 3

22 extreme rays:
 1 1 1 1 0 0 0 0
 1 1 1 1 1 1 0 0
 1 1 1 1 1 1 1 0
 1 1 1 1 1 1 1 1
 2 1 1 1 1 1 1 0
 2 2 1 1 1 1 0 0
 2 2 2 1 1 1 1 0
 2 2 2 2 2 1 1 0
 3 2 2 1 1 1 1 1
 3 3 1 1 1 1 1 1
 3 3 2 2 2 1 1 0
 3 3 2 2 2 2 2 0
 3 3 3 3 3 1 1 1
 4 2 2 2 2 2 1 1
 4 3 3 2 2 1 1 0
 4 4 3 3 3 1 1 1
 4 4 4 2 2 2 1 1
 5 3 3 3 3 1 1 1
 5 5 5 3 3 1 1 1
 7 3 3 3 3 3 3 3
 7 5 5 3 3 3 1 1
 7 7 7 3 3 3 3 3

23 support hyperplanes:
 -3  1  1  1  1  1  1  1
 -1 -1 -1  3  1  1  1  1
 -1 -1  1  1 -1  3  1  1
 -1 -1  1  1  1  1 -1  3
 -1  0  0  1  0  1  1  0
 -1  0  0  1  1  0  0  1
 -1  0  1  0  0  1  0  1
 -1  1 -1  1 -1  1  3  1
 -1  1 -1  1  1 -1  1  3
 -1  1  0  0  0  0  1  1
 -1  1  1 -1 -1  1  1  3
  0 -1  0  1  0  1  0  1
  0  0 -1  1  0  0  1  1
  0  0  0  0 -1  1  1  1
  0  0  0  0  0  0  0  1
  0  0  0  0  0  0  1 -1
  0  0  0  0  0  1 -1  0
  0  0  0  0  1 -1  0  0
  0  0  0  1 -1  0  0  0
  0  0  1 -1  0  0  0  0
  0  1 -1  0  0  0  0  0
  1 -1 -1  1 -1  1  1  3
  1 -1  0  0  0  0  0  0


