422 Hilbert basis elements
159 extreme rays
135 support hyperplanes

embedding dimension = 10
rank = 10 (maximal)
external index = 1

size of partial triangulation   = 1060
resulting sum of |det|s = 5798

No implicit grading found

rank of class group = 125
class group is free

***********************************************************************

422 Hilbert basis elements:
  1  1  1  1  0 0 0 0 0 0
  1  1  1  1  1 1 0 0 0 0
  1  1  1  1  1 1 1 0 0 0
  1  1  1  1  1 1 1 1 0 0
  1  1  1  1  1 1 1 1 1 0
  1  1  1  1  1 1 1 1 1 1
  2  1  1  1  1 1 1 0 0 0
  2  1  1  1  1 1 1 1 0 0
  2  1  1  1  1 1 1 1 1 0
  2  1  1  1  1 1 1 1 1 1
  2  2  1  1  1 1 0 0 0 0
  2  2  1  1  1 1 1 1 0 0
  2  2  1  1  1 1 1 1 1 0
  2  2  1  1  1 1 1 1 1 1
  2  2  2  1  1 1 1 0 0 0
  2  2  2  1  1 1 1 1 0 0
  2  2  2  1  1 1 1 1 1 0
  2  2  2  1  1 1 1 1 1 1
  2  2  2  2  2 1 1 0 0 0
  2  2  2  2  2 1 1 1 0 0
  2  2  2  2  2 1 1 1 1 0
  2  2  2  2  2 1 1 1 1 1
  3  1  1  1  1 1 1 1 1 1
  3  2  1  1  1 1 1 1 1 0
  3  2  1  1  1 1 1 1 1 1
  3  2  2  1  1 1 1 1 0 0
  3  2  2  1  1 1 1 1 1 0
  3  2  2  1  1 1 1 1 1 1
  3  2  2  2  2 1 1 1 0 0
  3  2  2  2  2 1 1 1 1 0
  3  2  2  2  2 1 1 1 1 1
  3  3  1  1  1 1 1 1 0 0
  3  3  1  1  1 1 1 1 1 1
  3  3  2  1  1 1 1 1 1 0
  3  3  2  1  1 1 1 1 1 1
  3  3  2  2  2 1 1 0 0 0
  3  3  2  2  2 1 1 1 0 0
  3  3  2  2  2 1 1 1 1 0
  3  3  2  2  2 1 1 1 1 1
  3  3  2  2  2 2 2 0 0 0
  3  3  3  1  1 1 1 1 1 1
  3  3  3  2  2 1 1 1 0 0
  3  3  3  2  2 1 1 1 1 0
  3  3  3  2  2 1 1 1 1 1
  3  3  3  3  3 1 1 1 0 0
  3  3  3  3  3 1 1 1 1 0
  3  3  3  3  3 1 1 1 1 1
  4  2  2  2  2 1 1 1 1 0
  4  2  2  2  2 1 1 1 1 1
  4  2  2  2  2 2 1 1 0 0
  4  2  2  2  2 2 1 1 1 0
  4  3  2  1  1 1 1 1 1 1
  4  3  2  2  2 1 1 1 0 0
  4  3  2  2  2 1 1 1 1 0
  4  3  2  2  2 1 1 1 1 1
  4  3  3  2  2 1 1 0 0 0
  4  3  3  2  2 1 1 1 0 0
  4  3  3  2  2 1 1 1 1 0
  4  3  3  2  2 1 1 1 1 1
  4  3  3  3  3 1 1 1 0 0
  4  3  3  3  3 1 1 1 1 0
  4  3  3  3  3 1 1 1 1 1
  4  4  1  1  1 1 1 1 1 1
  4  4  2  2  2 1 1 1 1 0
  4  4  2  2  2 1 1 1 1 1
  4  4  2  2  2 2 2 1 1 0
  4  4  3  2  2 1 1 1 0 0
  4  4  3  2  2 1 1 1 1 0
  4  4  3  2  2 1 1 1 1 1
  4  4  3  3  3 1 1 1 0 0
  4  4  3  3  3 1 1 1 1 0
  4  4  3  3  3 1 1 1 1 1
  4  4  4  2  2 1 1 1 1 0
  4  4  4  2  2 1 1 1 1 1
  4  4  4  2  2 2 1 1 0 0
  4  4  4  2  2 2 1 1 1 0
  4  4  4  3  3 1 1 1 0 0
  4  4  4  3  3 1 1 1 1 0
  4  4  4  3  3 1 1 1 1 1
  4  4  4  4  4 1 1 1 1 0
  4  4  4  4  4 1 1 1 1 1
  5  2  2  2  2 2 2 2 1 0
  5  2  2  2  2 2 2 2 2 0
  5  3  2  2  2 2 2 2 0 0
  5  3  3  2  2 1 1 1 1 1
  5  3  3  2  2 2 1 1 1 0
  5  3  3  2  2 2 1 1 1 1
  5  3  3  3  3 1 1 1 0 0
  5  3  3  3  3 1 1 1 1 0
  5  3  3  3  3 1 1 1 1 1
  5  3  3  3  3 2 1 1 0 0
  5  4  2  2  2 1 1 1 1 1
  5  4  2  2  2 2 2 1 1 0
  5  4  3  2  2 1 1 1 1 0
  5  4  3  2  2 1 1 1 1 1
  5  4  3  2  2 2 2 1 0 0
  5  4  3  3  3 1 1 1 1 0
  5  4  3  3  3 1 1 1 1 1
  5  4  4  2  2 1 1 1 1 1
  5  4  4  2  2 2 1 1 1 0
  5  4  4  2  2 2 1 1 1 1
  5  4  4  3  3 1 1 1 0 0
  5  4  4  3  3 1 1 1 1 0
  5  4  4  3  3 1 1 1 1 1
  5  4  4  4  4 1 1 1 1 1
  5  5  2  2  2 2 2 1 1 0
  5  5  2  2  2 2 2 2 2 0
  5  5  3  2  2 1 1 1 1 1
  5  5  3  2  2 2 2 1 1 0
  5  5  3  3  3 1 1 1 1 1
  5  5  4  2  2 2 2 2 0 0
  5  5  4  3  3 1 1 1 1 0
  5  5  4  3  3 1 1 1 1 1
  5  5  4  4  4 1 1 1 1 0
  5  5  4  4  4 1 1 1 1 1
  5  5  5  2  2 2 2 2 1 0
  5  5  5  2  2 2 2 2 2 0
  5  5  5  3  3 1 1 1 0 0
  5  5  5  3  3 1 1 1 1 1
  5  5  5  3  3 2 1 1 0 0
  5  5  5  4  4 1 1 1 1 1
  5  5  5  5  5 1 1 1 1 1
  6  3  3  2  2 2 2 2 2 0
  6  3  3  3  3 2 1 1 1 1
  6  3  3  3  3 2 2 2 0 0
  6  3  3  3  3 3 1 1 1 0
  6  3  3  3  3 3 1 1 1 1
  6  4  3  3  3 1 1 1 1 1
  6  4  4  2  2 2 1 1 1 1
  6  4  4  2  2 2 2 1 1 0
  6  4  4  2  2 2 2 1 1 1
  6  4  4  3  3 1 1 1 1 0
  6  4  4  3  3 1 1 1 1 1
  6  4  4  3  3 2 1 1 0 0
  6  4  4  3  3 2 1 1 1 0
  6  4  4  3  3 3 1 1 0 0
  6  4  4  4  4 1 1 1 1 1
  6  5  3  2  2 2 2 1 1 0
  6  5  3  2  2 2 2 1 1 1
  6  5  3  3  3 2 2 1 0 0
  6  5  4  3  3 1 1 1 1 1
  6  5  4  4  4 1 1 1 1 1
  6  5  5  2  2 2 2 2 2 0
  6  5  5  3  3 1 1 1 1 1
  6  5  5  3  3 2 1 1 0 0
  6  5  5  3  3 2 1 1 1 0
  6  5  5  3  3 3 1 1 0 0
  6  5  5  4  4 1 1 1 1 0
  6  5  5  4  4 1 1 1 1 1
  6  5  5  5  5 2 1 1 1 0
  6  6  3  3  3 2 2 1 1 0
  6  6  4  3  3 2 2 1 0 0
  6  6  5  3  3 1 1 1 1 1
  6  6  5  4  4 1 1 1 1 1
  6  6  5  5  5 1 1 1 1 1
  6  6  6  3  3 2 1 1 1 1
  6  6  6  3  3 2 2 2 0 0
  6  6  6  3  3 3 1 1 1 0
  6  6  6  3  3 3 1 1 1 1
  6  6  6  4  4 1 1 1 1 1
  6  6  6  4  4 2 1 1 1 0
  6  6  6  5  5 2 1 1 1 0
  7  3  3  3  3 3 2 2 2 0
  7  3  3  3  3 3 3 3 0 0
  7  4  4  2  2 2 2 2 2 1
  7  4  4  2  2 2 2 2 2 2
  7  4  4  3  3 3 1 1 1 1
  7  4  4  4  4 1 1 1 1 1
  7  4  4  4  4 2 1 1 1 0
  7  4  4  4  4 2 1 1 1 1
  7  4  4  4  4 3 1 1 1 0
  7  5  4  4  4 2 2 1 0 0
  7  5  5  2  2 2 2 2 2 1
  7  5  5  2  2 2 2 2 2 2
  7  5  5  3  3 2 1 1 1 0
  7  5  5  3  3 2 1 1 1 1
  7  5  5  3  3 3 1 1 0 0
  7  5  5  3  3 3 1 1 1 0
  7  5  5  3  3 3 2 1 0 0
  7  5  5  4  4 1 1 1 1 1
  7  5  5  5  5 2 1 1 1 0
  7  6  3  3  3 2 2 1 1 0
  7  6  3  3  3 2 2 1 1 1
  7  6  4  3  3 2 2 1 1 0
  7  6  5  5  5 2 1 1 1 0
  7  6  6  3  3 3 1 1 1 1
  7  6  6  4  4 1 1 1 1 1
  7  6  6  4  4 2 1 1 1 0
  7  6  6  6  6 2 2 1 1 0
  7  7  4  3  3 2 2 1 1 1
  7  7  6  4  4 2 2 1 0 0
  7  7  6  5  5 2 1 1 1 0
  7  7  7  3  3 3 2 2 2 0
  7  7  7  3  3 3 3 3 0 0
  7  7  7  4  4 2 1 1 1 1
  7  7  7  4  4 2 2 1 1 0
  7  7  7  4  4 3 1 1 1 0
  7  7  7  5  5 2 1 1 1 0
  7  7  7  5  5 2 2 1 1 0
  7  7  7  6  6 2 2 1 1 0
  8  3  3  3  3 3 3 3 3 0
  8  4  4  4  4 4 1 1 1 1
  8  5  5  2  2 2 2 2 2 2
  8  5  5  3  3 2 2 2 2 0
  8  5  5  4  4 2 1 1 1 1
  8  5  5  4  4 3 1 1 1 0
  8  5  5  4  4 3 1 1 1 1
  8  5  5  4  4 4 1 1 1 0
  8  5  5  5  5 2 2 1 1 0
  8  6  4  4  4 2 2 1 1 0
  8  6  4  4  4 2 2 1 1 1
  8  6  5  3  3 3 3 1 1 0
  8  6  6  3  3 2 2 2 2 0
  8  6  6  4  4 2 1 1 1 1
  8  6  6  6  6 2 2 1 1 0
  8  7  6  6  6 2 2 1 1 0
  8  7  7  4  4 2 1 1 1 1
  8  7  7  4  4 3 1 1 1 0
  8  7  7  4  4 3 1 1 1 1
  8  7  7  4  4 4 1 1 1 0
  8  7  7  6  6 2 1 1 1 1
  8  7  7  7  7 2 2 1 1 1
  8  8  6  4  4 2 2 1 1 0
  8  8  6  4  4 2 2 1 1 1
  8  8  7  5  5 2 2 1 1 0
  8  8  7  6  6 2 2 1 1 0
  8  8  8  3  3 3 3 3 3 0
  8  8  8  4  4 4 1 1 1 1
  8  8  8  5  5 2 1 1 1 1
  8  8  8  5  5 2 2 1 1 0
  8  8  8  5  5 3 1 1 1 0
  8  8  8  6  6 2 2 1 1 0
  8  8  8  7  7 2 2 1 1 1
  9  6  5  5  5 2 2 1 1 0
  9  6  5  5  5 2 2 1 1 1
  9  6  6  3  3 2 2 2 2 1
  9  6  6  3  3 2 2 2 2 2
  9  6  6  3  3 3 2 2 2 0
  9  6  6  3  3 3 3 1 1 1
  9  6  6  4  4 3 1 1 1 1
  9  6  6  4  4 4 1 1 1 0
  9  6  6  4  4 4 1 1 1 1
  9  7  6  6  6 2 2 1 1 0
  9  7  7  4  4 2 2 2 1 0
  9  7  7  4  4 2 2 2 2 0
  9  7  7  4  4 3 1 1 1 1
  9  7  7  4  4 4 1 1 1 1
  9  7  7  6  6 2 2 1 1 0
  9  7  7  7  7 2 2 1 1 1
  9  8  7  7  7 2 2 1 1 1
  9  8  8  6  6 2 2 1 1 0
  9  9  6  4  4 3 3 1 1 0
  9  9  8  5  5 2 2 1 1 1
  9  9  8  6  6 2 2 1 1 0
  9  9  8  7  7 2 2 1 1 1
  9  9  9  5  5 2 2 1 1 1
  9  9  9  5  5 3 2 1 1 0
  9  9  9  6  6 2 2 1 1 1
  9  9  9  6  6 2 2 2 2 0
  9  9  9  7  7 2 2 1 1 1
  9  9  9  7  7 2 2 2 2 0
 10  6  6  3  3 3 3 3 3 0
 10  6  6  5  5 4 1 1 1 1
 10  7  5  5  5 2 2 2 2 0
 10  7  7  4  4 2 2 2 1 1
 10  7  7  4  4 2 2 2 2 1
 10  7  7  4  4 4 1 1 1 1
 10  7  7  4  4 4 2 1 1 0
 10  7  7  4  4 4 2 1 1 1
 10  7  7  4  4 4 3 1 1 0
 10  7  7  7  7 2 2 2 2 0
 10  8  5  5  5 3 3 1 1 0
 10  8  8  5  5 2 2 2 1 0
 10  8  8  5  5 5 1 1 1 0
 10 10  6  4  4 3 3 2 2 0
 10 10  6  5  5 3 3 1 1 0
 10 10  7  5  5 3 3 1 1 0
 10 10  9  6  6 2 2 1 1 1
 10 10  9  7  7 2 2 2 2 0
 10 10 10  5  5 2 2 2 2 2
 10 10 10  7  7 2 2 2 2 0
 11  6  6  6  6 4 2 1 1 1
 11  6  6  6  6 5 2 1 1 1
 11  8  6  4  4 4 4 1 1 1
 11  8  6  6  6 3 3 1 1 0
 11  8  7  4  4 4 4 1 1 1
 11  8  7  5  5 2 2 2 1 1
 11  8  7  7  7 2 2 2 2 0
 11  9  9  5  5 2 2 2 2 1
 11  9  9  5  5 5 2 1 1 0
 11  9  9  8  8 3 2 1 1 1
 11 10 10  6  6 5 1 1 1 1
 11 10 10  8  8 3 2 1 1 1
 11 11  6  5  5 3 3 2 2 0
 11 11  7  5  5 3 3 2 2 0
 11 11  9  6  6 3 3 1 1 0
 11 11 10  6  6 3 3 1 1 0
 11 11 11  6  6 2 2 2 2 2
 11 11 11  6  6 5 2 1 1 1
 11 11 11  7  7 2 2 2 2 1
 11 11 11  8  8 2 2 2 2 1
 12  7  7  6  6 6 2 1 1 1
 12  8  8  5  5 2 2 2 2 2
 12  9  5  5  5 3 3 3 3 0
 12  9  6  4  4 4 3 3 3 0
 12  9  6  6  6 3 3 1 1 1
 12  9  7  4  4 4 3 3 3 0
 12 11 11  6  6 6 2 1 1 1
 12 12  6  5  5 4 4 2 2 0
 12 12  7  5  5 4 4 2 2 0
 12 12 10  7  7 3 3 1 1 0
 12 12 11  8  8 2 2 2 2 1
 12 12 12  7  7 2 2 2 2 2
 12 12 12  7  7 5 2 1 1 1
 12 12 12  9  9 2 2 2 2 2
 13  8  8  6  6 6 2 1 1 1
 13  8  8  7  7 5 2 1 1 1
 13  9  9  5  5 3 3 3 2 0
 13  9  9  5  5 3 3 3 3 0
 13  9  9  5  5 5 4 1 1 1
 13  9  9  6  6 3 2 2 1 1
 13 10  6  6  6 3 3 3 3 0
 13 10  6  6  6 4 4 1 1 1
 13 11 10  9  9 3 2 2 1 1
 13 11 11 10 10 3 2 2 2 1
 13 12 11  9  9 3 2 2 1 1
 13 12 12 10 10 3 2 2 2 1
 13 13  7  6  6 4 4 2 2 0
 13 13 10  6  6 3 3 3 3 0
 13 13 13  7  7 4 2 2 2 1
 13 13 13  9  9 3 3 2 2 0
 14  9  9  7  7 6 2 1 1 1
 14  9  9  9  9 3 3 2 2 0
 14 10 10  6  6 3 3 3 2 0
 14 11  6  6  5 5 5 2 2 0
 14 11  7  7  7 4 4 1 1 1
 14 11  9  6  6 3 3 3 1 1
 14 11 11  6  6 3 3 3 3 0
 14 11 11  6  6 6 2 2 2 0
 14 12 12  7  7 7 2 1 1 1
 14 13 13  8  8 6 2 1 1 1
 14 14 10  7  7 3 3 3 3 0
 14 14 11  7  7 4 4 1 1 1
 15  9  8  8  8 3 3 3 3 0
 15 10  8  8  8 4 4 1 1 1
 15 10 10  6  6 6 4 1 1 1
 15 11  8  8  8 4 4 1 1 1
 15 11 11  6  6 3 3 3 3 1
 15 12  6  6  5 5 5 3 3 0
 15 12  9  6  6 3 3 3 2 2
 15 12 11  7  7 3 3 3 1 1
 15 12 11 10 10 3 2 2 2 2
 15 13 12 10 10 3 2 2 2 2
 15 13 13  8  8 7 2 1 1 1
 15 14 14  8  8 6 2 2 1 1
 15 15 11  8  8 4 4 1 1 1
 15 15 15 10 10 3 3 2 2 1
 16  9  9  9  9 4 4 2 2 0
 16 11 11  6  6 4 4 3 3 0
 16 12  6  6  6 6 6 3 3 0
 16 12 12  7  7 3 3 3 3 1
 16 13 11  7  7 3 3 3 2 2
 16 14 14  8  8 7 2 2 1 1
 16 15 15  8  8 3 3 3 3 2
 16 16 10  6  6 6 6 3 3 0
 16 16 10  7  7 4 4 4 4 0
 16 16 11  7  7 4 4 4 4 0
 16 16 11  8  8 5 5 1 1 1
 16 16 12  8  8 5 5 1 1 1
 16 16 14 11 11 3 3 3 3 0
 17 13 13  8  8 4 3 3 1 1
 17 14  7  7  6 6 6 3 3 0
 17 17 11  8  8 4 4 4 4 0
 17 17 12  8  8 4 4 4 3 0
 17 17 12  9  9 5 5 1 1 1
 17 17 14  9  9 5 5 1 1 1
 17 17 17  9  9 4 3 3 3 2
 17 17 17  9  9 6 3 3 3 0
 18 10 10 10 10 4 4 3 3 0
 18 12 12  7  7 4 4 4 4 0
 18 13 12  9  9 4 3 3 1 1
 18 13 13  8  8 5 3 3 1 1
 18 14 13  9  9 4 3 3 1 1
 18 16 16  9  9 7 2 2 2 2
 18 18 10  7  7 7 7 3 3 0
 18 18 11  7  7 7 7 3 3 0
 18 18 12  8  8 4 4 4 4 1
 18 18 13  9  9 5 5 2 1 1
 18 18 14  9  9 4 4 4 3 0
 18 18 14 10 10 5 5 1 1 1
 18 18 15 10 10 5 5 1 1 1
 19 13 13  7  7 4 4 4 4 1
 19 16 16  9  9 8 2 2 2 2
 19 19 10  7  7 7 7 4 4 0
 19 19 11  7  7 7 7 4 4 0
 19 19 13  9  9 5 5 2 2 2
 19 19 14  9  9 4 4 4 4 1
 19 19 15 10 10 5 5 2 1 1
 20 14 13 10 10 4 3 3 2 2
 20 14 14  8  8 4 4 4 4 1
 20 15 14 10 10 4 3 3 2 2
 20 15 15  9  9 5 3 3 2 2
 20 20 10 10 10 6 6 3 3 0
 20 20 15 10 10 5 5 2 2 2
 21 15 15  9  9 6 3 3 2 2
 21 21 10 10 10 7 7 3 3 0
 21 21 11  8  8 8 8 4 4 0
 22 19 19 10 10 4 4 4 4 4
 22 22 10 10 10 7 7 4 4 0
 22 22 11 11 11 7 7 3 3 0
 22 22 22 12 12 6 6 3 3 0
 22 22 22 15 15 5 5 3 3 0
 23 23 11 11 11 7 7 4 4 0
 24 24 11 11 11 8 8 4 4 0
 25 25 22 16 16 4 4 4 4 4
 25 25 25 13 13 7 4 4 4 4
 25 25 25 14 14 7 7 3 3 0
 26 26 26 15 15 7 7 3 3 0
 28 15 15 15 15 6 6 6 6 0
 28 28 28 19 19 5 5 5 5 2
 29 29 29 15 15 6 6 6 6 3
 34 34 34 22 22 7 7 4 4 4

159 extreme rays:
  1  1  1  1  0 0 0 0 0 0
  1  1  1  1  1 1 0 0 0 0
  1  1  1  1  1 1 1 0 0 0
  1  1  1  1  1 1 1 1 0 0
  1  1  1  1  1 1 1 1 1 0
  1  1  1  1  1 1 1 1 1 1
  2  1  1  1  1 1 1 0 0 0
  2  2  1  1  1 1 0 0 0 0
  2  2  2  1  1 1 1 0 0 0
  2  2  2  2  2 1 1 0 0 0
  3  1  1  1  1 1 1 1 1 1
  3  2  1  1  1 1 1 1 1 0
  3  2  2  1  1 1 1 1 0 0
  3  3  1  1  1 1 1 1 0 0
  3  3  2  1  1 1 1 1 1 0
  3  3  2  2  2 1 1 0 0 0
  3  3  2  2  2 2 2 0 0 0
  3  3  3  1  1 1 1 1 1 1
  3  3  3  3  3 1 1 1 0 0
  4  2  2  2  2 2 1 1 0 0
  4  3  3  2  2 1 1 0 0 0
  4  4  1  1  1 1 1 1 1 1
  4  4  2  2  2 1 1 1 1 0
  4  4  3  3  3 1 1 1 0 0
  4  4  4  2  2 1 1 1 1 0
  4  4  4  2  2 2 1 1 0 0
  4  4  4  4  4 1 1 1 1 0
  5  3  3  3  3 1 1 1 0 0
  5  3  3  3  3 1 1 1 1 0
  5  4  3  2  2 1 1 1 1 0
  5  5  2  2  2 2 2 1 1 0
  5  5  2  2  2 2 2 2 2 0
  5  5  4  4  4 1 1 1 1 0
  5  5  5  3  3 1 1 1 0 0
  5  5  5  5  5 1 1 1 1 1
  6  3  3  3  3 3 1 1 1 0
  6  4  4  2  2 2 2 1 1 0
  6  4  4  3  3 1 1 1 1 0
  6  5  3  2  2 2 2 1 1 0
  6  5  5  2  2 2 2 2 2 0
  6  5  5  4  4 1 1 1 1 0
  6  6  5  3  3 1 1 1 1 1
  6  6  5  5  5 1 1 1 1 1
  6  6  6  3  3 3 1 1 1 0
  7  3  3  3  3 3 3 3 0 0
  7  4  4  4  4 1 1 1 1 1
  7  4  4  4  4 2 1 1 1 0
  7  5  5  3  3 2 1 1 1 0
  7  5  5  3  3 3 1 1 0 0
  7  5  5  5  5 2 1 1 1 0
  7  6  3  3  3 2 2 1 1 0
  7  6  6  4  4 1 1 1 1 1
  7  7  7  3  3 3 3 3 0 0
  7  7  7  5  5 2 1 1 1 0
  8  3  3  3  3 3 3 3 3 0
  8  4  4  4  4 4 1 1 1 1
  8  5  5  2  2 2 2 2 2 2
  8  6  6  3  3 2 2 2 2 0
  8  6  6  6  6 2 2 1 1 0
  8  7  7  4  4 2 1 1 1 1
  8  7  7  4  4 3 1 1 1 0
  8  7  7  6  6 2 1 1 1 1
  8  8  6  4  4 2 2 1 1 0
  8  8  8  3  3 3 3 3 3 0
  8  8  8  4  4 4 1 1 1 1
  8  8  8  5  5 2 1 1 1 1
  8  8  8  5  5 3 1 1 1 0
  8  8  8  6  6 2 2 1 1 0
  9  6  5  5  5 2 2 1 1 0
  9  6  6  3  3 3 2 2 2 0
  9  6  6  3  3 3 3 1 1 1
  9  6  6  4  4 4 1 1 1 0
  9  7  6  6  6 2 2 1 1 0
  9  7  7  7  7 2 2 1 1 1
  9  9  6  4  4 3 3 1 1 0
  9  9  8  6  6 2 2 1 1 0
  9  9  9  5  5 2 2 1 1 1
  9  9  9  5  5 3 2 1 1 0
  9  9  9  7  7 2 2 1 1 1
 10  6  6  3  3 3 3 3 3 0
 10  6  6  5  5 4 1 1 1 1
 10  7  5  5  5 2 2 2 2 0
 10  7  7  4  4 2 2 2 1 1
 10  7  7  4  4 4 1 1 1 1
 10  7  7  4  4 4 2 1 1 0
 10  7  7  7  7 2 2 2 2 0
 10  8  8  5  5 5 1 1 1 0
 10 10  6  4  4 3 3 2 2 0
 10 10  6  5  5 3 3 1 1 0
 10 10  9  6  6 2 2 1 1 1
 10 10 10  5  5 2 2 2 2 2
 10 10 10  7  7 2 2 2 2 0
 11  6  6  6  6 4 2 1 1 1
 11  8  6  4  4 4 4 1 1 1
 11  8  7  5  5 2 2 2 1 1
 11  8  7  7  7 2 2 2 2 0
 11  9  9  5  5 2 2 2 2 1
 11  9  9  5  5 5 2 1 1 0
 11 10 10  6  6 5 1 1 1 1
 11 11  6  5  5 3 3 2 2 0
 11 11 10  6  6 3 3 1 1 0
 12  8  8  5  5 2 2 2 2 2
 12  9  5  5  5 3 3 3 3 0
 12  9  6  4  4 4 3 3 3 0
 12  9  6  6  6 3 3 1 1 1
 12 12  6  5  5 4 4 2 2 0
 12 12 10  7  7 3 3 1 1 0
 12 12 11  8  8 2 2 2 2 1
 12 12 12  7  7 2 2 2 2 2
 12 12 12  7  7 5 2 1 1 1
 12 12 12  9  9 2 2 2 2 2
 13  8  8  6  6 6 2 1 1 1
 13  9  9  5  5 3 3 3 2 0
 13  9  9  6  6 3 2 2 1 1
 13 10  6  6  6 4 4 1 1 1
 13 13 10  6  6 3 3 3 3 0
 13 13 13  7  7 4 2 2 2 1
 14  9  9  9  9 3 3 2 2 0
 14 11  6  6  5 5 5 2 2 0
 14 11 11  6  6 3 3 3 3 0
 14 11 11  6  6 6 2 2 2 0
 14 12 12  7  7 7 2 1 1 1
 14 14 10  7  7 3 3 3 3 0
 14 14 11  7  7 4 4 1 1 1
 15  9  8  8  8 3 3 3 3 0
 15 10  8  8  8 4 4 1 1 1
 15 10 10  6  6 6 4 1 1 1
 15 12  6  6  5 5 5 3 3 0
 15 15 11  8  8 4 4 1 1 1
 15 15 15 10 10 3 3 2 2 1
 16  9  9  9  9 4 4 2 2 0
 16 11 11  6  6 4 4 3 3 0
 16 12  6  6  6 6 6 3 3 0
 16 15 15  8  8 3 3 3 3 2
 16 16 10  6  6 6 6 3 3 0
 16 16 10  7  7 4 4 4 4 0
 16 16 11  8  8 5 5 1 1 1
 16 16 14 11 11 3 3 3 3 0
 17 17 17  9  9 4 3 3 3 2
 17 17 17  9  9 6 3 3 3 0
 18 10 10 10 10 4 4 3 3 0
 18 12 12  7  7 4 4 4 4 0
 18 18 10  7  7 7 7 3 3 0
 18 18 15 10 10 5 5 1 1 1
 19 13 13  7  7 4 4 4 4 1
 19 19 10  7  7 7 7 4 4 0
 20 20 10 10 10 6 6 3 3 0
 21 21 10 10 10 7 7 3 3 0
 22 19 19 10 10 4 4 4 4 4
 22 22 10 10 10 7 7 4 4 0
 22 22 22 12 12 6 6 3 3 0
 22 22 22 15 15 5 5 3 3 0
 25 25 22 16 16 4 4 4 4 4
 25 25 25 13 13 7 4 4 4 4
 26 26 26 15 15 7 7 3 3 0
 28 15 15 15 15 6 6 6 6 0
 28 28 28 19 19 5 5 5 5 2
 29 29 29 15 15 6 6 6 6 3
 34 34 34 22 22 7 7 4 4 4

135 support hyperplanes:
 -9 -1 -5 15 -1 15 11  7  7  3
 -7  1 -3  9  1  9  5  5  1  9
 -7  1 -3  9  5  1  9  5  1  9
 -7  1  5  1 -3  9  9  5  1  9
 -7  5  1  1 -3  9  5  9  1  9
 -5 -1 -5 11 -1 11  7  7  3  3
 -5 -1 -1  7 -1  7  7  3  3  3
 -3 -7  1  9  1  9  1  9  5  5
 -3 -7  1  9  1  9  5  5  1  9
 -3 -7  1  9  5  5  1  9  1  9
 -3 -7  5  5  1  9  1  9  1  9
 -3 -3  1  5  1  5  1  5  1  5
 -3 -1 -1  5  1  3  3  3  1  1
 -3 -1 -1  5  3  3  1  1  1  3
 -3 -1  0  4  0  4  3  2  2  1
 -3 -1  0  4  3  2  2  1  0  4
 -3 -1  1  3 -1  5  3  3  1  1
 -3 -1  1  3  3  3  1  1 -1  5
 -3 -1  3  2  2  1  0  4  0  4
 -3 -1  3  3  1  1 -1  5  1  3
 -3 -1  3  3  1  1  1  3 -1  5
 -3  0 -1  4  0  3  4  2  2  1
 -3  0 -1  4  0  4  3  2  1  2
 -3  0 -1  4  2  3  2  1  0  4
 -3  0  0  3 -1  4  4  2  2  1
 -3  1 -7  9  1  1  9  9  5  5
 -3  1 -3  5  1  1  5  5  1  5
 -3  1 -1  3 -1  3  5  3  1  1
 -3  1 -1  3 -1  5  3  1  3  1
 -3  1  1  1 -7  9  9  9  5  5
 -3  1  1  1 -3  5  5  5  1  5
 -3  1  1  1  1  1  1  1  1  1
 -3  2  1  0 -1  4  3  2  0  4
 -3  3 -1  1  1 -1  5  3  3  1
 -3  3  1 -1 -1  1  5  3  3  1
 -2 -1 -3  6  0  5  4  3  2  1
 -2 -1  0  3  0  3  2  1  2  1
 -2 -1  0  3  2  1  0  3  2  1
 -2 -1  0  3  2  1  2  1  0  3
 -2 -1  2  1  0  3  0  3  2  1
 -2 -1  2  1  0  3  2  1  0  3
 -2 -1  2  1  2  1  0  3  0  3
 -2  0 -1  3  0  2  3  1  2  1
 -2  0 -1  3  0  3  2  1  1  2
 -2  0 -1  3  1  2  2  1  0  3
 -2  0 -1  3  2  0  1  3  2  1
 -2  0  0  2 -1  3  3  1  2  1
 -2  0  2  0 -1  3  1  3  2  1
 -2  1  1  0 -1  3  2  2  0  3
 -2  2 -1  1  0  0  3  3  2  1
 -2  2  0  0 -1  1  3  3  2  1
 -1 -5 -9 15 -1  7 15 11  7  3
 -1 -5 -5 11 -1  7 11  7  3  3
 -1 -5 -1  7 -9 15 15 11  7  3
 -1 -5 -1  7 -5 11 11  7  3  3
 -1 -5 -1  7 -1  7  3  7  3  3
 -1 -2 -3  6  0  4  5  3  2  1
 -1 -2 -3  6  0  5  4  3  1  2
 -1 -2  0  3  0  3  1  2  2  1
 -1 -2  0  3  0  3  2  1  1  2
 -1 -2  0  3  1  2  0  3  2  1
 -1 -2  0  3  1  2  2  1  0  3
 -1 -2  0  3  2  1  0  3  1  2
 -1 -2  0  3  2  1  1  2  0  3
 -1 -2  1  2  0  3  0  3  2  1
 -1 -2  1  2  0  3  2  1  0  3
 -1 -2  1  2  2  1  0  3  0  3
 -1 -2  2  1  0  3  0  3  1  2
 -1 -2  2  1  0  3  1  2  0  3
 -1 -2  2  1  1  2  0  3  0  3
 -1 -1 -5  7 -9 15 11 15  7  3
 -1 -1 -5  7 -9 15 15 11  3  7
 -1 -1 -5  7 -5 11  7 11  3  3
 -1 -1 -5  7 -1  3  7  7  3  3
 -1 -1 -2  4  0  3  3  2  1  1
 -1 -1 -1  3 -5  7  7  7  3  3
 -1 -1 -1  3 -1  3  3  3 -1  3
 -1 -1 -1  3  1  1  1  1  1  1
 -1 -1  1  1 -1  3  1  1  1  1
 -1 -1  1  1  1  1 -1  3  1  1
 -1 -1  1  1  1  1  1  1 -1  3
 -1  0 -2  3  0  1  3  2  2  1
 -1  0 -2  3  1  0  2  3  2  1
 -1  0 -2  3  1  0  3  2  1  2
 -1  0  0  1 -2  3  3  2  2  1
 -1  0  0  1  0  1  1  0  1  1
 -1  0  0  1  1  0  0  1  1  1
 -1  0  1  0 -2  3  2  3  2  1
 -1  0  1  0 -2  3  3  2  1  2
 -1  0  1  0  0  1  0  1  1  1
 -1  1 -3  3  1 -1  5  3  3  1
 -1  1 -2  2  0  0  3  3  2  1
 -1  1 -1  1 -3  5  3  3  3  1
 -1  1 -1  1 -1  1  3  1  1  1
 -1  1 -1  1  1 -1  1  3  1  1
 -1  1  0  0 -3  4  4  3  2  2
 -1  1  0  0 -2  2  3  3  2  1
 -1  1  0  0 -2  3  2  3  1  2
 -1  1  0  0 -1  2  2  1  0  2
 -1  1  0  0  0  0  1  1  1  1
 -1  1  1 -1 -3  3  5  3  3  1
 -1  1  1 -1 -3  5  3  3  1  3
 -1  1  1 -1 -1  1  1  3  1  1
  0 -2 -1  3 -3  6  5  4  2  1
  0 -2 -1  3  0  2  1  3  2  1
  0 -2  0  2 -1  3  1  3  2  1
  0 -1 -2  3 -3  6  4  5  2  1
  0 -1 -2  3 -3  6  5  4  1  2
  0 -1 -2  3  0  1  2  3  2  1
  0 -1 -2  3  0  1  3  2  1  2
  0 -1 -2  3  0  2  1  3  1  2
  0 -1 -1  2 -2  4  3  3  1  1
  0 -1  0  1 -2  3  2  3  2  1
  0 -1  0  1 -2  3  3  2  1  2
  0 -1  0  1  0  1  0  1  1  1
  0  0 -2  2 -1  1  3  3  2  1
  0  0 -1  1 -3  4  4  3  2  2
  0  0 -1  1 -2  2  3  3  2  1
  0  0 -1  1 -2  3  2  3  1  2
  0  0 -1  1  0  0  1  1  1  1
  0  0  0  0 -1  1  1  1  1  1
  0  0  0  0  0  0  0  0  0  1
  0  0  0  0  0  0  0  0  1 -1
  0  0  0  0  0  0  0  1 -1  0
  0  0  0  0  0  0  1 -1  0  0
  0  0  0  0  0  1 -1  0  0  0
  0  0  0  0  1 -1  0  0  0  0
  0  0  0  1 -1  0  0  0  0  0
  0  0  1 -1  0  0  0  0  0  0
  0  1 -1  0  0  0  0  0  0  0
  1 -1 -3  3 -1  1  5  3  3  1
  1 -1 -1  1 -3  3  5  3  3  1
  1 -1 -1  1 -3  5  3  3  1  3
  1 -1 -1  1 -1  1  1  3  1  1
  1 -1  0  0  0  0  0  0  0  0


