226 Hilbert basis elements
103 extreme rays
69 support hyperplanes

embedding dimension = 9
rank = 9 (maximal)
external index = 1

size of partial triangulation   = 389
resulting sum of |det|s = 1556

No implicit grading found

rank of class group = 60
class group is free

***********************************************************************

226 Hilbert basis elements:
  1  1  1  1  0 0 0 0 0
  1  1  1  1  1 1 0 0 0
  1  1  1  1  1 1 1 0 0
  1  1  1  1  1 1 1 1 0
  1  1  1  1  1 1 1 1 1
  2  1  1  1  1 1 1 0 0
  2  1  1  1  1 1 1 1 0
  2  1  1  1  1 1 1 1 1
  2  2  1  1  1 1 0 0 0
  2  2  1  1  1 1 1 1 0
  2  2  1  1  1 1 1 1 1
  2  2  2  1  1 1 1 0 0
  2  2  2  1  1 1 1 1 0
  2  2  2  1  1 1 1 1 1
  2  2  2  2  2 1 1 0 0
  2  2  2  2  2 1 1 1 0
  2  2  2  2  2 1 1 1 1
  3  2  1  1  1 1 1 1 1
  3  2  2  1  1 1 1 1 0
  3  2  2  1  1 1 1 1 1
  3  2  2  2  2 1 1 1 0
  3  2  2  2  2 1 1 1 1
  3  3  1  1  1 1 1 1 0
  3  3  2  1  1 1 1 1 1
  3  3  2  2  2 1 1 0 0
  3  3  2  2  2 1 1 1 0
  3  3  2  2  2 1 1 1 1
  3  3  2  2  2 2 2 0 0
  3  3  3  2  2 1 1 1 0
  3  3  3  2  2 1 1 1 1
  3  3  3  3  3 1 1 1 0
  3  3  3  3  3 1 1 1 1
  4  2  2  2  2 1 1 1 1
  4  2  2  2  2 2 1 1 0
  4  2  2  2  2 2 1 1 1
  4  3  2  2  2 1 1 1 0
  4  3  2  2  2 1 1 1 1
  4  3  3  2  2 1 1 0 0
  4  3  3  2  2 1 1 1 0
  4  3  3  2  2 1 1 1 1
  4  3  3  3  3 1 1 1 0
  4  3  3  3  3 1 1 1 1
  4  4  2  2  2 1 1 1 1
  4  4  2  2  2 2 2 1 1
  4  4  3  2  2 1 1 1 0
  4  4  3  2  2 1 1 1 1
  4  4  3  3  3 1 1 1 0
  4  4  3  3  3 1 1 1 1
  4  4  4  2  2 1 1 1 1
  4  4  4  2  2 2 1 1 0
  4  4  4  2  2 2 1 1 1
  4  4  4  3  3 1 1 1 0
  4  4  4  3  3 1 1 1 1
  4  4  4  4  4 1 1 1 1
  5  2  2  2  2 2 2 2 1
  5  2  2  2  2 2 2 2 2
  5  3  2  2  2 2 2 2 0
  5  3  3  2  2 2 1 1 1
  5  3  3  3  3 1 1 1 0
  5  3  3  3  3 1 1 1 1
  5  3  3  3  3 2 1 1 0
  5  4  2  2  2 2 2 1 1
  5  4  3  2  2 1 1 1 1
  5  4  3  2  2 2 2 1 0
  5  4  3  3  3 1 1 1 1
  5  4  4  2  2 2 1 1 1
  5  4  4  3  3 1 1 1 0
  5  4  4  3  3 1 1 1 1
  5  5  2  2  2 2 2 1 1
  5  5  2  2  2 2 2 2 2
  5  5  3  2  2 2 2 1 1
  5  5  4  2  2 2 2 2 0
  5  5  4  3  3 1 1 1 1
  5  5  4  4  4 1 1 1 1
  5  5  5  2  2 2 2 2 1
  5  5  5  2  2 2 2 2 2
  5  5  5  3  3 1 1 1 0
  5  5  5  3  3 2 1 1 0
  6  3  3  2  2 2 2 2 2
  6  3  3  3  3 2 2 2 0
  6  3  3  3  3 3 1 1 1
  6  4  4  2  2 2 2 1 1
  6  4  4  3  3 1 1 1 1
  6  4  4  3  3 2 1 1 0
  6  4  4  3  3 2 1 1 1
  6  4  4  3  3 3 1 1 0
  6  5  3  2  2 2 2 1 1
  6  5  3  3  3 2 2 1 0
  6  5  5  2  2 2 2 2 2
  6  5  5  3  3 2 1 1 0
  6  5  5  3  3 2 1 1 1
  6  5  5  3  3 3 1 1 0
  6  5  5  4  4 1 1 1 1
  6  5  5  5  5 2 1 1 1
  6  6  3  3  3 2 2 1 1
  6  6  4  3  3 2 2 1 0
  6  6  6  3  3 2 2 2 0
  6  6  6  3  3 3 1 1 1
  6  6  6  4  4 2 1 1 1
  6  6  6  5  5 2 1 1 1
  7  3  3  3  3 3 2 2 2
  7  3  3  3  3 3 3 3 0
  7  4  4  4  4 2 1 1 1
  7  4  4  4  4 3 1 1 1
  7  5  4  4  4 2 2 1 0
  7  5  5  3  3 2 1 1 1
  7  5  5  3  3 3 1 1 0
  7  5  5  3  3 3 1 1 1
  7  5  5  3  3 3 2 1 0
  7  5  5  5  5 2 1 1 1
  7  6  3  3  3 2 2 1 1
  7  6  4  3  3 2 2 1 1
  7  6  5  5  5 2 1 1 1
  7  6  6  4  4 2 1 1 1
  7  6  6  6  6 2 2 1 1
  7  7  6  4  4 2 2 1 0
  7  7  6  5  5 2 1 1 1
  7  7  7  3  3 3 2 2 2
  7  7  7  3  3 3 3 3 0
  7  7  7  4  4 2 2 1 1
  7  7  7  4  4 3 1 1 1
  7  7  7  5  5 2 1 1 1
  7  7  7  5  5 2 2 1 1
  7  7  7  6  6 2 2 1 1
  8  3  3  3  3 3 3 3 3
  8  5  5  3  3 2 2 2 2
  8  5  5  4  4 3 1 1 1
  8  5  5  4  4 4 1 1 1
  8  5  5  5  5 2 2 1 1
  8  6  4  4  4 2 2 1 1
  8  6  5  3  3 3 3 1 1
  8  6  6  3  3 2 2 2 2
  8  6  6  6  6 2 2 1 1
  8  7  6  6  6 2 2 1 1
  8  7  7  4  4 3 1 1 1
  8  7  7  4  4 4 1 1 1
  8  8  6  4  4 2 2 1 1
  8  8  7  5  5 2 2 1 1
  8  8  7  6  6 2 2 1 1
  8  8  8  3  3 3 3 3 3
  8  8  8  5  5 2 2 1 1
  8  8  8  5  5 3 1 1 1
  8  8  8  6  6 2 2 1 1
  9  6  5  5  5 2 2 1 1
  9  6  6  3  3 3 2 2 2
  9  6  6  4  4 4 1 1 1
  9  7  6  6  6 2 2 1 1
  9  7  7  4  4 2 2 2 1
  9  7  7  4  4 2 2 2 2
  9  7  7  6  6 2 2 1 1
  9  8  8  6  6 2 2 1 1
  9  9  6  4  4 3 3 1 1
  9  9  8  6  6 2 2 1 1
  9  9  9  5  5 3 2 1 1
  9  9  9  6  6 2 2 2 2
  9  9  9  7  7 2 2 2 2
 10  6  6  3  3 3 3 3 3
 10  7  5  5  5 2 2 2 2
 10  7  7  4  4 4 2 1 1
 10  7  7  4  4 4 3 1 1
 10  7  7  7  7 2 2 2 2
 10  8  5  5  5 3 3 1 1
 10  8  8  5  5 2 2 2 1
 10  8  8  5  5 5 1 1 1
 10 10  6  4  4 3 3 2 2
 10 10  6  5  5 3 3 1 1
 10 10  7  5  5 3 3 1 1
 10 10  9  7  7 2 2 2 2
 10 10 10  7  7 2 2 2 2
 11  8  6  6  6 3 3 1 1
 11  8  7  7  7 2 2 2 2
 11  9  9  5  5 5 2 1 1
 11 11  6  5  5 3 3 2 2
 11 11  7  5  5 3 3 2 2
 11 11  9  6  6 3 3 1 1
 11 11 10  6  6 3 3 1 1
 12  9  5  5  5 3 3 3 3
 12  9  6  4  4 4 3 3 3
 12  9  7  4  4 4 3 3 3
 12 12  6  5  5 4 4 2 2
 12 12  7  5  5 4 4 2 2
 12 12 10  7  7 3 3 1 1
 13  9  9  5  5 3 3 3 2
 13  9  9  5  5 3 3 3 3
 13 10  6  6  6 3 3 3 3
 13 13  7  6  6 4 4 2 2
 13 13 10  6  6 3 3 3 3
 13 13 13  9  9 3 3 2 2
 14  9  9  9  9 3 3 2 2
 14 10 10  6  6 3 3 3 2
 14 11  6  6  5 5 5 2 2
 14 11 11  6  6 3 3 3 3
 14 11 11  6  6 6 2 2 2
 14 14 10  7  7 3 3 3 3
 15  9  8  8  8 3 3 3 3
 15 12  6  6  5 5 5 3 3
 16  9  9  9  9 4 4 2 2
 16 11 11  6  6 4 4 3 3
 16 12  6  6  6 6 6 3 3
 16 16 10  6  6 6 6 3 3
 16 16 10  7  7 4 4 4 4
 16 16 11  7  7 4 4 4 4
 16 16 14 11 11 3 3 3 3
 17 14  7  7  6 6 6 3 3
 17 17 11  8  8 4 4 4 4
 17 17 12  8  8 4 4 4 3
 17 17 17  9  9 6 3 3 3
 18 10 10 10 10 4 4 3 3
 18 12 12  7  7 4 4 4 4
 18 18 10  7  7 7 7 3 3
 18 18 11  7  7 7 7 3 3
 18 18 14  9  9 4 4 4 3
 19 19 10  7  7 7 7 4 4
 19 19 11  7  7 7 7 4 4
 20 20 10 10 10 6 6 3 3
 21 21 10 10 10 7 7 3 3
 21 21 11  8  8 8 8 4 4
 22 22 10 10 10 7 7 4 4
 22 22 11 11 11 7 7 3 3
 22 22 22 12 12 6 6 3 3
 22 22 22 15 15 5 5 3 3
 23 23 11 11 11 7 7 4 4
 24 24 11 11 11 8 8 4 4
 25 25 25 14 14 7 7 3 3
 26 26 26 15 15 7 7 3 3
 28 15 15 15 15 6 6 6 6

103 extreme rays:
  1  1  1  1  0 0 0 0 0
  1  1  1  1  1 1 0 0 0
  1  1  1  1  1 1 1 0 0
  1  1  1  1  1 1 1 1 0
  1  1  1  1  1 1 1 1 1
  2  1  1  1  1 1 1 0 0
  2  2  1  1  1 1 0 0 0
  2  2  2  1  1 1 1 0 0
  2  2  2  2  2 1 1 0 0
  3  2  1  1  1 1 1 1 1
  3  2  2  1  1 1 1 1 0
  3  3  1  1  1 1 1 1 0
  3  3  2  1  1 1 1 1 1
  3  3  2  2  2 1 1 0 0
  3  3  2  2  2 2 2 0 0
  3  3  3  3  3 1 1 1 0
  4  2  2  2  2 2 1 1 0
  4  3  3  2  2 1 1 0 0
  4  4  2  2  2 1 1 1 1
  4  4  3  3  3 1 1 1 0
  4  4  4  2  2 1 1 1 1
  4  4  4  2  2 2 1 1 0
  4  4  4  4  4 1 1 1 1
  5  3  3  3  3 1 1 1 0
  5  3  3  3  3 1 1 1 1
  5  4  3  2  2 1 1 1 1
  5  5  2  2  2 2 2 1 1
  5  5  2  2  2 2 2 2 2
  5  5  4  4  4 1 1 1 1
  5  5  5  3  3 1 1 1 0
  6  3  3  3  3 3 1 1 1
  6  4  4  2  2 2 2 1 1
  6  4  4  3  3 1 1 1 1
  6  5  3  2  2 2 2 1 1
  6  5  5  2  2 2 2 2 2
  6  5  5  4  4 1 1 1 1
  6  6  6  3  3 3 1 1 1
  7  3  3  3  3 3 3 3 0
  7  4  4  4  4 2 1 1 1
  7  5  5  3  3 2 1 1 1
  7  5  5  3  3 3 1 1 0
  7  5  5  5  5 2 1 1 1
  7  6  3  3  3 2 2 1 1
  7  7  7  3  3 3 3 3 0
  7  7  7  5  5 2 1 1 1
  8  3  3  3  3 3 3 3 3
  8  6  6  3  3 2 2 2 2
  8  6  6  6  6 2 2 1 1
  8  7  7  4  4 3 1 1 1
  8  8  6  4  4 2 2 1 1
  8  8  8  3  3 3 3 3 3
  8  8  8  5  5 3 1 1 1
  8  8  8  6  6 2 2 1 1
  9  6  5  5  5 2 2 1 1
  9  6  6  3  3 3 2 2 2
  9  6  6  4  4 4 1 1 1
  9  7  6  6  6 2 2 1 1
  9  9  6  4  4 3 3 1 1
  9  9  8  6  6 2 2 1 1
  9  9  9  5  5 3 2 1 1
 10  6  6  3  3 3 3 3 3
 10  7  5  5  5 2 2 2 2
 10  7  7  4  4 4 2 1 1
 10  7  7  7  7 2 2 2 2
 10  8  8  5  5 5 1 1 1
 10 10  6  4  4 3 3 2 2
 10 10  6  5  5 3 3 1 1
 10 10 10  7  7 2 2 2 2
 11  8  7  7  7 2 2 2 2
 11  9  9  5  5 5 2 1 1
 11 11  6  5  5 3 3 2 2
 11 11 10  6  6 3 3 1 1
 12  9  5  5  5 3 3 3 3
 12  9  6  4  4 4 3 3 3
 12 12  6  5  5 4 4 2 2
 12 12 10  7  7 3 3 1 1
 13  9  9  5  5 3 3 3 2
 13 13 10  6  6 3 3 3 3
 14  9  9  9  9 3 3 2 2
 14 11  6  6  5 5 5 2 2
 14 11 11  6  6 3 3 3 3
 14 11 11  6  6 6 2 2 2
 14 14 10  7  7 3 3 3 3
 15  9  8  8  8 3 3 3 3
 15 12  6  6  5 5 5 3 3
 16  9  9  9  9 4 4 2 2
 16 11 11  6  6 4 4 3 3
 16 12  6  6  6 6 6 3 3
 16 16 10  6  6 6 6 3 3
 16 16 10  7  7 4 4 4 4
 16 16 14 11 11 3 3 3 3
 17 17 17  9  9 6 3 3 3
 18 10 10 10 10 4 4 3 3
 18 12 12  7  7 4 4 4 4
 18 18 10  7  7 7 7 3 3
 19 19 10  7  7 7 7 4 4
 20 20 10 10 10 6 6 3 3
 21 21 10 10 10 7 7 3 3
 22 22 10 10 10 7 7 4 4
 22 22 22 12 12 6 6 3 3
 22 22 22 15 15 5 5 3 3
 26 26 26 15 15 7 7 3 3
 28 15 15 15 15 6 6 6 6

69 support hyperplanes:
 -7  1 -3  9  1  9  5  5  1
 -7  1 -3  9  5  1  9  5  1
 -7  1  5  1 -3  9  9  5  1
 -7  5  1  1 -3  9  5  9  1
 -3 -7  1  9  1  9  5  5  1
 -3 -7  1  9  5  5  1  9  1
 -3 -7  5  5  1  9  1  9  1
 -3 -3  1  5  1  5  1  5  1
 -3 -1 -1  5  3  3  1  1  1
 -3 -1  0  4  3  2  2  1  0
 -3 -1  1  3  3  3  1  1 -1
 -3 -1  3  2  2  1  0  4  0
 -3 -1  3  3  1  1 -1  5  1
 -3 -1  3  3  1  1  1  3 -1
 -3  0 -1  4  2  3  2  1  0
 -3  1 -3  5  1  1  5  5  1
 -3  1  1  1 -3  5  5  5  1
 -3  1  1  1  1  1  1  1  1
 -3  2  1  0 -1  4  3  2  0
 -2 -1  0  3  2  1  2  1  0
 -2 -1  2  1  0  3  2  1  0
 -2 -1  2  1  2  1  0  3  0
 -2  0 -1  3  0  3  2  1  1
 -2  0 -1  3  1  2  2  1  0
 -2  1  1  0 -1  3  2  2  0
 -1 -2  0  3  0  3  2  1  1
 -1 -2  0  3  1  2  2  1  0
 -1 -2  0  3  2  1  0  3  1
 -1 -2  0  3  2  1  1  2  0
 -1 -2  1  2  0  3  2  1  0
 -1 -2  1  2  2  1  0  3  0
 -1 -2  2  1  0  3  0  3  1
 -1 -2  2  1  0  3  1  2  0
 -1 -2  2  1  1  2  0  3  0
 -1 -1 -1  3 -1  3  3  3 -1
 -1 -1 -1  3  1  1  1  1  1
 -1 -1  1  1 -1  3  1  1  1
 -1 -1  1  1  1  1 -1  3  1
 -1 -1  1  1  1  1  1  1 -1
 -1  0 -2  3  1  0  3  2  1
 -1  0  0  1  0  1  1  0  1
 -1  0  0  1  1  0  0  1  1
 -1  0  1  0 -2  3  3  2  1
 -1  0  1  0  0  1  0  1  1
 -1  1 -1  1 -1  1  3  1  1
 -1  1 -1  1  1 -1  1  3  1
 -1  1  0  0 -2  3  2  3  1
 -1  1  0  0 -1  2  2  1  0
 -1  1  0  0  0  0  1  1  1
 -1  1  1 -1 -3  5  3  3  1
 -1  1  1 -1 -1  1  1  3  1
  0 -1 -2  3  0  1  3  2  1
  0 -1 -2  3  0  2  1  3  1
  0 -1  0  1 -2  3  3  2  1
  0 -1  0  1  0  1  0  1  1
  0  0 -1  1 -2  3  2  3  1
  0  0 -1  1  0  0  1  1  1
  0  0  0  0 -1  1  1  1  1
  0  0  0  0  0  0  0  0  1
  0  0  0  0  0  0  0  1 -1
  0  0  0  0  0  0  1 -1  0
  0  0  0  0  0  1 -1  0  0
  0  0  0  0  1 -1  0  0  0
  0  0  0  1 -1  0  0  0  0
  0  0  1 -1  0  0  0  0  0
  0  1 -1  0  0  0  0  0  0
  1 -1 -1  1 -3  5  3  3  1
  1 -1 -1  1 -1  1  1  3  1
  1 -1  0  0  0  0  0  0  0


