67 Hilbert basis elements
38 extreme rays
39 support hyperplanes

embedding dimension = 8
rank = 8 (maximal)
external index = 1

size of partial triangulation   = 67
resulting sum of |det|s = 227

No implicit grading found

rank of class group = 31
class group is free

***********************************************************************

67 Hilbert basis elements:
  1  1  1  0 0 0 0 0
  1  1  1  1 1 1 0 0
  1  1  1  1 1 1 1 0
  1  1  1  1 1 1 1 1
  2  1  1  1 1 0 0 0
  2  1  1  1 1 1 1 0
  2  1  1  1 1 1 1 1
  2  2  1  1 1 1 1 0
  2  2  1  1 1 1 1 1
  2  2  2  2 1 1 1 0
  2  2  2  2 1 1 1 1
  2  2  2  2 2 1 1 0
  2  2  2  2 2 1 1 1
  3  1  1  1 1 1 1 0
  3  2  2  2 1 1 1 0
  3  2  2  2 1 1 1 1
  3  3  2  2 1 1 0 0
  3  3  2  2 1 1 1 1
  3  3  2  2 2 1 1 0
  3  3  2  2 2 1 1 1
  3  3  3  3 1 1 1 0
  3  3  3  3 2 1 1 1
  3  3  3  3 3 1 1 1
  4  2  2  2 2 2 1 1
  4  3  2  2 1 1 1 1
  4  3  2  2 2 2 1 1
  4  4  2  2 2 2 1 1
  4  4  3  3 1 1 1 1
  4  4  3  3 2 1 1 0
  4  4  3  3 2 1 1 1
  4  4  3  3 3 1 1 1
  4  4  4  4 2 1 1 1
  4  4  4  4 2 2 1 1
  5  3  2  2 2 2 1 1
  5  3  3  3 2 2 1 1
  5  4  4  4 2 2 1 1
  5  5  3  3 2 1 1 1
  5  5  3  3 3 1 1 0
  5  5  3  3 3 2 1 1
  5  5  4  4 3 1 1 1
  5  5  5  5 2 2 2 2
  6  3  3  3 2 2 1 1
  6  4  3  3 2 2 1 1
  6  4  4  4 2 2 1 1
  6  5  5  5 2 2 1 1
  6  5  5  5 2 2 2 2
  6  6  3  3 3 2 2 2
  6  6  4  4 4 1 1 1
  6  6  4  4 4 2 1 1
  7  5  5  5 2 2 2 2
  7  7  4  4 4 2 1 1
  7  7  4  4 4 2 2 2
  7  7  7  7 3 3 2 2
  8  7  6  6 3 2 1 1
  8  8  5  5 4 2 1 1
  9  5  5  5 3 3 3 3
  9  6  4  4 4 3 3 3
  9  8  8  8 3 3 3 3
  9  9  5  5 3 3 3 2
  9  9  9  9 4 4 2 2
 10 10 10 10 4 4 3 3
 11  6  6  5 5 5 2 2
 11 10  9  9 4 3 2 2
 11 11  6  6 4 4 3 3
 12  6  6  5 5 5 3 3
 12 12  7  7 4 4 4 4
 13 13  8  8 7 3 2 2

38 extreme rays:
  1  1  1  0 0 0 0 0
  1  1  1  1 1 1 0 0
  1  1  1  1 1 1 1 0
  1  1  1  1 1 1 1 1
  2  1  1  1 1 0 0 0
  2  1  1  1 1 1 1 1
  2  2  1  1 1 1 1 0
  2  2  1  1 1 1 1 1
  2  2  2  2 2 1 1 0
  3  1  1  1 1 1 1 0
  3  3  2  2 1 1 0 0
  3  3  3  3 1 1 1 0
  3  3  3  3 3 1 1 1
  4  2  2  2 2 2 1 1
  4  3  2  2 1 1 1 1
  4  4  2  2 2 2 1 1
  4  4  3  3 1 1 1 1
  4  4  4  4 2 1 1 1
  5  3  2  2 2 2 1 1
  5  5  3  3 2 1 1 1
  5  5  3  3 3 1 1 0
  5  5  5  5 2 2 2 2
  6  3  3  3 2 2 1 1
  6  5  5  5 2 2 1 1
  6  6  3  3 3 2 2 2
  6  6  4  4 4 1 1 1
  7  5  5  5 2 2 2 2
  7  7  4  4 4 2 1 1
  9  5  5  5 3 3 3 3
  9  6  4  4 4 3 3 3
  9  8  8  8 3 3 3 3
  9  9  5  5 3 3 3 2
  9  9  9  9 4 4 2 2
 10 10 10 10 4 4 3 3
 11  6  6  5 5 5 2 2
 11 11  6  6 4 4 3 3
 12  6  6  5 5 5 3 3
 12 12  7  7 4 4 4 4

39 support hyperplanes:
 -5 -2  7  4  1  4  1 -2
 -5  4  1 -2  7  4  1 -2
 -5  4  1  4  1 -2  7 -2
 -2 -5  7  1  4  4  1 -2
 -2 -2  4  1  1  1  1  1
 -2 -1  3  2  1  1  0 -1
 -2  1  1 -2  4  1  1  1
 -2  1  1  1  1 -2  4  1
 -2  1  1  1  1  1  1 -2
 -2  2  1  1  0 -1  3 -1
 -1 -4  5 -1  5  2  2 -1
 -1 -4  5  2 -1  5  2 -1
 -1 -2  3  1  2  1  0 -1
 -1 -1  2 -1  2  2 -1  2
 -1 -1  2  1  1  0  0  0
 -1 -1  2  2 -1 -1  2  2
 -1  0  1  0  1  0  1  0
 -1  0  1  1  1  0  0 -1
 -1  1  1  0  0 -1  2  0
 -1  1  1  0  0  0  1 -1
 -1  2 -1 -4  5  5  2 -1
 -1  2 -1 -1  2 -1  2  2
  0 -1  1  0  0  1  1  0
  0  0  0 -1  1  1  1  0
  0  0  0  0  0  0  0  1
  0  0  0  0  0  0  1 -1
  0  0  0  0  0  1 -1  0
  0  0  0  0  1 -1  0  0
  0  0  0  1 -1  0  0  0
  0  0  1 -1  0  0  0  0
  0  1 -1  0  0  0  0  0
  1 -2  1 -2  1  4  1  1
  1 -2  1  1 -2  1  4  1
  1 -1  0  0  0  0  0  0
  1  0 -1 -2  3  2  1 -1
  1  1 -2 -5  7  4  4 -2
  1  1 -2 -2  1  1  4  1
  2 -1 -1 -4  5  2  5 -1
  2 -1 -1 -1 -1  2  2  2


