15 Hilbert basis elements
10 extreme rays
10 support hyperplanes

embedding dimension = 7
rank = 7 (maximal)
external index = 1

size of partial triangulation   = 5
resulting sum of |det|s = 19

No implicit grading found

rank of class group = 3
finite cyclic summands:
2: 1  

***********************************************************************

15 Hilbert basis elements:
 1 1 1 0 0 0 0
 1 1 1 1 1 1 0
 1 1 1 1 1 1 1
 2 1 1 1 1 0 0
 2 1 1 1 1 1 1
 2 2 1 1 1 1 1
 2 2 2 2 1 1 1
 2 2 2 2 2 1 1
 3 1 1 1 1 1 1
 3 2 2 2 1 1 1
 3 3 2 2 1 1 0
 3 3 2 2 2 1 1
 3 3 3 3 1 1 1
 4 4 3 3 2 1 1
 5 5 3 3 3 1 1

10 extreme rays:
 1 1 1 0 0 0 0
 1 1 1 1 1 1 0
 1 1 1 1 1 1 1
 2 1 1 1 1 0 0
 2 2 1 1 1 1 1
 2 2 2 2 2 1 1
 3 1 1 1 1 1 1
 3 3 2 2 1 1 0
 3 3 3 3 1 1 1
 5 5 3 3 3 1 1

10 support hyperplanes:
 -1 -1  2 -1  2  2 -1
 -1 -1  2  2 -1 -1  2
 -1  2 -1 -1  2 -1  2
  0  0  0  0  0  1 -1
  0  0  0  0  1 -1  0
  0  0  0  1 -1  0  0
  0  0  1 -1  0  0  0
  0  1 -1  0  0  0  0
  1 -1  0  0  0  0  0
  2 -1 -1 -1 -1  2  2


